{"meta": {"format": 3, "version": "7.15.0", "timestamp": "2026-07-07T11:19:01.621333", "branch_coverage": false, "show_contexts": false}, "files": {"src/bugsift/__init__.py": {"executed_lines": [1], "summary": {"covered_lines": 1, "num_statements": 1, "percent_covered": 100.0, "percent_covered_display": "100", "missing_lines": 0, "excluded_lines": 0, "percent_statements_covered": 100.0, "percent_statements_covered_display": "100"}, "missing_lines": [], "excluded_lines": [], "functions": {"": {"executed_lines": [1], "summary": {"covered_lines": 1, "num_statements": 1, "percent_covered": 100.0, "percent_covered_display": "100", "missing_lines": 0, "excluded_lines": 0, "percent_statements_covered": 100.0, "percent_statements_covered_display": "100"}, "missing_lines": [], "excluded_lines": [], "start_line": 1}}, "classes": {"": {"executed_lines": [1], "summary": {"covered_lines": 1, "num_statements": 1, "percent_covered": 100.0, "percent_covered_display": "100", "missing_lines": 0, "excluded_lines": 0, "percent_statements_covered": 100.0, "percent_statements_covered_display": "100"}, "missing_lines": [], "excluded_lines": [], "start_line": 1}}}, "src/bugsift/agent/__init__.py": {"executed_lines": [], "summary": {"covered_lines": 0, "num_statements": 0, "percent_covered": 100.0, "percent_covered_display": "100", "missing_lines": 0, "excluded_lines": 0, "percent_statements_covered": 100.0, "percent_statements_covered_display": "100"}, "missing_lines": [], "excluded_lines": [], "functions": {"": {"executed_lines": [], "summary": {"covered_lines": 0, "num_statements": 0, "percent_covered": 100.0, "percent_covered_display": "100", "missing_lines": 0, "excluded_lines": 0, "percent_statements_covered": 100.0, "percent_statements_covered_display": "100"}, "missing_lines": [], "excluded_lines": [], "start_line": 1}}, "classes": {"": {"executed_lines": [], "summary": {"covered_lines": 0, "num_statements": 0, "percent_covered": 100.0, "percent_covered_display": "100", "missing_lines": 0, "excluded_lines": 0, "percent_statements_covered": 100.0, "percent_statements_covered_display": "100"}, "missing_lines": [], "excluded_lines": [], "start_line": 1}}}, "src/bugsift/agent/orchestrator.py": {"executed_lines": [10, 12, 13, 15, 17, 18, 19, 20, 21, 22, 23, 24, 25, 26, 27, 29, 32, 36, 139], "summary": {"covered_lines": 19, "num_statements": 59, "percent_covered": 32.20338983050848, "percent_covered_display": "32", "missing_lines": 40, "excluded_lines": 3, "percent_statements_covered": 32.20338983050848, "percent_statements_covered_display": "32"}, "missing_lines": [54, 55, 56, 59, 60, 61, 65, 66, 67, 69, 70, 76, 77, 81, 83, 84, 91, 93, 95, 96, 104, 105, 112, 113, 119, 120, 125, 126, 130, 134, 135, 136, 142, 143, 144, 145, 146, 147, 148, 151], "excluded_lines": [33, 34, 35], "functions": {"_Embedder.embed": {"executed_lines": [], "summary": {"covered_lines": 0, "num_statements": 0, "percent_covered": 100.0, "percent_covered_display": "100", "missing_lines": 0, "excluded_lines": 1, "percent_statements_covered": 100.0, "percent_statements_covered_display": "100"}, "missing_lines": [], "excluded_lines": [33], "start_line": 33}, "run": {"executed_lines": [], "summary": {"covered_lines": 0, "num_statements": 32, "percent_covered": 0.0, "percent_covered_display": "0", "missing_lines": 32, "excluded_lines": 0, "percent_statements_covered": 0.0, "percent_statements_covered_display": "0"}, "missing_lines": [54, 55, 56, 59, 60, 61, 65, 66, 67, 69, 70, 76, 77, 81, 83, 84, 91, 93, 95, 96, 104, 105, 112, 113, 119, 120, 125, 126, 130, 134, 135, 136], "excluded_lines": [], "start_line": 36}, "_draft_if_possible": {"executed_lines": [], "summary": {"covered_lines": 0, "num_statements": 8, "percent_covered": 0.0, "percent_covered_display": "0", "missing_lines": 8, "excluded_lines": 0, "percent_statements_covered": 0.0, "percent_statements_covered_display": "0"}, "missing_lines": [142, 143, 144, 145, 146, 147, 148, 151], "excluded_lines": [], "start_line": 139}, "": {"executed_lines": [10, 12, 13, 15, 17, 18, 19, 20, 21, 22, 23, 24, 25, 26, 27, 29, 32, 36, 139], "summary": {"covered_lines": 19, "num_statements": 19, "percent_covered": 100.0, "percent_covered_display": "100", "missing_lines": 0, "excluded_lines": 2, "percent_statements_covered": 100.0, "percent_statements_covered_display": "100"}, "missing_lines": [], "excluded_lines": [34, 35], "start_line": 1}}, "classes": {"_Embedder": {"executed_lines": [], "summary": {"covered_lines": 0, "num_statements": 0, "percent_covered": 100.0, "percent_covered_display": "100", "missing_lines": 0, "excluded_lines": 1, "percent_statements_covered": 100.0, "percent_statements_covered_display": "100"}, "missing_lines": [], "excluded_lines": [33], "start_line": 32}, "": {"executed_lines": [10, 12, 13, 15, 17, 18, 19, 20, 21, 22, 23, 24, 25, 26, 27, 29, 32, 36, 139], "summary": {"covered_lines": 19, "num_statements": 59, "percent_covered": 32.20338983050848, "percent_covered_display": "32", "missing_lines": 40, "excluded_lines": 2, "percent_statements_covered": 32.20338983050848, "percent_statements_covered_display": "32"}, "missing_lines": [54, 55, 56, 59, 60, 61, 65, 66, 67, 69, 70, 76, 77, 81, 83, 84, 91, 93, 95, 96, 104, 105, 112, 113, 119, 120, 125, 126, 130, 134, 135, 136, 142, 143, 144, 145, 146, 147, 148, 151], "excluded_lines": [34, 35], "start_line": 1}}}, "src/bugsift/agent/prompts/__init__.py": {"executed_lines": [6, 8, 9, 10, 12, 14, 17, 18, 29], "summary": {"covered_lines": 9, "num_statements": 11, "percent_covered": 81.81818181818181, "percent_covered_display": "82", "missing_lines": 2, "excluded_lines": 0, "percent_statements_covered": 81.81818181818181, "percent_statements_covered_display": "82"}, "missing_lines": [19, 30], "excluded_lines": [], "functions": {"_env": {"executed_lines": [], "summary": {"covered_lines": 0, "num_statements": 1, "percent_covered": 0.0, "percent_covered_display": "0", "missing_lines": 1, "excluded_lines": 0, "percent_statements_covered": 0.0, "percent_statements_covered_display": "0"}, "missing_lines": [19], "excluded_lines": [], "start_line": 18}, "render": {"executed_lines": [], "summary": {"covered_lines": 0, "num_statements": 1, "percent_covered": 0.0, "percent_covered_display": "0", "missing_lines": 1, "excluded_lines": 0, "percent_statements_covered": 0.0, "percent_statements_covered_display": "0"}, "missing_lines": [30], "excluded_lines": [], "start_line": 29}, "": {"executed_lines": [6, 8, 9, 10, 12, 14, 17, 18, 29], "summary": {"covered_lines": 9, "num_statements": 9, "percent_covered": 100.0, "percent_covered_display": "100", "missing_lines": 0, "excluded_lines": 0, "percent_statements_covered": 100.0, "percent_statements_covered_display": "100"}, "missing_lines": [], "excluded_lines": [], "start_line": 1}}, "classes": {"": {"executed_lines": [6, 8, 9, 10, 12, 14, 17, 18, 29], "summary": {"covered_lines": 9, "num_statements": 11, "percent_covered": 81.81818181818181, "percent_covered_display": "82", "missing_lines": 2, "excluded_lines": 0, "percent_statements_covered": 81.81818181818181, "percent_statements_covered_display": "82"}, "missing_lines": [19, 30], "excluded_lines": [], "start_line": 1}}}, "src/bugsift/agent/severity.py": {"executed_lines": [33, 35, 37, 39, 42, 60, 71], "summary": {"covered_lines": 7, "num_statements": 34, "percent_covered": 20.58823529411765, "percent_covered_display": "21", "missing_lines": 27, "excluded_lines": 0, "percent_statements_covered": 20.58823529411765, "percent_statements_covered_display": "21"}, "missing_lines": [45, 46, 47, 49, 50, 51, 52, 53, 54, 55, 57, 61, 62, 63, 64, 65, 66, 67, 68, 72, 73, 74, 75, 76, 77, 78, 79], "excluded_lines": [], "functions": {"compute_severity": {"executed_lines": [], "summary": {"covered_lines": 0, "num_statements": 11, "percent_covered": 0.0, "percent_covered_display": "0", "missing_lines": 11, "excluded_lines": 0, "percent_statements_covered": 0.0, "percent_statements_covered_display": "0"}, "missing_lines": [45, 46, 47, 49, 50, 51, 52, 53, 54, 55, 57], "excluded_lines": [], "start_line": 42}, "_base_for_classification": {"executed_lines": [], "summary": {"covered_lines": 0, "num_statements": 8, "percent_covered": 0.0, "percent_covered_display": "0", "missing_lines": 8, "excluded_lines": 0, "percent_statements_covered": 0.0, "percent_statements_covered_display": "0"}, "missing_lines": [61, 62, 63, 64, 65, 66, 67, 68], "excluded_lines": [], "start_line": 60}, "_bump": {"executed_lines": [], "summary": {"covered_lines": 0, "num_statements": 8, "percent_covered": 0.0, "percent_covered_display": "0", "missing_lines": 8, "excluded_lines": 0, "percent_statements_covered": 0.0, "percent_statements_covered_display": "0"}, "missing_lines": [72, 73, 74, 75, 76, 77, 78, 79], "excluded_lines": [], "start_line": 71}, "": {"executed_lines": [33, 35, 37, 39, 42, 60, 71], "summary": {"covered_lines": 7, "num_statements": 7, "percent_covered": 100.0, "percent_covered_display": "100", "missing_lines": 0, "excluded_lines": 0, "percent_statements_covered": 100.0, "percent_statements_covered_display": "100"}, "missing_lines": [], "excluded_lines": [], "start_line": 1}}, "classes": {"": {"executed_lines": [33, 35, 37, 39, 42, 60, 71], "summary": {"covered_lines": 7, "num_statements": 34, "percent_covered": 20.58823529411765, "percent_covered_display": "21", "missing_lines": 27, "excluded_lines": 0, "percent_statements_covered": 20.58823529411765, "percent_statements_covered_display": "21"}, "missing_lines": [45, 46, 47, 49, 50, 51, 52, 53, 54, 55, 57, 61, 62, 63, 64, 65, 66, 67, 68, 72, 73, 74, 75, 76, 77, 78, 79], "excluded_lines": [], "start_line": 1}}}, "src/bugsift/agent/state.py": {"executed_lines": [12, 14, 15, 17, 18, 19, 22, 23, 24, 25, 26, 29, 30, 31, 32, 33, 36, 37, 45, 46, 47, 48, 49, 50, 51, 52, 53, 56, 57, 58, 59, 60, 61, 62, 65, 66, 68, 69, 70, 71, 72, 73, 74, 75, 76, 79, 80, 81, 82, 83, 84, 87, 90, 91, 92, 93, 94, 97, 98, 99, 100, 101, 102, 103, 106, 107, 108, 113, 122, 125, 127, 132], "summary": {"covered_lines": 72, "num_statements": 76, "percent_covered": 94.73684210526316, "percent_covered_display": "95", "missing_lines": 4, "excluded_lines": 0, "percent_statements_covered": 94.73684210526316, "percent_statements_covered_display": "95"}, "missing_lines": [128, 129, 130, 133], "excluded_lines": [], "functions": {"TriageState.short_circuit": {"executed_lines": [], "summary": {"covered_lines": 0, "num_statements": 3, "percent_covered": 0.0, "percent_covered_display": "0", "missing_lines": 3, "excluded_lines": 0, "percent_statements_covered": 0.0, "percent_statements_covered_display": "0"}, "missing_lines": [128, 129, 130], "excluded_lines": [], "start_line": 127}, "TriageState.total_cost_usd": {"executed_lines": [], "summary": {"covered_lines": 0, "num_statements": 1, "percent_covered": 0.0, "percent_covered_display": "0", "missing_lines": 1, "excluded_lines": 0, "percent_statements_covered": 0.0, "percent_statements_covered_display": "0"}, "missing_lines": [133], "excluded_lines": [], "start_line": 132}, "": {"executed_lines": [12, 14, 15, 17, 18, 19, 22, 23, 24, 25, 26, 29, 30, 31, 32, 33, 36, 37, 45, 46, 47, 48, 49, 50, 51, 52, 53, 56, 57, 58, 59, 60, 61, 62, 65, 66, 68, 69, 70, 71, 72, 73, 74, 75, 76, 79, 80, 81, 82, 83, 84, 87, 90, 91, 92, 93, 94, 97, 98, 99, 100, 101, 102, 103, 106, 107, 108, 113, 122, 125, 127, 132], "summary": {"covered_lines": 72, "num_statements": 72, "percent_covered": 100.0, "percent_covered_display": "100", "missing_lines": 0, "excluded_lines": 0, "percent_statements_covered": 100.0, "percent_statements_covered_display": "100"}, "missing_lines": [], "excluded_lines": [], "start_line": 1}}, "classes": {"DuplicateCandidate": {"executed_lines": [], "summary": {"covered_lines": 0, "num_statements": 0, "percent_covered": 100.0, "percent_covered_display": "100", "missing_lines": 0, "excluded_lines": 0, "percent_statements_covered": 100.0, "percent_statements_covered_display": "100"}, "missing_lines": [], "excluded_lines": [], "start_line": 23}, "SuspectedFile": {"executed_lines": [], "summary": {"covered_lines": 0, "num_statements": 0, "percent_covered": 100.0, "percent_covered_display": "100", "missing_lines": 0, "excluded_lines": 0, "percent_statements_covered": 100.0, "percent_statements_covered_display": "100"}, "missing_lines": [], "excluded_lines": [], "start_line": 30}, "RegressionSuspectRecord": {"executed_lines": [], "summary": {"covered_lines": 0, "num_statements": 0, "percent_covered": 100.0, "percent_covered_display": "100", "missing_lines": 0, "excluded_lines": 0, "percent_statements_covered": 100.0, "percent_statements_covered_display": "100"}, "missing_lines": [], "excluded_lines": [], "start_line": 37}, "LLMCallRecord": {"executed_lines": [], "summary": {"covered_lines": 0, "num_statements": 0, "percent_covered": 100.0, "percent_covered_display": "100", "missing_lines": 0, "excluded_lines": 0, "percent_statements_covered": 100.0, "percent_statements_covered_display": "100"}, "missing_lines": [], "excluded_lines": [], "start_line": 57}, "TriageState": {"executed_lines": [], "summary": {"covered_lines": 0, "num_statements": 4, "percent_covered": 0.0, "percent_covered_display": "0", "missing_lines": 4, "excluded_lines": 0, "percent_statements_covered": 0.0, "percent_statements_covered_display": "0"}, "missing_lines": [128, 129, 130, 133], "excluded_lines": [], "start_line": 66}, "": {"executed_lines": [12, 14, 15, 17, 18, 19, 22, 23, 24, 25, 26, 29, 30, 31, 32, 33, 36, 37, 45, 46, 47, 48, 49, 50, 51, 52, 53, 56, 57, 58, 59, 60, 61, 62, 65, 66, 68, 69, 70, 71, 72, 73, 74, 75, 76, 79, 80, 81, 82, 83, 84, 87, 90, 91, 92, 93, 94, 97, 98, 99, 100, 101, 102, 103, 106, 107, 108, 113, 122, 125, 127, 132], "summary": {"covered_lines": 72, "num_statements": 72, "percent_covered": 100.0, "percent_covered_display": "100", "missing_lines": 0, "excluded_lines": 0, "percent_statements_covered": 100.0, "percent_statements_covered_display": "100"}, "missing_lines": [], "excluded_lines": [], "start_line": 1}}}, "src/bugsift/agent/steps/__init__.py": {"executed_lines": [], "summary": {"covered_lines": 0, "num_statements": 0, "percent_covered": 100.0, "percent_covered_display": "100", "missing_lines": 0, "excluded_lines": 0, "percent_statements_covered": 100.0, "percent_statements_covered_display": "100"}, "missing_lines": [], "excluded_lines": [], "functions": {"": {"executed_lines": [], "summary": {"covered_lines": 0, "num_statements": 0, "percent_covered": 100.0, "percent_covered_display": "100", "missing_lines": 0, "excluded_lines": 0, "percent_statements_covered": 100.0, "percent_statements_covered_display": "100"}, "missing_lines": [], "excluded_lines": [], "start_line": 1}}, "classes": {"": {"executed_lines": [], "summary": {"covered_lines": 0, "num_statements": 0, "percent_covered": 100.0, "percent_covered_display": "100", "missing_lines": 0, "excluded_lines": 0, "percent_statements_covered": 100.0, "percent_statements_covered_display": "100"}, "missing_lines": [], "excluded_lines": [], "start_line": 1}}}, "src/bugsift/agent/steps/_json_parse.py": {"executed_lines": [8, 10, 11, 12, 14, 17], "summary": {"covered_lines": 6, "num_statements": 22, "percent_covered": 27.272727272727273, "percent_covered_display": "27", "missing_lines": 16, "excluded_lines": 0, "percent_statements_covered": 27.272727272727273, "percent_statements_covered_display": "27"}, "missing_lines": [18, 19, 20, 21, 23, 24, 25, 26, 27, 28, 29, 30, 31, 32, 33, 34], "excluded_lines": [], "functions": {"parse_json_object": {"executed_lines": [], "summary": {"covered_lines": 0, "num_statements": 16, "percent_covered": 0.0, "percent_covered_display": "0", "missing_lines": 16, "excluded_lines": 0, "percent_statements_covered": 0.0, "percent_statements_covered_display": "0"}, "missing_lines": [18, 19, 20, 21, 23, 24, 25, 26, 27, 28, 29, 30, 31, 32, 33, 34], "excluded_lines": [], "start_line": 17}, "": {"executed_lines": [8, 10, 11, 12, 14, 17], "summary": {"covered_lines": 6, "num_statements": 6, "percent_covered": 100.0, "percent_covered_display": "100", "missing_lines": 0, "excluded_lines": 0, "percent_statements_covered": 100.0, "percent_statements_covered_display": "100"}, "missing_lines": [], "excluded_lines": [], "start_line": 1}}, "classes": {"": {"executed_lines": [8, 10, 11, 12, 14, 17], "summary": {"covered_lines": 6, "num_statements": 22, "percent_covered": 27.272727272727273, "percent_covered_display": "27", "missing_lines": 16, "excluded_lines": 0, "percent_statements_covered": 27.272727272727273, "percent_statements_covered_display": "27"}, "missing_lines": [18, 19, 20, 21, 23, 24, 25, 26, 27, 28, 29, 30, 31, 32, 33, 34], "excluded_lines": [], "start_line": 1}}}, "src/bugsift/agent/steps/assignment.py": {"executed_lines": [13, 15, 17, 19, 20, 21, 23, 26], "summary": {"covered_lines": 8, "num_statements": 24, "percent_covered": 33.333333333333336, "percent_covered_display": "33", "missing_lines": 16, "excluded_lines": 0, "percent_statements_covered": 33.333333333333336, "percent_statements_covered_display": "33"}, "missing_lines": [29, 30, 31, 32, 33, 34, 35, 36, 37, 41, 42, 43, 44, 45, 46, 52], "excluded_lines": [], "functions": {"run": {"executed_lines": [], "summary": {"covered_lines": 0, "num_statements": 16, "percent_covered": 0.0, "percent_covered_display": "0", "missing_lines": 16, "excluded_lines": 0, "percent_statements_covered": 0.0, "percent_statements_covered_display": "0"}, "missing_lines": [29, 30, 31, 32, 33, 34, 35, 36, 37, 41, 42, 43, 44, 45, 46, 52], "excluded_lines": [], "start_line": 26}, "": {"executed_lines": [13, 15, 17, 19, 20, 21, 23, 26], "summary": {"covered_lines": 8, "num_statements": 8, "percent_covered": 100.0, "percent_covered_display": "100", "missing_lines": 0, "excluded_lines": 0, "percent_statements_covered": 100.0, "percent_statements_covered_display": "100"}, "missing_lines": [], "excluded_lines": [], "start_line": 1}}, "classes": {"": {"executed_lines": [13, 15, 17, 19, 20, 21, 23, 26], "summary": {"covered_lines": 8, "num_statements": 24, "percent_covered": 33.333333333333336, "percent_covered_display": "33", "missing_lines": 16, "excluded_lines": 0, "percent_statements_covered": 33.333333333333336, "percent_statements_covered_display": "33"}, "missing_lines": [29, 30, 31, 32, 33, 34, 35, 36, 37, 41, 42, 43, 44, 45, 46, 52], "excluded_lines": [], "start_line": 1}}}, "src/bugsift/agent/steps/classify.py": {"executed_lines": [8, 10, 12, 13, 14, 15, 17, 19, 20, 21, 24], "summary": {"covered_lines": 11, "num_statements": 32, "percent_covered": 34.375, "percent_covered_display": "34", "missing_lines": 21, "excluded_lines": 0, "percent_statements_covered": 34.375, "percent_statements_covered_display": "34"}, "missing_lines": [25, 34, 39, 49, 50, 51, 52, 53, 54, 55, 56, 57, 63, 65, 66, 67, 69, 70, 71, 72, 73], "excluded_lines": [], "functions": {"run": {"executed_lines": [], "summary": {"covered_lines": 0, "num_statements": 21, "percent_covered": 0.0, "percent_covered_display": "0", "missing_lines": 21, "excluded_lines": 0, "percent_statements_covered": 0.0, "percent_statements_covered_display": "0"}, "missing_lines": [25, 34, 39, 49, 50, 51, 52, 53, 54, 55, 56, 57, 63, 65, 66, 67, 69, 70, 71, 72, 73], "excluded_lines": [], "start_line": 24}, "": {"executed_lines": [8, 10, 12, 13, 14, 15, 17, 19, 20, 21, 24], "summary": {"covered_lines": 11, "num_statements": 11, "percent_covered": 100.0, "percent_covered_display": "100", "missing_lines": 0, "excluded_lines": 0, "percent_statements_covered": 100.0, "percent_statements_covered_display": "100"}, "missing_lines": [], "excluded_lines": [], "start_line": 1}}, "classes": {"": {"executed_lines": [8, 10, 12, 13, 14, 15, 17, 19, 20, 21, 24], "summary": {"covered_lines": 11, "num_statements": 32, "percent_covered": 34.375, "percent_covered_display": "34", "missing_lines": 21, "excluded_lines": 0, "percent_statements_covered": 34.375, "percent_statements_covered_display": "34"}, "missing_lines": [25, 34, 39, 49, 50, 51, 52, 53, 54, 55, 56, 57, 63, 65, 66, 67, 69, 70, 71, 72, 73], "excluded_lines": [], "start_line": 1}}}, "src/bugsift/agent/steps/comment.py": {"executed_lines": [8, 10, 12, 13, 14, 15, 17, 19, 20, 28], "summary": {"covered_lines": 10, "num_statements": 38, "percent_covered": 26.31578947368421, "percent_covered_display": "26", "missing_lines": 28, "excluded_lines": 0, "percent_statements_covered": 26.31578947368421, "percent_statements_covered_display": "26"}, "missing_lines": [29, 31, 32, 33, 35, 52, 57, 67, 68, 69, 70, 71, 72, 73, 74, 75, 76, 77, 78, 79, 85, 88, 89, 90, 92, 93, 94, 95], "excluded_lines": [], "functions": {"run": {"executed_lines": [], "summary": {"covered_lines": 0, "num_statements": 28, "percent_covered": 0.0, "percent_covered_display": "0", "missing_lines": 28, "excluded_lines": 0, "percent_statements_covered": 0.0, "percent_statements_covered_display": "0"}, "missing_lines": [29, 31, 32, 33, 35, 52, 57, 67, 68, 69, 70, 71, 72, 73, 74, 75, 76, 77, 78, 79, 85, 88, 89, 90, 92, 93, 94, 95], "excluded_lines": [], "start_line": 28}, "": {"executed_lines": [8, 10, 12, 13, 14, 15, 17, 19, 20, 28], "summary": {"covered_lines": 10, "num_statements": 10, "percent_covered": 100.0, "percent_covered_display": "100", "missing_lines": 0, "excluded_lines": 0, "percent_statements_covered": 100.0, "percent_statements_covered_display": "100"}, "missing_lines": [], "excluded_lines": [], "start_line": 1}}, "classes": {"": {"executed_lines": [8, 10, 12, 13, 14, 15, 17, 19, 20, 28], "summary": {"covered_lines": 10, "num_statements": 38, "percent_covered": 26.31578947368421, "percent_covered_display": "26", "missing_lines": 28, "excluded_lines": 0, "percent_statements_covered": 26.31578947368421, "percent_statements_covered_display": "26"}, "missing_lines": [29, 31, 32, 33, 35, 52, 57, 67, 68, 69, 70, 71, 72, 73, 74, 75, 76, 77, 78, 79, 85, 88, 89, 90, 92, 93, 94, 95], "excluded_lines": [], "start_line": 1}}}, "src/bugsift/agent/steps/dedup.py": {"executed_lines": [13, 15, 16, 18, 20, 21, 22, 23, 24, 26, 28, 29, 30, 31, 34, 38], "summary": {"covered_lines": 16, "num_statements": 52, "percent_covered": 30.76923076923077, "percent_covered_display": "31", "missing_lines": 36, "excluded_lines": 3, "percent_statements_covered": 30.76923076923077, "percent_statements_covered_display": "31"}, "missing_lines": [46, 47, 50, 52, 53, 54, 55, 60, 62, 71, 72, 74, 81, 86, 96, 97, 98, 99, 100, 101, 102, 103, 104, 105, 106, 107, 108, 114, 116, 117, 118, 119, 120, 121, 122, 127], "excluded_lines": [35, 36, 37], "functions": {"EmbedProvider.embed": {"executed_lines": [], "summary": {"covered_lines": 0, "num_statements": 0, "percent_covered": 100.0, "percent_covered_display": "100", "missing_lines": 0, "excluded_lines": 1, "percent_statements_covered": 100.0, "percent_statements_covered_display": "100"}, "missing_lines": [], "excluded_lines": [35], "start_line": 35}, "run": {"executed_lines": [], "summary": {"covered_lines": 0, "num_statements": 36, "percent_covered": 0.0, "percent_covered_display": "0", "missing_lines": 36, "excluded_lines": 0, "percent_statements_covered": 0.0, "percent_statements_covered_display": "0"}, "missing_lines": [46, 47, 50, 52, 53, 54, 55, 60, 62, 71, 72, 74, 81, 86, 96, 97, 98, 99, 100, 101, 102, 103, 104, 105, 106, 107, 108, 114, 116, 117, 118, 119, 120, 121, 122, 127], "excluded_lines": [], "start_line": 38}, "": {"executed_lines": [13, 15, 16, 18, 20, 21, 22, 23, 24, 26, 28, 29, 30, 31, 34, 38], "summary": {"covered_lines": 16, "num_statements": 16, "percent_covered": 100.0, "percent_covered_display": "100", "missing_lines": 0, "excluded_lines": 2, "percent_statements_covered": 100.0, "percent_statements_covered_display": "100"}, "missing_lines": [], "excluded_lines": [36, 37], "start_line": 1}}, "classes": {"EmbedProvider": {"executed_lines": [], "summary": {"covered_lines": 0, "num_statements": 0, "percent_covered": 100.0, "percent_covered_display": "100", "missing_lines": 0, "excluded_lines": 1, "percent_statements_covered": 100.0, "percent_statements_covered_display": "100"}, "missing_lines": [], "excluded_lines": [35], "start_line": 34}, "": {"executed_lines": [13, 15, 16, 18, 20, 21, 22, 23, 24, 26, 28, 29, 30, 31, 34, 38], "summary": {"covered_lines": 16, "num_statements": 52, "percent_covered": 30.76923076923077, "percent_covered_display": "31", "missing_lines": 36, "excluded_lines": 2, "percent_statements_covered": 30.76923076923077, "percent_statements_covered_display": "31"}, "missing_lines": [46, 47, 50, 52, 53, 54, 55, 60, 62, 71, 72, 74, 81, 86, 96, 97, 98, 99, 100, 101, 102, 103, 104, 105, 106, 107, 108, 114, 116, 117, 118, 119, 120, 121, 122, 127], "excluded_lines": [36, 37], "start_line": 1}}}, "src/bugsift/agent/steps/ingest.py": {"executed_lines": [7, 9, 11, 12, 15], "summary": {"covered_lines": 5, "num_statements": 14, "percent_covered": 35.714285714285715, "percent_covered_display": "36", "missing_lines": 9, "excluded_lines": 0, "percent_statements_covered": 35.714285714285715, "percent_statements_covered_display": "36"}, "missing_lines": [23, 28, 29, 30, 31, 32, 33, 34, 35], "excluded_lines": [], "functions": {"from_webhook_payload": {"executed_lines": [], "summary": {"covered_lines": 0, "num_statements": 9, "percent_covered": 0.0, "percent_covered_display": "0", "missing_lines": 9, "excluded_lines": 0, "percent_statements_covered": 0.0, "percent_statements_covered_display": "0"}, "missing_lines": [23, 28, 29, 30, 31, 32, 33, 34, 35], "excluded_lines": [], "start_line": 15}, "": {"executed_lines": [7, 9, 11, 12, 15], "summary": {"covered_lines": 5, "num_statements": 5, "percent_covered": 100.0, "percent_covered_display": "100", "missing_lines": 0, "excluded_lines": 0, "percent_statements_covered": 100.0, "percent_statements_covered_display": "100"}, "missing_lines": [], "excluded_lines": [], "start_line": 1}}, "classes": {"": {"executed_lines": [7, 9, 11, 12, 15], "summary": {"covered_lines": 5, "num_statements": 14, "percent_covered": 35.714285714285715, "percent_covered_display": "36", "missing_lines": 9, "excluded_lines": 0, "percent_statements_covered": 35.714285714285715, "percent_statements_covered_display": "36"}, "missing_lines": [23, 28, 29, 30, 31, 32, 33, 34, 35], "excluded_lines": [], "start_line": 1}}}, "src/bugsift/agent/steps/ingest_feedback.py": {"executed_lines": [16, 18, 19, 21, 22, 23, 25, 26, 29, 73, 93], "summary": {"covered_lines": 11, "num_statements": 54, "percent_covered": 20.37037037037037, "percent_covered_display": "20", "missing_lines": 43, "excluded_lines": 0, "percent_statements_covered": 20.37037037037037, "percent_statements_covered_display": "20"}, "missing_lines": [37, 38, 45, 46, 47, 48, 49, 50, 51, 52, 77, 78, 79, 80, 81, 82, 85, 86, 87, 88, 89, 90, 100, 102, 103, 104, 105, 106, 107, 108, 109, 113, 114, 115, 116, 117, 118, 119, 120, 121, 123, 124, 126], "excluded_lines": [], "functions": {"from_feedback_report": {"executed_lines": [], "summary": {"covered_lines": 0, "num_statements": 10, "percent_covered": 0.0, "percent_covered_display": "0", "missing_lines": 10, "excluded_lines": 0, "percent_statements_covered": 0.0, "percent_statements_covered_display": "0"}, "missing_lines": [37, 38, 45, 46, 47, 48, 49, 50, 51, 52], "excluded_lines": [], "start_line": 29}, "_synthesize_title": {"executed_lines": [], "summary": {"covered_lines": 0, "num_statements": 12, "percent_covered": 0.0, "percent_covered_display": "0", "missing_lines": 12, "excluded_lines": 0, "percent_statements_covered": 0.0, "percent_statements_covered_display": "0"}, "missing_lines": [77, 78, 79, 80, 81, 82, 85, 86, 87, 88, 89, 90], "excluded_lines": [], "start_line": 73}, "_assemble_body": {"executed_lines": [], "summary": {"covered_lines": 0, "num_statements": 21, "percent_covered": 0.0, "percent_covered_display": "0", "missing_lines": 21, "excluded_lines": 0, "percent_statements_covered": 0.0, "percent_statements_covered_display": "0"}, "missing_lines": [100, 102, 103, 104, 105, 106, 107, 108, 109, 113, 114, 115, 116, 117, 118, 119, 120, 121, 123, 124, 126], "excluded_lines": [], "start_line": 93}, "": {"executed_lines": [16, 18, 19, 21, 22, 23, 25, 26, 29, 73, 93], "summary": {"covered_lines": 11, "num_statements": 11, "percent_covered": 100.0, "percent_covered_display": "100", "missing_lines": 0, "excluded_lines": 0, "percent_statements_covered": 100.0, "percent_statements_covered_display": "100"}, "missing_lines": [], "excluded_lines": [], "start_line": 1}}, "classes": {"": {"executed_lines": [16, 18, 19, 21, 22, 23, 25, 26, 29, 73, 93], "summary": {"covered_lines": 11, "num_statements": 54, "percent_covered": 20.37037037037037, "percent_covered_display": "20", "missing_lines": 43, "excluded_lines": 0, "percent_statements_covered": 20.37037037037037, "percent_statements_covered_display": "20"}, "missing_lines": [37, 38, 45, 46, 47, 48, 49, 50, 51, 52, 77, 78, 79, 80, 81, 82, 85, 86, 87, 88, 89, 90, 100, 102, 103, 104, 105, 106, 107, 108, 109, 113, 114, 115, 116, 117, 118, 119, 120, 121, 123, 124, 126], "excluded_lines": [], "start_line": 1}}}, "src/bugsift/agent/steps/regression.py": {"executed_lines": [13, 15, 16, 18, 20, 21, 23, 25, 28], "summary": {"covered_lines": 9, "num_statements": 14, "percent_covered": 64.28571428571429, "percent_covered_display": "64", "missing_lines": 5, "excluded_lines": 0, "percent_statements_covered": 64.28571428571429, "percent_statements_covered_display": "64"}, "missing_lines": [34, 35, 36, 42, 56], "excluded_lines": [], "functions": {"run": {"executed_lines": [], "summary": {"covered_lines": 0, "num_statements": 5, "percent_covered": 0.0, "percent_covered_display": "0", "missing_lines": 5, "excluded_lines": 0, "percent_statements_covered": 0.0, "percent_statements_covered_display": "0"}, "missing_lines": [34, 35, 36, 42, 56], "excluded_lines": [], "start_line": 28}, "": {"executed_lines": [13, 15, 16, 18, 20, 21, 23, 25, 28], "summary": {"covered_lines": 9, "num_statements": 9, "percent_covered": 100.0, "percent_covered_display": "100", "missing_lines": 0, "excluded_lines": 0, "percent_statements_covered": 100.0, "percent_statements_covered_display": "100"}, "missing_lines": [], "excluded_lines": [], "start_line": 1}}, "classes": {"": {"executed_lines": [13, 15, 16, 18, 20, 21, 23, 25, 28], "summary": {"covered_lines": 9, "num_statements": 14, "percent_covered": 64.28571428571429, "percent_covered_display": "64", "missing_lines": 5, "excluded_lines": 0, "percent_statements_covered": 64.28571428571429, "percent_statements_covered_display": "64"}, "missing_lines": [34, 35, 36, 42, 56], "excluded_lines": [], "start_line": 1}}}, "src/bugsift/agent/steps/reproduction.py": {"executed_lines": [24, 26, 27, 29, 30, 31, 32, 33, 35, 37, 41, 53, 58, 59, 62, 157, 169, 182], "summary": {"covered_lines": 18, "num_statements": 86, "percent_covered": 20.930232558139537, "percent_covered_display": "21", "missing_lines": 68, "excluded_lines": 5, "percent_statements_covered": 20.930232558139537, "percent_statements_covered_display": "21"}, "missing_lines": [68, 69, 71, 72, 73, 76, 78, 79, 80, 81, 85, 87, 96, 101, 111, 112, 113, 114, 115, 116, 122, 123, 124, 126, 127, 128, 129, 131, 132, 133, 134, 135, 136, 143, 144, 145, 146, 147, 148, 149, 150, 152, 153, 154, 158, 159, 160, 161, 162, 163, 164, 165, 166, 172, 173, 174, 175, 176, 177, 178, 179, 183, 184, 185, 186, 187, 188, 191], "excluded_lines": [137, 138, 139, 140, 141], "functions": {"run": {"executed_lines": [], "summary": {"covered_lines": 0, "num_statements": 44, "percent_covered": 0.0, "percent_covered_display": "0", "missing_lines": 44, "excluded_lines": 5, "percent_statements_covered": 0.0, "percent_statements_covered_display": "0"}, "missing_lines": [68, 69, 71, 72, 73, 76, 78, 79, 80, 81, 85, 87, 96, 101, 111, 112, 113, 114, 115, 116, 122, 123, 124, 126, 127, 128, 129, 131, 132, 133, 134, 135, 136, 143, 144, 145, 146, 147, 148, 149, 150, 152, 153, 154], "excluded_lines": [137, 138, 139, 140, 141], "start_line": 62}, "_has_signal": {"executed_lines": [], "summary": {"covered_lines": 0, "num_statements": 9, "percent_covered": 0.0, "percent_covered_display": "0", "missing_lines": 9, "excluded_lines": 0, "percent_statements_covered": 0.0, "percent_statements_covered_display": "0"}, "missing_lines": [158, 159, 160, 161, 162, 163, 164, 165, 166], "excluded_lines": [], "start_line": 157}, "_resolve_language": {"executed_lines": [], "summary": {"covered_lines": 0, "num_statements": 8, "percent_covered": 0.0, "percent_covered_display": "0", "missing_lines": 8, "excluded_lines": 0, "percent_statements_covered": 0.0, "percent_statements_covered_display": "0"}, "missing_lines": [172, 173, 174, 175, 176, 177, 178, 179], "excluded_lines": [], "start_line": 169}, "_verdict": {"executed_lines": [], "summary": {"covered_lines": 0, "num_statements": 7, "percent_covered": 0.0, "percent_covered_display": "0", "missing_lines": 7, "excluded_lines": 0, "percent_statements_covered": 0.0, "percent_statements_covered_display": "0"}, "missing_lines": [183, 184, 185, 186, 187, 188, 191], "excluded_lines": [], "start_line": 182}, "": {"executed_lines": [24, 26, 27, 29, 30, 31, 32, 33, 35, 37, 41, 53, 58, 59, 62, 157, 169, 182], "summary": {"covered_lines": 18, "num_statements": 18, "percent_covered": 100.0, "percent_covered_display": "100", "missing_lines": 0, "excluded_lines": 0, "percent_statements_covered": 100.0, "percent_statements_covered_display": "100"}, "missing_lines": [], "excluded_lines": [], "start_line": 1}}, "classes": {"": {"executed_lines": [24, 26, 27, 29, 30, 31, 32, 33, 35, 37, 41, 53, 58, 59, 62, 157, 169, 182], "summary": {"covered_lines": 18, "num_statements": 86, "percent_covered": 20.930232558139537, "percent_covered_display": "21", "missing_lines": 68, "excluded_lines": 5, "percent_statements_covered": 20.930232558139537, "percent_statements_covered_display": "21"}, "missing_lines": [68, 69, 71, 72, 73, 76, 78, 79, 80, 81, 85, 87, 96, 101, 111, 112, 113, 114, 115, 116, 122, 123, 124, 126, 127, 128, 129, 131, 132, 133, 134, 135, 136, 143, 144, 145, 146, 147, 148, 149, 150, 152, 153, 154, 158, 159, 160, 161, 162, 163, 164, 165, 166, 172, 173, 174, 175, 176, 177, 178, 179, 183, 184, 185, 186, 187, 188, 191], "excluded_lines": [137, 138, 139, 140, 141], "start_line": 1}}}, "src/bugsift/agent/steps/retrieval.py": {"executed_lines": [11, 13, 14, 16, 18, 19, 20, 21, 22, 23, 30, 32, 33, 34, 37, 41, 170], "summary": {"covered_lines": 17, "num_statements": 93, "percent_covered": 18.27956989247312, "percent_covered_display": "18", "missing_lines": 76, "excluded_lines": 3, "percent_statements_covered": 18.27956989247312, "percent_statements_covered_display": "18"}, "missing_lines": [49, 50, 51, 52, 54, 61, 62, 63, 64, 65, 68, 69, 75, 76, 79, 80, 86, 88, 89, 90, 95, 97, 107, 108, 109, 110, 111, 112, 113, 114, 116, 117, 119, 127, 132, 142, 143, 144, 145, 146, 147, 148, 149, 150, 151, 152, 153, 155, 156, 157, 158, 164, 166, 167, 184, 185, 187, 188, 189, 191, 192, 195, 196, 198, 199, 200, 201, 202, 203, 204, 205, 212, 213, 215, 216, 222], "excluded_lines": [38, 39, 40], "functions": {"EmbedProvider.embed": {"executed_lines": [], "summary": {"covered_lines": 0, "num_statements": 0, "percent_covered": 100.0, "percent_covered_display": "100", "missing_lines": 0, "excluded_lines": 1, "percent_statements_covered": 100.0, "percent_statements_covered_display": "100"}, "missing_lines": [], "excluded_lines": [38], "start_line": 38}, "run": {"executed_lines": [], "summary": {"covered_lines": 0, "num_statements": 54, "percent_covered": 0.0, "percent_covered_display": "0", "missing_lines": 54, "excluded_lines": 0, "percent_statements_covered": 0.0, "percent_statements_covered_display": "0"}, "missing_lines": [49, 50, 51, 52, 54, 61, 62, 63, 64, 65, 68, 69, 75, 76, 79, 80, 86, 88, 89, 90, 95, 97, 107, 108, 109, 110, 111, 112, 113, 114, 116, 117, 119, 127, 132, 142, 143, 144, 145, 146, 147, 148, 149, 150, 151, 152, 153, 155, 156, 157, 158, 164, 166, 167], "excluded_lines": [], "start_line": 41}, "refine_with_repro": {"executed_lines": [], "summary": {"covered_lines": 0, "num_statements": 22, "percent_covered": 0.0, "percent_covered_display": "0", "missing_lines": 22, "excluded_lines": 0, "percent_statements_covered": 0.0, "percent_statements_covered_display": "0"}, "missing_lines": [184, 185, 187, 188, 189, 191, 192, 195, 196, 198, 199, 200, 201, 202, 203, 204, 205, 212, 213, 215, 216, 222], "excluded_lines": [], "start_line": 170}, "": {"executed_lines": [11, 13, 14, 16, 18, 19, 20, 21, 22, 23, 30, 32, 33, 34, 37, 41, 170], "summary": {"covered_lines": 17, "num_statements": 17, "percent_covered": 100.0, "percent_covered_display": "100", "missing_lines": 0, "excluded_lines": 2, "percent_statements_covered": 100.0, "percent_statements_covered_display": "100"}, "missing_lines": [], "excluded_lines": [39, 40], "start_line": 1}}, "classes": {"EmbedProvider": {"executed_lines": [], "summary": {"covered_lines": 0, "num_statements": 0, "percent_covered": 100.0, "percent_covered_display": "100", "missing_lines": 0, "excluded_lines": 1, "percent_statements_covered": 100.0, "percent_statements_covered_display": "100"}, "missing_lines": [], "excluded_lines": [38], "start_line": 37}, "": {"executed_lines": [11, 13, 14, 16, 18, 19, 20, 21, 22, 23, 30, 32, 33, 34, 37, 41, 170], "summary": {"covered_lines": 17, "num_statements": 93, "percent_covered": 18.27956989247312, "percent_covered_display": "18", "missing_lines": 76, "excluded_lines": 2, "percent_statements_covered": 18.27956989247312, "percent_statements_covered_display": "18"}, "missing_lines": [49, 50, 51, 52, 54, 61, 62, 63, 64, 65, 68, 69, 75, 76, 79, 80, 86, 88, 89, 90, 95, 97, 107, 108, 109, 110, 111, 112, 113, 114, 116, 117, 119, 127, 132, 142, 143, 144, 145, 146, 147, 148, 149, 150, 151, 152, 153, 155, 156, 157, 158, 164, 166, 167, 184, 185, 187, 188, 189, 191, 192, 195, 196, 198, 199, 200, 201, 202, 203, 204, 205, 212, 213, 215, 216, 222], "excluded_lines": [39, 40], "start_line": 1}}}, "src/bugsift/analysis/__init__.py": {"executed_lines": [], "summary": {"covered_lines": 0, "num_statements": 0, "percent_covered": 100.0, "percent_covered_display": "100", "missing_lines": 0, "excluded_lines": 0, "percent_statements_covered": 100.0, "percent_statements_covered_display": "100"}, "missing_lines": [], "excluded_lines": [], "functions": {"": {"executed_lines": [], "summary": {"covered_lines": 0, "num_statements": 0, "percent_covered": 100.0, "percent_covered_display": "100", "missing_lines": 0, "excluded_lines": 0, "percent_statements_covered": 100.0, "percent_statements_covered_display": "100"}, "missing_lines": [], "excluded_lines": [], "start_line": 1}}, "classes": {"": {"executed_lines": [], "summary": {"covered_lines": 0, "num_statements": 0, "percent_covered": 100.0, "percent_covered_display": "100", "missing_lines": 0, "excluded_lines": 0, "percent_statements_covered": 100.0, "percent_statements_covered_display": "100"}, "missing_lines": [], "excluded_lines": [], "start_line": 1}}}, "src/bugsift/analysis/analyzer.py": {"executed_lines": [23, 25, 26, 27, 28, 30, 31, 33, 34, 35, 36, 38, 40, 41, 44, 45, 46, 47, 50, 51, 52, 53, 54, 57, 58, 59, 60, 63, 64, 67, 120, 146, 163, 179, 211, 237, 243, 253], "summary": {"covered_lines": 38, "num_statements": 101, "percent_covered": 37.62376237623762, "percent_covered_display": "38", "missing_lines": 63, "excluded_lines": 0, "percent_statements_covered": 37.62376237623762, "percent_statements_covered_display": "38"}, "missing_lines": [77, 78, 79, 83, 87, 88, 89, 90, 91, 92, 93, 94, 95, 97, 98, 99, 100, 101, 102, 105, 106, 110, 111, 112, 127, 134, 135, 136, 137, 138, 139, 140, 141, 142, 143, 149, 155, 160, 166, 171, 176, 184, 196, 201, 202, 203, 204, 208, 215, 224, 225, 226, 227, 238, 244, 245, 246, 247, 248, 249, 250, 254, 255], "excluded_lines": [], "functions": {"analyze_repo": {"executed_lines": [], "summary": {"covered_lines": 0, "num_statements": 24, "percent_covered": 0.0, "percent_covered_display": "0", "missing_lines": 24, "excluded_lines": 0, "percent_statements_covered": 0.0, "percent_statements_covered_display": "0"}, "missing_lines": [77, 78, 79, 83, 87, 88, 89, 90, 91, 92, 93, 94, 95, 97, 98, 99, 100, 101, 102, 105, 106, 110, 111, 112], "excluded_lines": [], "start_line": 67}, "_load_file_chunks": {"executed_lines": [], "summary": {"covered_lines": 0, "num_statements": 11, "percent_covered": 0.0, "percent_covered_display": "0", "missing_lines": 11, "excluded_lines": 0, "percent_statements_covered": 0.0, "percent_statements_covered_display": "0"}, "missing_lines": [127, 134, 135, 136, 137, 138, 139, 140, 141, 142, 143], "excluded_lines": [], "start_line": 120}, "_summarise_file": {"executed_lines": [], "summary": {"covered_lines": 0, "num_statements": 3, "percent_covered": 0.0, "percent_covered_display": "0", "missing_lines": 3, "excluded_lines": 0, "percent_statements_covered": 0.0, "percent_statements_covered_display": "0"}, "missing_lines": [149, 155, 160], "excluded_lines": [], "start_line": 146}, "_summarise_directory": {"executed_lines": [], "summary": {"covered_lines": 0, "num_statements": 3, "percent_covered": 0.0, "percent_covered_display": "0", "missing_lines": 3, "excluded_lines": 0, "percent_statements_covered": 0.0, "percent_statements_covered_display": "0"}, "missing_lines": [166, 171, 176], "excluded_lines": [], "start_line": 163}, "_synthesise": {"executed_lines": [], "summary": {"covered_lines": 0, "num_statements": 7, "percent_covered": 0.0, "percent_covered_display": "0", "missing_lines": 7, "excluded_lines": 0, "percent_statements_covered": 0.0, "percent_statements_covered_display": "0"}, "missing_lines": [184, 196, 201, 202, 203, 204, 208], "excluded_lines": [], "start_line": 179}, "_fallback_synthesis": {"executed_lines": [], "summary": {"covered_lines": 0, "num_statements": 5, "percent_covered": 0.0, "percent_covered_display": "0", "missing_lines": 5, "excluded_lines": 0, "percent_statements_covered": 0.0, "percent_statements_covered_display": "0"}, "missing_lines": [215, 224, 225, 226, 227], "excluded_lines": [], "start_line": 211}, "_fallback_dir_summary": {"executed_lines": [], "summary": {"covered_lines": 0, "num_statements": 1, "percent_covered": 0.0, "percent_covered_display": "0", "missing_lines": 1, "excluded_lines": 0, "percent_statements_covered": 0.0, "percent_statements_covered_display": "0"}, "missing_lines": [238], "excluded_lines": [], "start_line": 237}, "_group_by_directory": {"executed_lines": [], "summary": {"covered_lines": 0, "num_statements": 7, "percent_covered": 0.0, "percent_covered_display": "0", "missing_lines": 7, "excluded_lines": 0, "percent_statements_covered": 0.0, "percent_statements_covered_display": "0"}, "missing_lines": [244, 245, 246, 247, 248, 249, 250], "excluded_lines": [], "start_line": 243}, "_guess_language": {"executed_lines": [], "summary": {"covered_lines": 0, "num_statements": 2, "percent_covered": 0.0, "percent_covered_display": "0", "missing_lines": 2, "excluded_lines": 0, "percent_statements_covered": 0.0, "percent_statements_covered_display": "0"}, "missing_lines": [254, 255], "excluded_lines": [], "start_line": 253}, "": {"executed_lines": [23, 25, 26, 27, 28, 30, 31, 33, 34, 35, 36, 38, 40, 41, 44, 45, 46, 47, 50, 51, 52, 53, 54, 57, 58, 59, 60, 63, 64, 67, 120, 146, 163, 179, 211, 237, 243, 253], "summary": {"covered_lines": 38, "num_statements": 38, "percent_covered": 100.0, "percent_covered_display": "100", "missing_lines": 0, "excluded_lines": 0, "percent_statements_covered": 100.0, "percent_statements_covered_display": "100"}, "missing_lines": [], "excluded_lines": [], "start_line": 1}}, "classes": {"FileSummary": {"executed_lines": [], "summary": {"covered_lines": 0, "num_statements": 0, "percent_covered": 100.0, "percent_covered_display": "100", "missing_lines": 0, "excluded_lines": 0, "percent_statements_covered": 100.0, "percent_statements_covered_display": "100"}, "missing_lines": [], "excluded_lines": [], "start_line": 45}, "DirectorySummary": {"executed_lines": [], "summary": {"covered_lines": 0, "num_statements": 0, "percent_covered": 100.0, "percent_covered_display": "100", "missing_lines": 0, "excluded_lines": 0, "percent_statements_covered": 100.0, "percent_statements_covered_display": "100"}, "missing_lines": [], "excluded_lines": [], "start_line": 51}, "AnalysisResult": {"executed_lines": [], "summary": {"covered_lines": 0, "num_statements": 0, "percent_covered": 100.0, "percent_covered_display": "100", "missing_lines": 0, "excluded_lines": 0, "percent_statements_covered": 100.0, "percent_statements_covered_display": "100"}, "missing_lines": [], "excluded_lines": [], "start_line": 58}, "": {"executed_lines": [23, 25, 26, 27, 28, 30, 31, 33, 34, 35, 36, 38, 40, 41, 44, 45, 46, 47, 50, 51, 52, 53, 54, 57, 58, 59, 60, 63, 64, 67, 120, 146, 163, 179, 211, 237, 243, 253], "summary": {"covered_lines": 38, "num_statements": 101, "percent_covered": 37.62376237623762, "percent_covered_display": "38", "missing_lines": 63, "excluded_lines": 0, "percent_statements_covered": 37.62376237623762, "percent_statements_covered_display": "38"}, "missing_lines": [77, 78, 79, 83, 87, 88, 89, 90, 91, 92, 93, 94, 95, 97, 98, 99, 100, 101, 102, 105, 106, 110, 111, 112, 127, 134, 135, 136, 137, 138, 139, 140, 141, 142, 143, 149, 155, 160, 166, 171, 176, 184, 196, 201, 202, 203, 204, 208, 215, 224, 225, 226, 227, 238, 244, 245, 246, 247, 248, 249, 250, 254, 255], "excluded_lines": [], "start_line": 1}}}, "src/bugsift/analysis/qa.py": {"executed_lines": [], "summary": {"covered_lines": 0, "num_statements": 69, "percent_covered": 0.0, "percent_covered_display": "0", "missing_lines": 69, "excluded_lines": 0, "percent_statements_covered": 0.0, "percent_statements_covered_display": "0"}, "missing_lines": [18, 20, 21, 22, 24, 26, 27, 28, 29, 30, 32, 34, 35, 36, 39, 40, 41, 42, 45, 46, 47, 48, 49, 50, 51, 52, 55, 58, 59, 62, 74, 75, 76, 81, 82, 83, 84, 85, 93, 98, 99, 101, 102, 111, 117, 118, 119, 120, 121, 122, 123, 124, 126, 127, 128, 129, 130, 131, 132, 134, 135, 138, 143, 153, 154, 155, 156, 160, 163], "excluded_lines": [], "functions": {"Embedder.embed": {"executed_lines": [], "summary": {"covered_lines": 0, "num_statements": 1, "percent_covered": 0.0, "percent_covered_display": "0", "missing_lines": 1, "excluded_lines": 0, "percent_statements_covered": 0.0, "percent_statements_covered_display": "0"}, "missing_lines": [59], "excluded_lines": [], "start_line": 58}, "answer_question": {"executed_lines": [], "summary": {"covered_lines": 0, "num_statements": 33, "percent_covered": 0.0, "percent_covered_display": "0", "missing_lines": 33, "excluded_lines": 0, "percent_statements_covered": 0.0, "percent_statements_covered_display": "0"}, "missing_lines": [74, 75, 76, 81, 82, 83, 84, 85, 93, 98, 99, 101, 102, 111, 117, 118, 119, 120, 121, 122, 123, 124, 126, 127, 128, 129, 130, 131, 132, 134, 135, 138, 143], "excluded_lines": [], "start_line": 62}, "_parse_answer": {"executed_lines": [], "summary": {"covered_lines": 0, "num_statements": 5, "percent_covered": 0.0, "percent_covered_display": "0", "missing_lines": 5, "excluded_lines": 0, "percent_statements_covered": 0.0, "percent_statements_covered_display": "0"}, "missing_lines": [154, 155, 156, 160, 163], "excluded_lines": [], "start_line": 153}, "": {"executed_lines": [], "summary": {"covered_lines": 0, "num_statements": 30, "percent_covered": 0.0, "percent_covered_display": "0", "missing_lines": 30, "excluded_lines": 0, "percent_statements_covered": 0.0, "percent_statements_covered_display": "0"}, "missing_lines": [18, 20, 21, 22, 24, 26, 27, 28, 29, 30, 32, 34, 35, 36, 39, 40, 41, 42, 45, 46, 47, 48, 49, 50, 51, 52, 55, 58, 62, 153], "excluded_lines": [], "start_line": 1}}, "classes": {"Citation": {"executed_lines": [], "summary": {"covered_lines": 0, "num_statements": 0, "percent_covered": 100.0, "percent_covered_display": "100", "missing_lines": 0, "excluded_lines": 0, "percent_statements_covered": 100.0, "percent_statements_covered_display": "100"}, "missing_lines": [], "excluded_lines": [], "start_line": 40}, "AnswerResult": {"executed_lines": [], "summary": {"covered_lines": 0, "num_statements": 0, "percent_covered": 100.0, "percent_covered_display": "100", "missing_lines": 0, "excluded_lines": 0, "percent_statements_covered": 100.0, "percent_statements_covered_display": "100"}, "missing_lines": [], "excluded_lines": [], "start_line": 46}, "Embedder": {"executed_lines": [], "summary": {"covered_lines": 0, "num_statements": 1, "percent_covered": 0.0, "percent_covered_display": "0", "missing_lines": 1, "excluded_lines": 0, "percent_statements_covered": 0.0, "percent_statements_covered_display": "0"}, "missing_lines": [59], "excluded_lines": [], "start_line": 55}, "": {"executed_lines": [], "summary": {"covered_lines": 0, "num_statements": 68, "percent_covered": 0.0, "percent_covered_display": "0", "missing_lines": 68, "excluded_lines": 0, "percent_statements_covered": 0.0, "percent_statements_covered_display": "0"}, "missing_lines": [18, 20, 21, 22, 24, 26, 27, 28, 29, 30, 32, 34, 35, 36, 39, 40, 41, 42, 45, 46, 47, 48, 49, 50, 51, 52, 55, 58, 62, 74, 75, 76, 81, 82, 83, 84, 85, 93, 98, 99, 101, 102, 111, 117, 118, 119, 120, 121, 122, 123, 124, 126, 127, 128, 129, 130, 131, 132, 134, 135, 138, 143, 153, 154, 155, 156, 160, 163], "excluded_lines": [], "start_line": 1}}}, "src/bugsift/api/__init__.py": {"executed_lines": [], "summary": {"covered_lines": 0, "num_statements": 0, "percent_covered": 100.0, "percent_covered_display": "100", "missing_lines": 0, "excluded_lines": 0, "percent_statements_covered": 100.0, "percent_statements_covered_display": "100"}, "missing_lines": [], "excluded_lines": [], "functions": {"": {"executed_lines": [], "summary": {"covered_lines": 0, "num_statements": 0, "percent_covered": 100.0, "percent_covered_display": "100", "missing_lines": 0, "excluded_lines": 0, "percent_statements_covered": 100.0, "percent_statements_covered_display": "100"}, "missing_lines": [], "excluded_lines": [], "start_line": 1}}, "classes": {"": {"executed_lines": [], "summary": {"covered_lines": 0, "num_statements": 0, "percent_covered": 100.0, "percent_covered_display": "100", "missing_lines": 0, "excluded_lines": 0, "percent_statements_covered": 100.0, "percent_statements_covered_display": "100"}, "missing_lines": [], "excluded_lines": [], "start_line": 1}}}, "src/bugsift/api/audit.py": {"executed_lines": [8, 10, 11, 12, 13, 15, 16, 17, 18, 19, 21, 22, 23, 25, 28, 29, 30, 31, 32, 33, 34, 35, 36, 37, 38, 39, 42, 58, 59, 79, 80, 136, 137], "summary": {"covered_lines": 33, "num_statements": 62, "percent_covered": 53.225806451612904, "percent_covered_display": "53", "missing_lines": 29, "excluded_lines": 0, "percent_statements_covered": 53.225806451612904, "percent_statements_covered_display": "53"}, "missing_lines": [43, 67, 68, 69, 70, 71, 72, 73, 74, 75, 76, 89, 90, 91, 92, 93, 94, 95, 96, 98, 99, 100, 113, 114, 127, 128, 129, 142, 147], "excluded_lines": [], "functions": {"_serialize": {"executed_lines": [], "summary": {"covered_lines": 0, "num_statements": 1, "percent_covered": 0.0, "percent_covered_display": "0", "missing_lines": 1, "excluded_lines": 0, "percent_statements_covered": 0.0, "percent_statements_covered_display": "0"}, "missing_lines": [43], "excluded_lines": [], "start_line": 42}, "list_events": {"executed_lines": [], "summary": {"covered_lines": 0, "num_statements": 10, "percent_covered": 0.0, "percent_covered_display": "0", "missing_lines": 10, "excluded_lines": 0, "percent_statements_covered": 0.0, "percent_statements_covered_display": "0"}, "missing_lines": [67, 68, 69, 70, 71, 72, 73, 74, 75, 76], "excluded_lines": [], "start_line": 59}, "export_csv": {"executed_lines": [], "summary": {"covered_lines": 0, "num_statements": 16, "percent_covered": 0.0, "percent_covered_display": "0", "missing_lines": 16, "excluded_lines": 0, "percent_statements_covered": 0.0, "percent_statements_covered_display": "0"}, "missing_lines": [89, 90, 91, 92, 93, 94, 95, 96, 98, 99, 100, 113, 114, 127, 128, 129], "excluded_lines": [], "start_line": 80}, "list_known_actions": {"executed_lines": [], "summary": {"covered_lines": 0, "num_statements": 2, "percent_covered": 0.0, "percent_covered_display": "0", "missing_lines": 2, "excluded_lines": 0, "percent_statements_covered": 0.0, "percent_statements_covered_display": "0"}, "missing_lines": [142, 147], "excluded_lines": [], "start_line": 137}, "": {"executed_lines": [8, 10, 11, 12, 13, 15, 16, 17, 18, 19, 21, 22, 23, 25, 28, 29, 30, 31, 32, 33, 34, 35, 36, 37, 38, 39, 42, 58, 59, 79, 80, 136, 137], "summary": {"covered_lines": 33, "num_statements": 33, "percent_covered": 100.0, "percent_covered_display": "100", "missing_lines": 0, "excluded_lines": 0, "percent_statements_covered": 100.0, "percent_statements_covered_display": "100"}, "missing_lines": [], "excluded_lines": [], "start_line": 1}}, "classes": {"AuditEventOut": {"executed_lines": [], "summary": {"covered_lines": 0, "num_statements": 0, "percent_covered": 100.0, "percent_covered_display": "100", "missing_lines": 0, "excluded_lines": 0, "percent_statements_covered": 100.0, "percent_statements_covered_display": "100"}, "missing_lines": [], "excluded_lines": [], "start_line": 28}, "": {"executed_lines": [8, 10, 11, 12, 13, 15, 16, 17, 18, 19, 21, 22, 23, 25, 28, 29, 30, 31, 32, 33, 34, 35, 36, 37, 38, 39, 42, 58, 59, 79, 80, 136, 137], "summary": {"covered_lines": 33, "num_statements": 62, "percent_covered": 53.225806451612904, "percent_covered_display": "53", "missing_lines": 29, "excluded_lines": 0, "percent_statements_covered": 53.225806451612904, "percent_statements_covered_display": "53"}, "missing_lines": [43, 67, 68, 69, 70, 71, 72, 73, 74, 75, 76, 89, 90, 91, 92, 93, 94, 95, 96, 98, 99, 100, 113, 114, 127, 128, 129, 142, 147], "excluded_lines": [], "start_line": 1}}}, "src/bugsift/api/auth.py": {"executed_lines": [1, 3, 4, 6, 7, 8, 9, 10, 12, 13, 14, 15, 16, 17, 18, 20, 21, 23, 26, 27, 28, 29, 30, 31, 34, 35, 65, 66, 133, 152, 153, 165, 166], "summary": {"covered_lines": 33, "num_statements": 83, "percent_covered": 39.75903614457831, "percent_covered_display": "40", "missing_lines": 50, "excluded_lines": 0, "percent_statements_covered": 39.75903614457831, "percent_statements_covered_display": "40"}, "missing_lines": [39, 40, 41, 43, 44, 52, 54, 55, 56, 57, 62, 72, 73, 74, 75, 77, 78, 79, 80, 86, 88, 91, 95, 98, 99, 105, 107, 108, 109, 110, 111, 113, 114, 115, 124, 129, 130, 134, 135, 140, 141, 142, 147, 148, 149, 154, 155, 156, 167, 168], "excluded_lines": [], "functions": {"github_start": {"executed_lines": [], "summary": {"covered_lines": 0, "num_statements": 11, "percent_covered": 0.0, "percent_covered_display": "0", "missing_lines": 11, "excluded_lines": 0, "percent_statements_covered": 0.0, "percent_statements_covered_display": "0"}, "missing_lines": [39, 40, 41, 43, 44, 52, 54, 55, 56, 57, 62], "excluded_lines": [], "start_line": 35}, "github_callback": {"executed_lines": [], "summary": {"covered_lines": 0, "num_statements": 26, "percent_covered": 0.0, "percent_covered_display": "0", "missing_lines": 26, "excluded_lines": 0, "percent_statements_covered": 0.0, "percent_statements_covered_display": "0"}, "missing_lines": [72, 73, 74, 75, 77, 78, 79, 80, 86, 88, 91, 95, 98, 99, 105, 107, 108, 109, 110, 111, 113, 114, 115, 124, 129, 130], "excluded_lines": [], "start_line": 66}, "_post_login_target": {"executed_lines": [], "summary": {"covered_lines": 0, "num_statements": 8, "percent_covered": 0.0, "percent_covered_display": "0", "missing_lines": 8, "excluded_lines": 0, "percent_statements_covered": 0.0, "percent_statements_covered_display": "0"}, "missing_lines": [134, 135, 140, 141, 142, 147, 148, 149], "excluded_lines": [], "start_line": 133}, "me": {"executed_lines": [], "summary": {"covered_lines": 0, "num_statements": 3, "percent_covered": 0.0, "percent_covered_display": "0", "missing_lines": 3, "excluded_lines": 0, "percent_statements_covered": 0.0, "percent_statements_covered_display": "0"}, "missing_lines": [154, 155, 156], "excluded_lines": [], "start_line": 153}, "logout": {"executed_lines": [], "summary": {"covered_lines": 0, "num_statements": 2, "percent_covered": 0.0, "percent_covered_display": "0", "missing_lines": 2, "excluded_lines": 0, "percent_statements_covered": 0.0, "percent_statements_covered_display": "0"}, "missing_lines": [167, 168], "excluded_lines": [], "start_line": 166}, "": {"executed_lines": [1, 3, 4, 6, 7, 8, 9, 10, 12, 13, 14, 15, 16, 17, 18, 20, 21, 23, 26, 27, 28, 29, 30, 31, 34, 35, 65, 66, 133, 152, 153, 165, 166], "summary": {"covered_lines": 33, "num_statements": 33, "percent_covered": 100.0, "percent_covered_display": "100", "missing_lines": 0, "excluded_lines": 0, "percent_statements_covered": 100.0, "percent_statements_covered_display": "100"}, "missing_lines": [], "excluded_lines": [], "start_line": 1}}, "classes": {"MeResponse": {"executed_lines": [], "summary": {"covered_lines": 0, "num_statements": 0, "percent_covered": 100.0, "percent_covered_display": "100", "missing_lines": 0, "excluded_lines": 0, "percent_statements_covered": 100.0, "percent_statements_covered_display": "100"}, "missing_lines": [], "excluded_lines": [], "start_line": 26}, "": {"executed_lines": [1, 3, 4, 6, 7, 8, 9, 10, 12, 13, 14, 15, 16, 17, 18, 20, 21, 23, 26, 27, 28, 29, 30, 31, 34, 35, 65, 66, 133, 152, 153, 165, 166], "summary": {"covered_lines": 33, "num_statements": 83, "percent_covered": 39.75903614457831, "percent_covered_display": "40", "missing_lines": 50, "excluded_lines": 0, "percent_statements_covered": 39.75903614457831, "percent_statements_covered_display": "40"}, "missing_lines": [39, 40, 41, 43, 44, 52, 54, 55, 56, 57, 62, 72, 73, 74, 75, 77, 78, 79, 80, 86, 88, 91, 95, 98, 99, 105, 107, 108, 109, 110, 111, 113, 114, 115, 124, 129, 130, 134, 135, 140, 141, 142, 147, 148, 149, 154, 155, 156, 167, 168], "excluded_lines": [], "start_line": 1}}}, "src/bugsift/api/cards.py": {"executed_lines": [1, 3, 4, 6, 7, 8, 9, 10, 12, 13, 14, 15, 16, 25, 26, 27, 28, 29, 30, 32, 33, 36, 44, 45, 46, 47, 50, 51, 52, 53, 56, 57, 58, 59, 60, 61, 62, 63, 64, 65, 68, 69, 70, 71, 74, 75, 76, 77, 78, 79, 80, 81, 82, 83, 84, 85, 86, 87, 88, 89, 90, 91, 92, 93, 94, 95, 96, 100, 103, 104, 108, 109, 110, 113, 114, 117, 128, 129, 132, 133, 171, 172, 173, 174, 175, 176, 177, 178, 179, 182, 183, 220, 233, 234, 270, 271, 298, 299, 344, 345, 447, 492, 586, 600, 662, 678, 701, 708, 738], "summary": {"covered_lines": 109, "num_statements": 343, "percent_covered": 31.778425655976676, "percent_covered_display": "32", "missing_lines": 234, "excluded_lines": 0, "percent_statements_covered": 31.778425655976676, "percent_statements_covered_display": "32"}, "missing_lines": [41, 148, 149, 150, 156, 157, 158, 159, 160, 161, 162, 163, 164, 165, 166, 167, 168, 192, 193, 194, 195, 196, 197, 198, 205, 221, 227, 228, 229, 230, 241, 242, 243, 244, 245, 246, 255, 265, 266, 267, 280, 281, 282, 283, 284, 285, 291, 292, 293, 294, 295, 305, 306, 307, 308, 309, 310, 311, 325, 339, 340, 341, 353, 354, 355, 357, 358, 359, 363, 369, 370, 371, 381, 384, 387, 388, 389, 390, 394, 395, 396, 397, 417, 418, 419, 425, 435, 436, 437, 438, 439, 440, 444, 459, 460, 461, 462, 463, 464, 465, 467, 468, 469, 470, 473, 474, 478, 479, 480, 481, 482, 483, 485, 486, 487, 488, 489, 510, 511, 512, 517, 526, 539, 540, 541, 543, 544, 545, 553, 556, 557, 558, 565, 566, 567, 571, 572, 573, 574, 575, 576, 577, 578, 592, 593, 594, 595, 596, 597, 611, 612, 613, 614, 619, 620, 621, 622, 623, 624, 625, 630, 633, 634, 641, 642, 643, 644, 645, 650, 651, 652, 653, 654, 665, 666, 667, 668, 675, 685, 686, 687, 688, 689, 690, 691, 692, 693, 694, 695, 696, 697, 698, 702, 703, 704, 705, 717, 718, 719, 720, 721, 722, 723, 724, 725, 726, 727, 728, 732, 733, 734, 735, 741, 742, 743, 751, 752, 753, 761, 762, 763, 764, 765, 766, 767, 768, 781, 782, 783, 784, 788, 791, 792, 793], "excluded_lines": [], "functions": {"get_github_client_factory": {"executed_lines": [], "summary": {"covered_lines": 0, "num_statements": 1, "percent_covered": 0.0, "percent_covered_display": "0", "missing_lines": 1, "excluded_lines": 0, "percent_statements_covered": 0.0, "percent_statements_covered_display": "0"}, "missing_lines": [41], "excluded_lines": [], "start_line": 36}, "list_cards": {"executed_lines": [], "summary": {"covered_lines": 0, "num_statements": 16, "percent_covered": 0.0, "percent_covered_display": "0", "missing_lines": 16, "excluded_lines": 0, "percent_statements_covered": 0.0, "percent_statements_covered_display": "0"}, "missing_lines": [148, 149, 150, 156, 157, 158, 159, 160, 161, 162, 163, 164, 165, 166, 167, 168], "excluded_lines": [], "start_line": 133}, "list_card_reports": {"executed_lines": [], "summary": {"covered_lines": 0, "num_statements": 8, "percent_covered": 0.0, "percent_covered_display": "0", "missing_lines": 8, "excluded_lines": 0, "percent_statements_covered": 0.0, "percent_statements_covered_display": "0"}, "missing_lines": [192, 193, 194, 195, 196, 197, 198, 205], "excluded_lines": [], "start_line": 183}, "_get_owned_card": {"executed_lines": [], "summary": {"covered_lines": 0, "num_statements": 5, "percent_covered": 0.0, "percent_covered_display": "0", "missing_lines": 5, "excluded_lines": 0, "percent_statements_covered": 0.0, "percent_statements_covered_display": "0"}, "missing_lines": [221, 227, 228, 229, 230], "excluded_lines": [], "start_line": 220}, "edit_draft": {"executed_lines": [], "summary": {"covered_lines": 0, "num_statements": 10, "percent_covered": 0.0, "percent_covered_display": "0", "missing_lines": 10, "excluded_lines": 0, "percent_statements_covered": 0.0, "percent_statements_covered_display": "0"}, "missing_lines": [241, 242, 243, 244, 245, 246, 255, 265, 266, 267], "excluded_lines": [], "start_line": 234}, "rerun_card": {"executed_lines": [], "summary": {"covered_lines": 0, "num_statements": 11, "percent_covered": 0.0, "percent_covered_display": "0", "missing_lines": 11, "excluded_lines": 0, "percent_statements_covered": 0.0, "percent_statements_covered_display": "0"}, "missing_lines": [280, 281, 282, 283, 284, 285, 291, 292, 293, 294, 295], "excluded_lines": [], "start_line": 271}, "skip_card": {"executed_lines": [], "summary": {"covered_lines": 0, "num_statements": 11, "percent_covered": 0.0, "percent_covered_display": "0", "missing_lines": 11, "excluded_lines": 0, "percent_statements_covered": 0.0, "percent_statements_covered_display": "0"}, "missing_lines": [305, 306, 307, 308, 309, 310, 311, 325, 339, 340, 341], "excluded_lines": [], "start_line": 299}, "approve_card": {"executed_lines": [], "summary": {"covered_lines": 0, "num_statements": 31, "percent_covered": 0.0, "percent_covered_display": "0", "missing_lines": 31, "excluded_lines": 0, "percent_statements_covered": 0.0, "percent_statements_covered_display": "0"}, "missing_lines": [353, 354, 355, 357, 358, 359, 363, 369, 370, 371, 381, 384, 387, 388, 389, 390, 394, 395, 396, 397, 417, 418, 419, 425, 435, 436, 437, 438, 439, 440, 444], "excluded_lines": [], "start_line": 345}, "_approve_github_card": {"executed_lines": [], "summary": {"covered_lines": 0, "num_statements": 24, "percent_covered": 0.0, "percent_covered_display": "0", "missing_lines": 24, "excluded_lines": 0, "percent_statements_covered": 0.0, "percent_statements_covered_display": "0"}, "missing_lines": [459, 460, 461, 462, 463, 464, 465, 467, 468, 469, 470, 473, 474, 478, 479, 480, 481, 482, 483, 485, 486, 487, 488, 489], "excluded_lines": [], "start_line": 447}, "_approve_feedback_card": {"executed_lines": [], "summary": {"covered_lines": 0, "num_statements": 26, "percent_covered": 0.0, "percent_covered_display": "0", "missing_lines": 26, "excluded_lines": 0, "percent_statements_covered": 0.0, "percent_statements_covered_display": "0"}, "missing_lines": [510, 511, 512, 517, 526, 539, 540, 541, 543, 544, 545, 553, 556, 557, 558, 565, 566, 567, 571, 572, 573, 574, 575, 576, 577, 578], "excluded_lines": [], "start_line": 492}, "_resolve_ticket_destination": {"executed_lines": [], "summary": {"covered_lines": 0, "num_statements": 6, "percent_covered": 0.0, "percent_covered_display": "0", "missing_lines": 6, "excluded_lines": 0, "percent_statements_covered": 0.0, "percent_statements_covered_display": "0"}, "missing_lines": [592, 593, 594, 595, 596, 597], "excluded_lines": [], "start_line": 586}, "_create_jira_issue_for_card": {"executed_lines": [], "summary": {"covered_lines": 0, "num_statements": 24, "percent_covered": 0.0, "percent_covered_display": "0", "missing_lines": 24, "excluded_lines": 0, "percent_statements_covered": 0.0, "percent_statements_covered_display": "0"}, "missing_lines": [611, 612, 613, 614, 619, 620, 621, 622, 623, 624, 625, 630, 633, 634, 641, 642, 643, 644, 645, 650, 651, 652, 653, 654], "excluded_lines": [], "start_line": 600}, "_load_feedback_reports_for_card": {"executed_lines": [], "summary": {"covered_lines": 0, "num_statements": 5, "percent_covered": 0.0, "percent_covered_display": "0", "missing_lines": 5, "excluded_lines": 0, "percent_statements_covered": 0.0, "percent_statements_covered_display": "0"}, "missing_lines": [665, 666, 667, 668, 675], "excluded_lines": [], "start_line": 662}, "_issue_body_snippet": {"executed_lines": [], "summary": {"covered_lines": 0, "num_statements": 14, "percent_covered": 0.0, "percent_covered_display": "0", "missing_lines": 14, "excluded_lines": 0, "percent_statements_covered": 0.0, "percent_statements_covered_display": "0"}, "missing_lines": [685, 686, 687, 688, 689, 690, 691, 692, 693, 694, 695, 696, 697, 698], "excluded_lines": [], "start_line": 678}, "_assignees_from_card": {"executed_lines": [], "summary": {"covered_lines": 0, "num_statements": 4, "percent_covered": 0.0, "percent_covered_display": "0", "missing_lines": 4, "excluded_lines": 0, "percent_statements_covered": 0.0, "percent_statements_covered_display": "0"}, "missing_lines": [702, 703, 704, 705], "excluded_lines": [], "start_line": 701}, "_resolve_assignees": {"executed_lines": [], "summary": {"covered_lines": 0, "num_statements": 16, "percent_covered": 0.0, "percent_covered_display": "0", "missing_lines": 16, "excluded_lines": 0, "percent_statements_covered": 0.0, "percent_statements_covered_display": "0"}, "missing_lines": [717, 718, 719, 720, 721, 722, 723, 724, 725, 726, 727, 728, 732, 733, 734, 735], "excluded_lines": [], "start_line": 708}, "_card_response": {"executed_lines": [], "summary": {"covered_lines": 0, "num_statements": 22, "percent_covered": 0.0, "percent_covered_display": "0", "missing_lines": 22, "excluded_lines": 0, "percent_statements_covered": 0.0, "percent_statements_covered_display": "0"}, "missing_lines": [741, 742, 743, 751, 752, 753, 761, 762, 763, 764, 765, 766, 767, 768, 781, 782, 783, 784, 788, 791, 792, 793], "excluded_lines": [], "start_line": 738}, "": {"executed_lines": [1, 3, 4, 6, 7, 8, 9, 10, 12, 13, 14, 15, 16, 25, 26, 27, 28, 29, 30, 32, 33, 36, 44, 45, 46, 47, 50, 51, 52, 53, 56, 57, 58, 59, 60, 61, 62, 63, 64, 65, 68, 69, 70, 71, 74, 75, 76, 77, 78, 79, 80, 81, 82, 83, 84, 85, 86, 87, 88, 89, 90, 91, 92, 93, 94, 95, 96, 100, 103, 104, 108, 109, 110, 113, 114, 117, 128, 129, 132, 133, 171, 172, 173, 174, 175, 176, 177, 178, 179, 182, 183, 220, 233, 234, 270, 271, 298, 299, 344, 345, 447, 492, 586, 600, 662, 678, 701, 708, 738], "summary": {"covered_lines": 109, "num_statements": 109, "percent_covered": 100.0, "percent_covered_display": "100", "missing_lines": 0, "excluded_lines": 0, "percent_statements_covered": 100.0, "percent_statements_covered_display": "100"}, "missing_lines": [], "excluded_lines": [], "start_line": 1}}, "classes": {"SuspectedFileOut": {"executed_lines": [], "summary": {"covered_lines": 0, "num_statements": 0, "percent_covered": 100.0, "percent_covered_display": "100", "missing_lines": 0, "excluded_lines": 0, "percent_statements_covered": 100.0, "percent_statements_covered_display": "100"}, "missing_lines": [], "excluded_lines": [], "start_line": 44}, "DuplicateOut": {"executed_lines": [], "summary": {"covered_lines": 0, "num_statements": 0, "percent_covered": 100.0, "percent_covered_display": "100", "missing_lines": 0, "excluded_lines": 0, "percent_statements_covered": 100.0, "percent_statements_covered_display": "100"}, "missing_lines": [], "excluded_lines": [], "start_line": 50}, "RegressionSuspectOut": {"executed_lines": [], "summary": {"covered_lines": 0, "num_statements": 0, "percent_covered": 100.0, "percent_covered_display": "100", "missing_lines": 0, "excluded_lines": 0, "percent_statements_covered": 100.0, "percent_statements_covered_display": "100"}, "missing_lines": [], "excluded_lines": [], "start_line": 56}, "CardResponse": {"executed_lines": [], "summary": {"covered_lines": 0, "num_statements": 0, "percent_covered": 100.0, "percent_covered_display": "100", "missing_lines": 0, "excluded_lines": 0, "percent_statements_covered": 100.0, "percent_statements_covered_display": "100"}, "missing_lines": [], "excluded_lines": [], "start_line": 68}, "EditBody": {"executed_lines": [], "summary": {"covered_lines": 0, "num_statements": 0, "percent_covered": 100.0, "percent_covered_display": "100", "missing_lines": 0, "excluded_lines": 0, "percent_statements_covered": 100.0, "percent_statements_covered_display": "100"}, "missing_lines": [], "excluded_lines": [], "start_line": 113}, "ApproveBody": {"executed_lines": [], "summary": {"covered_lines": 0, "num_statements": 0, "percent_covered": 100.0, "percent_covered_display": "100", "missing_lines": 0, "excluded_lines": 0, "percent_statements_covered": 100.0, "percent_statements_covered_display": "100"}, "missing_lines": [], "excluded_lines": [], "start_line": 117}, "FeedbackReportOut": {"executed_lines": [], "summary": {"covered_lines": 0, "num_statements": 0, "percent_covered": 100.0, "percent_covered_display": "100", "missing_lines": 0, "excluded_lines": 0, "percent_statements_covered": 100.0, "percent_statements_covered_display": "100"}, "missing_lines": [], "excluded_lines": [], "start_line": 171}, "": {"executed_lines": [1, 3, 4, 6, 7, 8, 9, 10, 12, 13, 14, 15, 16, 25, 26, 27, 28, 29, 30, 32, 33, 36, 44, 45, 46, 47, 50, 51, 52, 53, 56, 57, 58, 59, 60, 61, 62, 63, 64, 65, 68, 69, 70, 71, 74, 75, 76, 77, 78, 79, 80, 81, 82, 83, 84, 85, 86, 87, 88, 89, 90, 91, 92, 93, 94, 95, 96, 100, 103, 104, 108, 109, 110, 113, 114, 117, 128, 129, 132, 133, 171, 172, 173, 174, 175, 176, 177, 178, 179, 182, 183, 220, 233, 234, 270, 271, 298, 299, 344, 345, 447, 492, 586, 600, 662, 678, 701, 708, 738], "summary": {"covered_lines": 109, "num_statements": 343, "percent_covered": 31.778425655976676, "percent_covered_display": "32", "missing_lines": 234, "excluded_lines": 0, "percent_statements_covered": 31.778425655976676, "percent_statements_covered_display": "32"}, "missing_lines": [41, 148, 149, 150, 156, 157, 158, 159, 160, 161, 162, 163, 164, 165, 166, 167, 168, 192, 193, 194, 195, 196, 197, 198, 205, 221, 227, 228, 229, 230, 241, 242, 243, 244, 245, 246, 255, 265, 266, 267, 280, 281, 282, 283, 284, 285, 291, 292, 293, 294, 295, 305, 306, 307, 308, 309, 310, 311, 325, 339, 340, 341, 353, 354, 355, 357, 358, 359, 363, 369, 370, 371, 381, 384, 387, 388, 389, 390, 394, 395, 396, 397, 417, 418, 419, 425, 435, 436, 437, 438, 439, 440, 444, 459, 460, 461, 462, 463, 464, 465, 467, 468, 469, 470, 473, 474, 478, 479, 480, 481, 482, 483, 485, 486, 487, 488, 489, 510, 511, 512, 517, 526, 539, 540, 541, 543, 544, 545, 553, 556, 557, 558, 565, 566, 567, 571, 572, 573, 574, 575, 576, 577, 578, 592, 593, 594, 595, 596, 597, 611, 612, 613, 614, 619, 620, 621, 622, 623, 624, 625, 630, 633, 634, 641, 642, 643, 644, 645, 650, 651, 652, 653, 654, 665, 666, 667, 668, 675, 685, 686, 687, 688, 689, 690, 691, 692, 693, 694, 695, 696, 697, 698, 702, 703, 704, 705, 717, 718, 719, 720, 721, 722, 723, 724, 725, 726, 727, 728, 732, 733, 734, 735, 741, 742, 743, 751, 752, 753, 761, 762, 763, 764, 765, 766, 767, 768, 781, 782, 783, 784, 788, 791, 792, 793], "excluded_lines": [], "start_line": 1}}}, "src/bugsift/api/deps.py": {"executed_lines": [1, 3, 5, 6, 8, 9, 12, 17, 32], "summary": {"covered_lines": 9, "num_statements": 23, "percent_covered": 39.130434782608695, "percent_covered_display": "39", "missing_lines": 14, "excluded_lines": 0, "percent_statements_covered": 39.130434782608695, "percent_statements_covered_display": "39"}, "missing_lines": [13, 14, 21, 22, 23, 24, 25, 27, 28, 29, 36, 37, 38, 39], "excluded_lines": [], "functions": {"get_session": {"executed_lines": [], "summary": {"covered_lines": 0, "num_statements": 2, "percent_covered": 0.0, "percent_covered_display": "0", "missing_lines": 2, "excluded_lines": 0, "percent_statements_covered": 0.0, "percent_statements_covered_display": "0"}, "missing_lines": [13, 14], "excluded_lines": [], "start_line": 12}, "get_current_user": {"executed_lines": [], "summary": {"covered_lines": 0, "num_statements": 8, "percent_covered": 0.0, "percent_covered_display": "0", "missing_lines": 8, "excluded_lines": 0, "percent_statements_covered": 0.0, "percent_statements_covered_display": "0"}, "missing_lines": [21, 22, 23, 24, 25, 27, 28, 29], "excluded_lines": [], "start_line": 17}, "get_optional_user": {"executed_lines": [], "summary": {"covered_lines": 0, "num_statements": 4, "percent_covered": 0.0, "percent_covered_display": "0", "missing_lines": 4, "excluded_lines": 0, "percent_statements_covered": 0.0, "percent_statements_covered_display": "0"}, "missing_lines": [36, 37, 38, 39], "excluded_lines": [], "start_line": 32}, "": {"executed_lines": [1, 3, 5, 6, 8, 9, 12, 17, 32], "summary": {"covered_lines": 9, "num_statements": 9, "percent_covered": 100.0, "percent_covered_display": "100", "missing_lines": 0, "excluded_lines": 0, "percent_statements_covered": 100.0, "percent_statements_covered_display": "100"}, "missing_lines": [], "excluded_lines": [], "start_line": 1}}, "classes": {"": {"executed_lines": [1, 3, 5, 6, 8, 9, 12, 17, 32], "summary": {"covered_lines": 9, "num_statements": 23, "percent_covered": 39.130434782608695, "percent_covered_display": "39", "missing_lines": 14, "excluded_lines": 0, "percent_statements_covered": 39.130434782608695, "percent_statements_covered_display": "39"}, "missing_lines": [13, 14, 21, 22, 23, 24, 25, 27, 28, 29, 36, 37, 38, 39], "excluded_lines": [], "start_line": 1}}}, "src/bugsift/api/feedback.py": {"executed_lines": [19, 21, 22, 23, 24, 25, 27, 28, 29, 30, 32, 33, 34, 45, 46, 50, 52, 54, 56, 57, 58, 59, 65, 70, 71, 72, 73, 74, 75, 76, 77, 80, 81, 84, 85, 165, 166, 167, 168, 169, 170, 173, 174, 175, 176, 177, 181, 184, 185, 186, 187, 188, 189, 190, 191, 192, 193, 194, 195, 196, 197, 200, 201, 251, 252, 303, 304, 318, 319, 320, 321, 322, 323, 324, 325, 326, 327, 328, 331, 332, 335, 340, 387, 388, 414, 418, 464, 465, 466, 467, 468, 469, 472, 473, 476, 507, 510, 535, 538, 667, 668, 669, 670, 671, 674, 675, 676, 679, 680, 681, 682, 683, 684, 685, 686, 687, 688, 689, 692, 695, 755, 756, 777, 815, 816, 831, 846, 847, 864, 867, 873, 878, 884, 897, 911, 922, 963], "summary": {"covered_lines": 137, "num_statements": 399, "percent_covered": 34.335839598997495, "percent_covered_display": "34", "missing_lines": 262, "excluded_lines": 0, "percent_statements_covered": 34.335839598997495, "percent_statements_covered_display": "34"}, "missing_lines": [92, 93, 98, 103, 105, 109, 112, 113, 118, 119, 120, 121, 126, 139, 140, 141, 142, 151, 152, 153, 154, 159, 206, 207, 208, 209, 214, 220, 221, 229, 230, 231, 235, 244, 245, 246, 247, 248, 258, 259, 260, 262, 263, 264, 265, 266, 270, 271, 272, 273, 274, 281, 282, 283, 284, 285, 286, 288, 290, 293, 297, 298, 299, 300, 308, 315, 351, 352, 353, 354, 355, 359, 360, 361, 363, 364, 371, 372, 373, 375, 376, 377, 378, 380, 381, 384, 393, 394, 395, 396, 397, 398, 399, 400, 401, 402, 409, 410, 411, 432, 433, 434, 435, 436, 437, 438, 439, 440, 441, 448, 449, 453, 454, 455, 456, 457, 458, 481, 482, 483, 484, 485, 488, 489, 490, 491, 492, 499, 500, 504, 515, 516, 523, 548, 550, 551, 552, 553, 557, 558, 560, 564, 565, 566, 570, 571, 572, 575, 576, 582, 583, 586, 587, 593, 600, 604, 609, 610, 611, 613, 614, 623, 624, 625, 626, 627, 629, 640, 641, 642, 644, 706, 708, 709, 710, 712, 713, 717, 725, 726, 731, 732, 733, 734, 735, 736, 737, 740, 742, 743, 744, 745, 752, 763, 764, 765, 766, 774, 778, 779, 780, 785, 821, 822, 827, 828, 832, 852, 853, 854, 855, 856, 857, 858, 870, 874, 875, 879, 880, 881, 885, 886, 887, 888, 889, 891, 892, 893, 894, 900, 908, 912, 919, 923, 924, 925, 926, 927, 928, 929, 930, 931, 932, 933, 934, 935, 936, 939, 941, 946, 971, 972, 973, 974, 975, 976, 977, 978, 979, 980, 981, 982], "excluded_lines": [], "functions": {"ingest_feedback": {"executed_lines": [], "summary": {"covered_lines": 0, "num_statements": 22, "percent_covered": 0.0, "percent_covered_display": "0", "missing_lines": 22, "excluded_lines": 0, "percent_statements_covered": 0.0, "percent_statements_covered_display": "0"}, "missing_lines": [92, 93, 98, 103, 105, 109, 112, 113, 118, 119, 120, 121, 126, 139, 140, 141, 142, 151, 152, 153, 154, 159], "excluded_lines": [], "start_line": 85}, "create_feedback_app": {"executed_lines": [], "summary": {"covered_lines": 0, "num_statements": 16, "percent_covered": 0.0, "percent_covered_display": "0", "missing_lines": 16, "excluded_lines": 0, "percent_statements_covered": 0.0, "percent_statements_covered_display": "0"}, "missing_lines": [206, 207, 208, 209, 214, 220, 221, 229, 230, 231, 235, 244, 245, 246, 247, 248], "excluded_lines": [], "start_line": 201}, "update_feedback_app": {"executed_lines": [], "summary": {"covered_lines": 0, "num_statements": 26, "percent_covered": 0.0, "percent_covered_display": "0", "missing_lines": 26, "excluded_lines": 0, "percent_statements_covered": 0.0, "percent_statements_covered_display": "0"}, "missing_lines": [258, 259, 260, 262, 263, 264, 265, 266, 270, 271, 272, 273, 274, 281, 282, 283, 284, 285, 286, 288, 290, 293, 297, 298, 299, 300], "excluded_lines": [], "start_line": 252}, "list_feedback_apps": {"executed_lines": [], "summary": {"covered_lines": 0, "num_statements": 2, "percent_covered": 0.0, "percent_covered_display": "0", "missing_lines": 2, "excluded_lines": 0, "percent_statements_covered": 0.0, "percent_statements_covered_display": "0"}, "missing_lines": [308, 315], "excluded_lines": [], "start_line": 304}, "kick_feedback_app_analysis": {"executed_lines": [], "summary": {"covered_lines": 0, "num_statements": 20, "percent_covered": 0.0, "percent_covered_display": "0", "missing_lines": 20, "excluded_lines": 0, "percent_statements_covered": 0.0, "percent_statements_covered_display": "0"}, "missing_lines": [351, 352, 353, 354, 355, 359, 360, 361, 363, 364, 371, 372, 373, 375, 376, 377, 378, 380, 381, 384], "excluded_lines": [], "start_line": 340}, "get_feedback_app_analysis": {"executed_lines": [], "summary": {"covered_lines": 0, "num_statements": 13, "percent_covered": 0.0, "percent_covered_display": "0", "missing_lines": 13, "excluded_lines": 0, "percent_statements_covered": 0.0, "percent_statements_covered_display": "0"}, "missing_lines": [393, 394, 395, 396, 397, 398, 399, 400, 401, 402, 409, 410, 411], "excluded_lines": [], "start_line": 388}, "add_analysis_correction": {"executed_lines": [], "summary": {"covered_lines": 0, "num_statements": 18, "percent_covered": 0.0, "percent_covered_display": "0", "missing_lines": 18, "excluded_lines": 0, "percent_statements_covered": 0.0, "percent_statements_covered_display": "0"}, "missing_lines": [432, 433, 434, 435, 436, 437, 438, 439, 440, 441, 448, 449, 453, 454, 455, 456, 457, 458], "excluded_lines": [], "start_line": 418}, "_owned_analysis": {"executed_lines": [], "summary": {"covered_lines": 0, "num_statements": 13, "percent_covered": 0.0, "percent_covered_display": "0", "missing_lines": 13, "excluded_lines": 0, "percent_statements_covered": 0.0, "percent_statements_covered_display": "0"}, "missing_lines": [481, 482, 483, 484, 485, 488, 489, 490, 491, 492, 499, 500, 504], "excluded_lines": [], "start_line": 476}, "list_analysis
[...]
 33, 34, 35, 36, 37, 38, 39, 41, 44, 49, 222, 242, 278, 288, 295, 340], "summary": {"covered_lines": 26, "num_statements": 152, "percent_covered": 17.105263157894736, "percent_covered_display": "17", "missing_lines": 126, "excluded_lines": 0, "percent_statements_covered": 17.105263157894736, "percent_statements_covered_display": "17"}, "missing_lines": [46, 50, 51, 52, 53, 54, 58, 63, 64, 69, 74, 75, 76, 77, 78, 83, 84, 85, 86, 89, 90, 93, 94, 100, 102, 103, 104, 108, 110, 111, 112, 117, 119, 120, 121, 127, 128, 134, 135, 136, 137, 139, 140, 148, 149, 150, 151, 152, 153, 160, 161, 167, 168, 169, 170, 172, 173, 174, 175, 178, 179, 180, 181, 182, 183, 184, 186, 187, 188, 192, 193, 206, 207, 210, 212, 213, 214, 215, 216, 217, 219, 227, 229, 230, 231, 232, 233, 234, 235, 238, 239, 246, 248, 249, 250, 251, 252, 253, 254, 255, 256, 257, 258, 259, 260, 261, 262, 263, 264, 265, 266, 267, 268, 269, 275, 279, 289, 290, 291, 292, 302, 329, 330, 337, 341, 342], "excluded_lines": [], "start_line": 1}}}, "src/bugsift/workers/indexing.py": {"executed_lines": [14, 16, 17, 18, 20, 21, 23, 24, 25, 26, 31, 33, 39, 43, 49, 58, 65, 103, 146], "summary": {"covered_lines": 19, "num_statements": 97, "percent_covered": 19.587628865979383, "percent_covered_display": "20", "missing_lines": 78, "excluded_lines": 0, "percent_statements_covered": 19.587628865979383, "percent_statements_covered_display": "20"}, "missing_lines": [40, 46, 52, 59, 60, 61, 62, 66, 67, 68, 69, 70, 71, 72, 73, 74, 78, 79, 80, 81, 82, 83, 84, 85, 87, 94, 95, 106, 107, 108, 109, 110, 111, 112, 113, 117, 118, 119, 120, 121, 122, 123, 130, 137, 147, 148, 149, 150, 151, 152, 153, 154, 157, 160, 161, 162, 163, 164, 169, 171, 172, 173, 174, 179, 181, 182, 183, 184, 192, 193, 194, 195, 201, 202, 203, 207, 208, 209], "excluded_lines": [], "functions": {"index_repo": {"executed_lines": [], "summary": {"covered_lines": 0, "num_statements": 1, "percent_covered": 0.0, "percent_covered_display": "0", "missing_lines": 1, "excluded_lines": 0, "percent_statements_covered": 0.0, "percent_statements_covered_display": "0"}, "missing_lines": [40], "excluded_lines": [], "start_line": 39}, "index_repo_delta": {"executed_lines": [], "summary": {"covered_lines": 0, "num_statements": 1, "percent_covered": 0.0, "percent_covered_display": "0", "missing_lines": 1, "excluded_lines": 0, "percent_statements_covered": 0.0, "percent_statements_covered_display": "0"}, "missing_lines": [46], "excluded_lines": [], "start_line": 43}, "embed_issue": {"executed_lines": [], "summary": {"covered_lines": 0, "num_statements": 1, "percent_covered": 0.0, "percent_covered_display": "0", "missing_lines": 1, "excluded_lines": 0, "percent_statements_covered": 0.0, "percent_statements_covered_display": "0"}, "missing_lines": [52], "excluded_lines": [], "start_line": 49}, "_with_embedder": {"executed_lines": [], "summary": {"covered_lines": 0, "num_statements": 4, "percent_covered": 0.0, "percent_covered_display": "0", "missing_lines": 4, "excluded_lines": 0, "percent_statements_covered": 0.0, "percent_statements_covered_display": "0"}, "missing_lines": [59, 60, 61, 62], "excluded_lines": [], "start_line": 58}, "_index_repo": {"executed_lines": [], "summary": {"covered_lines": 0, "num_statements": 20, "percent_covered": 0.0, "percent_covered_display": "0", "missing_lines": 20, "excluded_lines": 0, "percent_statements_covered": 0.0, "percent_statements_covered_display": "0"}, "missing_lines": [66, 67, 68, 69, 70, 71, 72, 73, 74, 78, 79, 80, 81, 82, 83, 84, 85, 87, 94, 95], "excluded_lines": [], "start_line": 65}, "_index_repo_delta": {"executed_lines": [], "summary": {"covered_lines": 0, "num_statements": 17, "percent_covered": 0.0, "percent_covered_display": "0", "missing_lines": 17, "excluded_lines": 0, "percent_statements_covered": 0.0, "percent_statements_covered_display": "0"}, "missing_lines": [106, 107, 108, 109, 110, 111, 112, 113, 117, 118, 119, 120, 121, 122, 123, 130, 137], "excluded_lines": [], "start_line": 103}, "_embed_issue": {"executed_lines": [], "summary": {"covered_lines": 0, "num_statements": 34, "percent_covered": 0.0, "percent_covered_display": "0", "missing_lines": 34, "excluded_lines": 0, "percent_statements_covered": 0.0, "percent_statements_covered_display": "0"}, "missing_lines": [147, 148, 149, 150, 151, 152, 153, 154, 157, 160, 161, 162, 163, 164, 169, 171, 172, 173, 174, 179, 181, 182, 183, 184, 192, 193, 194, 195, 201, 202, 203, 207, 208, 209], "excluded_lines": [], "start_line": 146}, "": {"executed_lines": [14, 16, 17, 18, 20, 21, 23, 24, 25, 26, 31, 33, 39, 43, 49, 58, 65, 103, 146], "summary": {"covered_lines": 19, "num_statements": 19, "percent_covered": 100.0, "percent_covered_display": "100", "missing_lines": 0, "excluded_lines": 0, "percent_statements_covered": 100.0, "percent_statements_covered_display": "100"}, "missing_lines": [], "excluded_lines": [], "start_line": 1}}, "classes": {"": {"executed_lines": [14, 16, 17, 18, 20, 21, 23, 24, 25, 26, 31, 33, 39, 43, 49, 58, 65, 103, 146], "summary": {"covered_lines": 19, "num_statements": 97, "percent_covered": 19.587628865979383, "percent_covered_display": "20", "missing_lines": 78, "excluded_lines": 0, "percent_statements_covered": 19.587628865979383, "percent_statements_covered_display": "20"}, "missing_lines": [40, 46, 52, 59, 60, 61, 62, 66, 67, 68, 69, 70, 71, 72, 73, 74, 78, 79, 80, 81, 82, 83, 84, 85, 87, 94, 95, 106, 107, 108, 109, 110, 111, 112, 113, 117, 118, 119, 120, 121, 122, 123, 130, 137, 147, 148, 149, 150, 151, 152, 153, 154, 157, 160, 161, 162, 163, 164, 169, 171, 172, 173, 174, 179, 181, 182, 183, 184, 192, 193, 194, 195, 201, 202, 203, 207, 208, 209], "excluded_lines": [], "start_line": 1}}}, "src/bugsift/workers/runner.py": {"executed_lines": [8, 10, 12, 13, 15, 17, 19, 22, 31], "summary": {"covered_lines": 9, "num_statements": 16, "percent_covered": 56.25, "percent_covered_display": "56", "missing_lines": 7, "excluded_lines": 0, "percent_statements_covered": 56.25, "percent_statements_covered_display": "56"}, "missing_lines": [23, 24, 25, 26, 27, 28, 32], "excluded_lines": [], "functions": {"main": {"executed_lines": [], "summary": {"covered_lines": 0, "num_statements": 6, "percent_covered": 0.0, "percent_covered_display": "0", "missing_lines": 6, "excluded_lines": 0, "percent_statements_covered": 0.0, "percent_statements_covered_display": "0"}, "missing_lines": [23, 24, 25, 26, 27, 28], "excluded_lines": [], "start_line": 22}, "": {"executed_lines": [8, 10, 12, 13, 15, 17, 19, 22, 31], "summary": {"covered_lines": 9, "num_statements": 10, "percent_covered": 90.0, "percent_covered_display": "90", "missing_lines": 1, "excluded_lines": 0, "percent_statements_covered": 90.0, "percent_statements_covered_display": "90"}, "missing_lines": [32], "excluded_lines": [], "start_line": 1}}, "classes": {"": {"executed_lines": [8, 10, 12, 13, 15, 17, 19, 22, 31], "summary": {"covered_lines": 9, "num_statements": 16, "percent_covered": 56.25, "percent_covered_display": "56", "missing_lines": 7, "excluded_lines": 0, "percent_statements_covered": 56.25, "percent_statements_covered_display": "56"}, "missing_lines": [23, 24, 25, 26, 27, 28, 32], "excluded_lines": [], "start_line": 1}}}, "src/bugsift/workers/sla_watch.py": {"executed_lines": [14, 16, 17, 18, 20, 21, 22, 24, 25, 26, 27, 29, 31, 32, 33, 35, 38, 46, 58, 89, 131], "summary": {"covered_lines": 21, "num_statements": 74, "percent_covered": 28.37837837837838, "percent_covered_display": "28", "missing_lines": 53, "excluded_lines": 5, "percent_statements_covered": 28.37837837837838, "percent_statements_covered_display": "28"}, "missing_lines": [41, 42, 43, 48, 49, 50, 51, 52, 55, 59, 60, 61, 69, 70, 71, 72, 73, 74, 75, 76, 77, 78, 79, 80, 81, 82, 83, 85, 86, 91, 93, 94, 95, 96, 97, 98, 99, 100, 101, 102, 103, 104, 119, 120, 121, 122, 125, 126, 127, 128, 136, 150, 151], "excluded_lines": [53, 54, 66, 67, 68], "functions": {"start": {"executed_lines": [], "summary": {"covered_lines": 0, "num_statements": 3, "percent_covered": 0.0, "percent_covered_display": "0", "missing_lines": 3, "excluded_lines": 0, "percent_statements_covered": 0.0, "percent_statements_covered_display": "0"}, "missing_lines": [41, 42, 43], "excluded_lines": [], "start_line": 38}, "stop": {"executed_lines": [], "summary": {"covered_lines": 0, "num_statements": 6, "percent_covered": 0.0, "percent_covered_display": "0", "missing_lines": 6, "excluded_lines": 2, "percent_statements_covered": 0.0, "percent_statements_covered_display": "0"}, "missing_lines": [48, 49, 50, 51, 52, 55], "excluded_lines": [53, 54], "start_line": 46}, "_loop": {"executed_lines": [], "summary": {"covered_lines": 0, "num_statements": 20, "percent_covered": 0.0, "percent_covered_display": "0", "missing_lines": 20, "excluded_lines": 3, "percent_statements_covered": 0.0, "percent_statements_covered_display": "0"}, "missing_lines": [59, 60, 61, 69, 70, 71, 72, 73, 74, 75, 76, 77, 78, 79, 80, 81, 82, 83, 85, 86], "excluded_lines": [66, 67, 68], "start_line": 58}, "_scan_once": {"executed_lines": [], "summary": {"covered_lines": 0, "num_statements": 21, "percent_covered": 0.0, "percent_covered_display": "0", "missing_lines": 21, "excluded_lines": 0, "percent_statements_covered": 0.0, "percent_statements_covered_display": "0"}, "missing_lines": [91, 93, 94, 95, 96, 97, 98, 99, 100, 101, 102, 103, 104, 119, 120, 121, 122, 125, 126, 127, 128], "excluded_lines": [], "start_line": 89}, "_find_breaches": {"executed_lines": [], "summary": {"covered_lines": 0, "num_statements": 3, "percent_covered": 0.0, "percent_covered_display": "0", "missing_lines": 3, "excluded_lines": 0, "percent_statements_covered": 0.0, "percent_statements_covered_display": "0"}, "missing_lines": [136, 150, 151], "excluded_lines": [], "start_line": 131}, "": {"executed_lines": [14, 16, 17, 18, 20, 21, 22, 24, 25, 26, 27, 29, 31, 32, 33, 35, 38, 46, 58, 89, 131], "summary": {"covered_lines": 21, "num_statements": 21, "percent_covered": 100.0, "percent_covered_display": "100", "missing_lines": 0, "excluded_lines": 0, "percent_statements_covered": 100.0, "percent_statements_covered_display": "100"}, "missing_lines": [], "excluded_lines": [], "start_line": 1}}, "classes": {"": {"executed_lines": [14, 16, 17, 18, 20, 21, 22, 24, 25, 26, 27, 29, 31, 32, 33, 35, 38, 46, 58, 89, 131], "summary": {"covered_lines": 21, "num_statements": 74, "percent_covered": 28.37837837837838, "percent_covered_display": "28", "missing_lines": 53, "excluded_lines": 5, "percent_statements_covered": 28.37837837837838, "percent_statements_covered_display": "28"}, "missing_lines": [41, 42, 43, 48, 49, 50, 51, 52, 55, 59, 60, 61, 69, 70, 71, 72, 73, 74, 75, 76, 77, 78, 79, 80, 81, 82, 83, 85, 86, 91, 93, 94, 95, 96, 97, 98, 99, 100, 101, 102, 103, 104, 119, 120, 121, 122, 125, 126, 127, 128, 136, 150, 151], "excluded_lines": [53, 54, 66, 67, 68], "start_line": 1}}}, "src/bugsift/workers/slack.py": {"executed_lines": [12, 14, 15, 17, 19, 20, 27, 28, 30, 33, 39, 119], "summary": {"covered_lines": 12, "num_statements": 58, "percent_covered": 20.689655172413794, "percent_covered_display": "21", "missing_lines": 46, "excluded_lines": 0, "percent_statements_covered": 20.689655172413794, "percent_statements_covered_display": "21"}, "missing_lines": [36, 42, 43, 44, 45, 46, 48, 49, 50, 51, 52, 53, 54, 57, 63, 64, 65, 69, 76, 77, 79, 81, 82, 84, 85, 89, 90, 91, 92, 100, 101, 107, 108, 109, 110, 123, 124, 125, 126, 127, 128, 129, 130, 131, 132, 133], "excluded_lines": [], "functions": {"notify_card_event": {"executed_lines": [], "summary": {"covered_lines": 0, "num_statements": 1, "percent_covered": 0.0, "percent_covered_display": "0", "missing_lines": 1, "excluded_lines": 0, "percent_statements_covered": 0.0, "percent_statements_covered_display": "0"}, "missing_lines": [36], "excluded_lines": [], "start_line": 33}, "_notify_card_event": {"executed_lines": [], "summary": {"covered_lines": 0, "num_statements": 34, "percent_covered": 0.0, "percent_covered_display": "0", "missing_lines": 34, "excluded_lines": 0, "percent_statements_covered": 0.0, "percent_statements_covered_display": "0"}, "missing_lines": [42, 43, 44, 45, 46, 48, 49, 50, 51, 52, 53, 54, 57, 63, 64, 65, 69, 76, 77, 79, 81, 82, 84, 85, 89, 90, 91, 92, 100, 101, 107, 108, 109, 110], "excluded_lines": [], "start_line": 39}, "_lead_report_text": {"executed_lines": [], "summary": {"covered_lines": 0, "num_statements": 11, "percent_covered": 0.0, "percent_covered_display": "0", "missing_lines": 11, "excluded_lines": 0, "percent_statements_covered": 0.0, "percent_statements_covered_display": "0"}, "missing_lines": [123, 124, 125, 126, 127, 128, 129, 130, 131, 132, 133], "excluded_lines": [], "start_line": 119}, "": {"executed_lines": [12, 14, 15, 17, 19, 20, 27, 28, 30, 33, 39, 119], "summary": {"covered_lines": 12, "num_statements": 12, "percent_covered": 100.0, "percent_covered_display": "100", "missing_lines": 0, "excluded_lines": 0, "percent_statements_covered": 100.0, "percent_statements_covered_display": "100"}, "missing_lines": [], "excluded_lines": [], "start_line": 1}}, "classes": {"": {"executed_lines": [12, 14, 15, 17, 19, 20, 27, 28, 30, 33, 39, 119], "summary": {"covered_lines": 12, "num_statements": 58, "percent_covered": 20.689655172413794, "percent_covered_display": "21", "missing_lines": 46, "excluded_lines": 0, "percent_statements_covered": 20.689655172413794, "percent_statements_covered_display": "21"}, "missing_lines": [36, 42, 43, 44, 45, 46, 48, 49, 50, 51, 52, 53, 54, 57, 63, 64, 65, 69, 76, 77, 79, 81, 82, 84, 85, 89, 90, 91, 92, 100, 101, 107, 108, 109, 110, 123, 124, 125, 126, 127, 128, 129, 130, 131, 132, 133], "excluded_lines": [], "start_line": 1}}}, "src/bugsift/workers/triage.py": {"executed_lines": [8, 10, 11, 12, 13, 15, 17, 18, 19, 20, 21, 22, 23, 24, 25, 27, 29, 32, 37, 155, 181, 223, 236, 243, 256, 292], "summary": {"covered_lines": 26, "num_statements": 140, "percent_covered": 18.571428571428573, "percent_covered_display": "19", "missing_lines": 114, "excluded_lines": 0, "percent_statements_covered": 18.571428571428573, "percent_statements_covered_display": "19"}, "missing_lines": [34, 38, 39, 40, 41, 42, 43, 44, 46, 47, 50, 51, 54, 56, 57, 58, 59, 61, 68, 69, 74, 76, 77, 88, 89, 90, 91, 92, 93, 94, 101, 102, 107, 108, 112, 113, 114, 115, 116, 117, 118, 119, 120, 121, 122, 124, 125, 126, 130, 131, 140, 141, 144, 146, 147, 148, 149, 150, 152, 162, 164, 165, 166, 167, 168, 173, 174, 177, 178, 188, 190, 191, 192, 193, 194, 195, 196, 198, 199, 200, 201, 202, 203, 204, 205, 206, 207, 208, 209, 210, 211, 212, 220, 226, 227, 228, 229, 230, 231, 232, 233, 237, 238, 239, 240, 244, 245, 246, 259, 281, 282, 289, 294, 295], "excluded_lines": [], "functions": {"process_issue_opened": {"executed_lines": [], "summary": {"covered_lines": 0, "num_statements": 1, "percent_covered": 0.0, "percent_covered_display": "0", "missing_lines": 1, "excluded_lines": 0, "percent_statements_covered": 0.0, "percent_statements_covered_display": "0"}, "missing_lines": [34], "excluded_lines": [], "start_line": 32}, "_process_issue_opened": {"executed_lines": [], "summary": {"covered_lines": 0, "num_statements": 58, "percent_covered": 0.0, "percent_covered_display": "0", "missing_lines": 58, "excluded_lines": 0, "percent_statements_covered": 0.0, "percent_statements_covered_display": "0"}, "missing_lines": [38, 39, 40, 41, 42, 43, 44, 46, 47, 50, 51, 54, 56, 57, 58, 59, 61, 68, 69, 74, 76, 77, 88, 89, 90, 91, 92, 93, 94, 101, 102, 107, 108, 112, 113, 114, 115, 116, 117, 118, 119, 120, 121, 122, 124, 125, 126, 130, 131, 140, 141, 144, 146, 147, 148, 149, 150, 152], "excluded_lines": [], "start_line": 37}, "_fire_slack_events": {"executed_lines": [], "summary": {"covered_lines": 0, "num_statements": 10, "percent_covered": 0.0, "percent_covered_display": "0", "missing_lines": 10, "excluded_lines": 0, "percent_statements_covered": 0.0, "percent_statements_covered_display": "0"}, "missing_lines": [162, 164, 165, 166, 167, 168, 173, 174, 177, 178], "excluded_lines": [], "start_line": 155}, "_apply_routing_rules": {"executed_lines": [], "summary": {"covered_lines": 0, "num_statements": 24, "percent_covered": 0.0, "percent_covered_display": "0", "missing_lines": 24, "excluded_lines": 0, "percent_statements_covered": 0.0, "percent_statements_covered_display": "0"}, "missing_lines": [188, 190, 191, 192, 193, 194, 195, 196, 198, 199, 200, 201, 202, 203, 204, 205, 206, 207, 208, 209, 210, 211, 212, 220], "excluded_lines": [], "start_line": 181}, "_reproduce_languages_from_config": {"executed_lines": [], "summary": {"covered_lines": 0, "num_statements": 8, "percent_covered": 0.0, "percent_covered_display": "0", "missing_lines": 8, "excluded_lines": 0, "percent_statements_covered": 0.0, "percent_statements_covered_display": "0"}, "missing_lines": [226, 227, 228, 229, 230, 231, 232, 233], "excluded_lines": [], "start_line": 223}, "_load_user": {"executed_lines": [], "summary": {"covered_lines": 0, "num_statements": 4, "percent_covered": 0.0, "percent_covered_display": "0", "missing_lines": 4, "excluded_lines": 0, "percent_statements_covered": 0.0, "percent_statements_covered_display": "0"}, "missing_lines": [237, 238, 239, 240], "excluded_lines": [], "start_line": 236}, "_config_dict": {"executed_lines": [], "summary": {"covered_lines": 0, "num_statements": 3, "percent_covered": 0.0, "percent_covered_display": "0", "missing_lines": 3, "excluded_lines": 0, "percent_statements_covered": 0.0, "percent_statements_covered_display": "0"}, "missing_lines": [244, 245, 246], "excluded_lines": [], "start_line": 243}, "_write_card": {"executed_lines": [], "summary": {"covered_lines": 0, "num_statements": 4, "percent_covered": 0.0, "percent_covered_display": "0", "missing_lines": 4, "excluded_lines": 0, "percent_statements_covered": 0.0, "percent_statements_covered_display": "0"}, "missing_lines": [259, 281, 282, 289], "excluded_lines": [], "start_line": 256}, "_record_llm_usage": {"executed_lines": [], "summary": {"covered_lines": 0, "num_statements": 2, "percent_covered": 0.0, "percent_covered_display": "0", "missing_lines": 2, "excluded_lines": 0, "percent_statements_covered": 0.0, "percent_statements_covered_display": "0"}, "missing_lines": [294, 295], "excluded_lines": [], "start_line": 292}, "": {"executed_lines": [8, 10, 11, 12, 13, 15, 17, 18, 19, 20, 21, 22, 23, 24, 25, 27, 29, 32, 37, 155, 181, 223, 236, 243, 256, 292], "summary": {"covered_lines": 26, "num_statements": 26, "percent_covered": 100.0, "percent_covered_display": "100", "missing_lines": 0, "excluded_lines": 0, "percent_statements_covered": 100.0, "percent_statements_covered_display": "100"}, "missing_lines": [], "excluded_lines": [], "start_line": 1}}, "classes": {"": {"executed_lines": [8, 10, 11, 12, 13, 15, 17, 18, 19, 20, 21, 22, 23, 24, 25, 27, 29, 32, 37, 155, 181, 223, 236, 243, 256, 292], "summary": {"covered_lines": 26, "num_statements": 140, "percent_covered": 18.571428571428573, "percent_covered_display": "19", "missing_lines": 114, "excluded_lines": 0, "percent_statements_covered": 18.571428571428573, "percent_statements_covered_display": "19"}, "missing_lines": [34, 38, 39, 40, 41, 42, 43, 44, 46, 47, 50, 51, 54, 56, 57, 58, 59, 61, 68, 69, 74, 76, 77, 88, 89, 90, 91, 92, 93, 94, 101, 102, 107, 108, 112, 113, 114, 115, 116, 117, 118, 119, 120, 121, 122, 124, 125, 126, 130, 131, 140, 141, 144, 146, 147, 148, 149, 150, 152, 162, 164, 165, 166, 167, 168, 173, 174, 177, 178, 188, 190, 191, 192, 193, 194, 195, 196, 198, 199, 200, 201, 202, 203, 204, 205, 206, 207, 208, 209, 210, 211, 212, 220, 226, 227, 228, 229, 230, 231, 232, 233, 237, 238, 239, 240, 244, 245, 246, 259, 281, 282, 289, 294, 295], "excluded_lines": [], "start_line": 1}}}}, "totals": {"covered_lines": 2370, "num_statements": 6431, "percent_covered": 36.85274451873737, "percent_covered_display": "37", "missing_lines": 4061, "excluded_lines": 36, "percent_statements_covered": 36.85274451873737, "percent_statements_covered_display": "37"}}