{"meta": {"format": 3, "version": "7.14.1", "timestamp": "2026-06-22T10:06:32.422277", "branch_coverage": false, "show_contexts": false}, "files": {"src\\bugsift\\__init__.py": {"executed_lines": [1], "summary": {"covered_lines": 1, "num_statements": 1, "percent_covered": 100.0, "percent_covered_display": "100", "missing_lines": 0, "excluded_lines": 0, "percent_statements_covered": 100.0, "percent_statements_covered_display": "100"}, "missing_lines": [], "excluded_lines": [], "functions": {"": {"executed_lines": [1], "summary": {"covered_lines": 1, "num_statements": 1, "percent_covered": 100.0, "percent_covered_display": "100", "missing_lines": 0, "excluded_lines": 0, "percent_statements_covered": 100.0, "percent_statements_covered_display": "100"}, "missing_lines": [], "excluded_lines": [], "start_line": 1}}, "classes": {"": {"executed_lines": [1], "summary": {"covered_lines": 1, "num_statements": 1, "percent_covered": 100.0, "percent_covered_display": "100", "missing_lines": 0, "excluded_lines": 0, "percent_statements_covered": 100.0, "percent_statements_covered_display": "100"}, "missing_lines": [], "excluded_lines": [], "start_line": 1}}}, "src\\bugsift\\agent\\__init__.py": {"executed_lines": [], "summary": {"covered_lines": 0, "num_statements": 0, "percent_covered": 100.0, "percent_covered_display": "100", "missing_lines": 0, "excluded_lines": 0, "percent_statements_covered": 100.0, "percent_statements_covered_display": "100"}, "missing_lines": [], "excluded_lines": [], "functions": {"": {"executed_lines": [], "summary": {"covered_lines": 0, "num_statements": 0, "percent_covered": 100.0, "percent_covered_display": "100", "missing_lines": 0, "excluded_lines": 0, "percent_statements_covered": 100.0, "percent_statements_covered_display": "100"}, "missing_lines": [], "excluded_lines": [], "start_line": 1}}, "classes": {"": {"executed_lines": [], "summary": {"covered_lines": 0, "num_statements": 0, "percent_covered": 100.0, "percent_covered_display": "100", "missing_lines": 0, "excluded_lines": 0, "percent_statements_covered": 100.0, "percent_statements_covered_display": "100"}, "missing_lines": [], "excluded_lines": [], "start_line": 1}}}, "src\\bugsift\\agent\\orchestrator.py": {"executed_lines": [10, 12, 13, 15, 17, 18, 19, 20, 21, 22, 23, 24, 25, 26, 27, 29, 32, 36, 54, 55, 56, 60, 61, 65, 66, 67, 69, 70, 76, 77, 81, 83, 95, 104, 119, 125, 130, 134, 135, 136, 139, 142, 144, 145, 146, 147], "summary": {"covered_lines": 46, "num_statements": 59, "percent_covered": 77.96610169491525, "percent_covered_display": "78", "missing_lines": 13, "excluded_lines": 3, "percent_statements_covered": 77.96610169491525, "percent_statements_covered_display": "78"}, "missing_lines": [59, 84, 91, 93, 96, 105, 112, 113, 120, 126, 143, 148, 151], "excluded_lines": [33, 34, 35], "functions": {"_Embedder.embed": {"executed_lines": [], "summary": {"covered_lines": 0, "num_statements": 0, "percent_covered": 100.0, "percent_covered_display": "100", "missing_lines": 0, "excluded_lines": 1, "percent_statements_covered": 100.0, "percent_statements_covered_display": "100"}, "missing_lines": [], "excluded_lines": [33], "start_line": 33}, "run": {"executed_lines": [54, 55, 56, 60, 61, 65, 66, 67, 69, 70, 76, 77, 81, 83, 95, 104, 119, 125, 130, 134, 135, 136], "summary": {"covered_lines": 22, "num_statements": 32, "percent_covered": 68.75, "percent_covered_display": "69", "missing_lines": 10, "excluded_lines": 0, "percent_statements_covered": 68.75, "percent_statements_covered_display": "69"}, "missing_lines": [59, 84, 91, 93, 96, 105, 112, 113, 120, 126], "excluded_lines": [], "start_line": 36}, "_draft_if_possible": {"executed_lines": [142, 144, 145, 146, 147], "summary": {"covered_lines": 5, "num_statements": 8, "percent_covered": 62.5, "percent_covered_display": "62", "missing_lines": 3, "excluded_lines": 0, "percent_statements_covered": 62.5, "percent_statements_covered_display": "62"}, "missing_lines": [143, 148, 151], "excluded_lines": [], "start_line": 139}, "": {"executed_lines": [10, 12, 13, 15, 17, 18, 19, 20, 21, 22, 23, 24, 25, 26, 27, 29, 32, 36, 139], "summary": {"covered_lines": 19, "num_statements": 19, "percent_covered": 100.0, "percent_covered_display": "100", "missing_lines": 0, "excluded_lines": 2, "percent_statements_covered": 100.0, "percent_statements_covered_display": "100"}, "missing_lines": [], "excluded_lines": [34, 35], "start_line": 1}}, "classes": {"_Embedder": {"executed_lines": [], "summary": {"covered_lines": 0, "num_statements": 0, "percent_covered": 100.0, "percent_covered_display": "100", "missing_lines": 0, "excluded_lines": 1, "percent_statements_covered": 100.0, "percent_statements_covered_display": "100"}, "missing_lines": [], "excluded_lines": [33], "start_line": 32}, "": {"executed_lines": [10, 12, 13, 15, 17, 18, 19, 20, 21, 22, 23, 24, 25, 26, 27, 29, 32, 36, 54, 55, 56, 60, 61, 65, 66, 67, 69, 70, 76, 77, 81, 83, 95, 104, 119, 125, 130, 134, 135, 136, 139, 142, 144, 145, 146, 147], "summary": {"covered_lines": 46, "num_statements": 59, "percent_covered": 77.96610169491525, "percent_covered_display": "78", "missing_lines": 13, "excluded_lines": 2, "percent_statements_covered": 77.96610169491525, "percent_statements_covered_display": "78"}, "missing_lines": [59, 84, 91, 93, 96, 105, 112, 113, 120, 126, 143, 148, 151], "excluded_lines": [34, 35], "start_line": 1}}}, "src\\bugsift\\agent\\prompts\\__init__.py": {"executed_lines": [6, 8, 9, 10, 12, 14, 17, 18, 19, 29, 30], "summary": {"covered_lines": 11, "num_statements": 11, "percent_covered": 100.0, "percent_covered_display": "100", "missing_lines": 0, "excluded_lines": 0, "percent_statements_covered": 100.0, "percent_statements_covered_display": "100"}, "missing_lines": [], "excluded_lines": [], "functions": {"_env": {"executed_lines": [19], "summary": {"covered_lines": 1, "num_statements": 1, "percent_covered": 100.0, "percent_covered_display": "100", "missing_lines": 0, "excluded_lines": 0, "percent_statements_covered": 100.0, "percent_statements_covered_display": "100"}, "missing_lines": [], "excluded_lines": [], "start_line": 18}, "render": {"executed_lines": [30], "summary": {"covered_lines": 1, "num_statements": 1, "percent_covered": 100.0, "percent_covered_display": "100", "missing_lines": 0, "excluded_lines": 0, "percent_statements_covered": 100.0, "percent_statements_covered_display": "100"}, "missing_lines": [], "excluded_lines": [], "start_line": 29}, "": {"executed_lines": [6, 8, 9, 10, 12, 14, 17, 18, 29], "summary": {"covered_lines": 9, "num_statements": 9, "percent_covered": 100.0, "percent_covered_display": "100", "missing_lines": 0, "excluded_lines": 0, "percent_statements_covered": 100.0, "percent_statements_covered_display": "100"}, "missing_lines": [], "excluded_lines": [], "start_line": 1}}, "classes": {"": {"executed_lines": [6, 8, 9, 10, 12, 14, 17, 18, 19, 29, 30], "summary": {"covered_lines": 11, "num_statements": 11, "percent_covered": 100.0, "percent_covered_display": "100", "missing_lines": 0, "excluded_lines": 0, "percent_statements_covered": 100.0, "percent_statements_covered_display": "100"}, "missing_lines": [], "excluded_lines": [], "start_line": 1}}}, "src\\bugsift\\agent\\severity.py": {"executed_lines": [33, 35, 37, 39, 42, 45, 46, 47, 49, 50, 51, 52, 53, 54, 55, 57, 60, 61, 62, 63, 64, 65, 66, 67, 68, 71, 72, 73, 74, 75, 78, 79], "summary": {"covered_lines": 32, "num_statements": 34, "percent_covered": 94.11764705882354, "percent_covered_display": "94", "missing_lines": 2, "excluded_lines": 0, "percent_statements_covered": 94.11764705882354, "percent_statements_covered_display": "94"}, "missing_lines": [76, 77], "excluded_lines": [], "functions": {"compute_severity": {"executed_lines": [45, 46, 47, 49, 50, 51, 52, 53, 54, 55, 57], "summary": {"covered_lines": 11, "num_statements": 11, "percent_covered": 100.0, "percent_covered_display": "100", "missing_lines": 0, "excluded_lines": 0, "percent_statements_covered": 100.0, "percent_statements_covered_display": "100"}, "missing_lines": [], "excluded_lines": [], "start_line": 42}, "_base_for_classification": {"executed_lines": [61, 62, 63, 64, 65, 66, 67, 68], "summary": {"covered_lines": 8, "num_statements": 8, "percent_covered": 100.0, "percent_covered_display": "100", "missing_lines": 0, "excluded_lines": 0, "percent_statements_covered": 100.0, "percent_statements_covered_display": "100"}, "missing_lines": [], "excluded_lines": [], "start_line": 60}, "_bump": {"executed_lines": [72, 73, 74, 75, 78, 79], "summary": {"covered_lines": 6, "num_statements": 8, "percent_covered": 75.0, "percent_covered_display": "75", "missing_lines": 2, "excluded_lines": 0, "percent_statements_covered": 75.0, "percent_statements_covered_display": "75"}, "missing_lines": [76, 77], "excluded_lines": [], "start_line": 71}, "": {"executed_lines": [33, 35, 37, 39, 42, 60, 71], "summary": {"covered_lines": 7, "num_statements": 7, "percent_covered": 100.0, "percent_covered_display": "100", "missing_lines": 0, "excluded_lines": 0, "percent_statements_covered": 100.0, "percent_statements_covered_display": "100"}, "missing_lines": [], "excluded_lines": [], "start_line": 1}}, "classes": {"": {"executed_lines": [33, 35, 37, 39, 42, 45, 46, 47, 49, 50, 51, 52, 53, 54, 55, 57, 60, 61, 62, 63, 64, 65, 66, 67, 68, 71, 72, 73, 74, 75, 78, 79], "summary": {"covered_lines": 32, "num_statements": 34, "percent_covered": 94.11764705882354, "percent_covered_display": "94", "missing_lines": 2, "excluded_lines": 0, "percent_statements_covered": 94.11764705882354, "percent_statements_covered_display": "94"}, "missing_lines": [76, 77], "excluded_lines": [], "start_line": 1}}}, "src\\bugsift\\agent\\state.py": {"executed_lines": [12, 14, 15, 17, 18, 19, 22, 23, 24, 25, 26, 29, 30, 31, 32, 33, 36, 37, 45, 46, 47, 48, 49, 50, 51, 52, 53, 56, 57, 58, 59, 60, 61, 62, 65, 66, 68, 69, 70, 71, 72, 73, 74, 75, 76, 79, 80, 81, 82, 83, 84, 87, 90, 91, 92, 93, 94, 97, 98, 99, 100, 101, 102, 103, 106, 107, 108, 113, 122, 125, 127, 128, 129, 130, 132], "summary": {"covered_lines": 75, "num_statements": 76, "percent_covered": 98.6842105263158, "percent_covered_display": "99", "missing_lines": 1, "excluded_lines": 0, "percent_statements_covered": 98.6842105263158, "percent_statements_covered_display": "99"}, "missing_lines": [133], "excluded_lines": [], "functions": {"TriageState.short_circuit": {"executed_lines": [128, 129, 130], "summary": {"covered_lines": 3, "num_statements": 3, "percent_covered": 100.0, "percent_covered_display": "100", "missing_lines": 0, "excluded_lines": 0, "percent_statements_covered": 100.0, "percent_statements_covered_display": "100"}, "missing_lines": [], "excluded_lines": [], "start_line": 127}, "TriageState.total_cost_usd": {"executed_lines": [], "summary": {"covered_lines": 0, "num_statements": 1, "percent_covered": 0.0, "percent_covered_display": "0", "missing_lines": 1, "excluded_lines": 0, "percent_statements_covered": 0.0, "percent_statements_covered_display": "0"}, "missing_lines": [133], "excluded_lines": [], "start_line": 132}, "": {"executed_lines": [12, 14, 15, 17, 18, 19, 22, 23, 24, 25, 26, 29, 30, 31, 32, 33, 36, 37, 45, 46, 47, 48, 49, 50, 51, 52, 53, 56, 57, 58, 59, 60, 61, 62, 65, 66, 68, 69, 70, 71, 72, 73, 74, 75, 76, 79, 80, 81, 82, 83, 84, 87, 90, 91, 92, 93, 94, 97, 98, 99, 100, 101, 102, 103, 106, 107, 108, 113, 122, 125, 127, 132], "summary": {"covered_lines": 72, "num_statements": 72, "percent_covered": 100.0, "percent_covered_display": "100", "missing_lines": 0, "excluded_lines": 0, "percent_statements_covered": 100.0, "percent_statements_covered_display": "100"}, "missing_lines": [], "excluded_lines": [], "start_line": 1}}, "classes": {"DuplicateCandidate": {"executed_lines": [], "summary": {"covered_lines": 0, "num_statements": 0, "percent_covered": 100.0, "percent_covered_display": "100", "missing_lines": 0, "excluded_lines": 0, "percent_statements_covered": 100.0, "percent_statements_covered_display": "100"}, "missing_lines": [], "excluded_lines": [], "start_line": 23}, "SuspectedFile": {"executed_lines": [], "summary": {"covered_lines": 0, "num_statements": 0, "percent_covered": 100.0, "percent_covered_display": "100", "missing_lines": 0, "excluded_lines": 0, "percent_statements_covered": 100.0, "percent_statements_covered_display": "100"}, "missing_lines": [], "excluded_lines": [], "start_line": 30}, "RegressionSuspectRecord": {"executed_lines": [], "summary": {"covered_lines": 0, "num_statements": 0, "percent_covered": 100.0, "percent_covered_display": "100", "missing_lines": 0, "excluded_lines": 0, "percent_statements_covered": 100.0, "percent_statements_covered_display": "100"}, "missing_lines": [], "excluded_lines": [], "start_line": 37}, "LLMCallRecord": {"executed_lines": [], "summary": {"covered_lines": 0, "num_statements": 0, "percent_covered": 100.0, "percent_covered_display": "100", "missing_lines": 0, "excluded_lines": 0, "percent_statements_covered": 100.0, "percent_statements_covered_display": "100"}, "missing_lines": [], "excluded_lines": [], "start_line": 57}, "TriageState": {"executed_lines": [128, 129, 130], "summary": {"covered_lines": 3, "num_statements": 4, "percent_covered": 75.0, "percent_covered_display": "75", "missing_lines": 1, "excluded_lines": 0, "percent_statements_covered": 75.0, "percent_statements_covered_display": "75"}, "missing_lines": [133], "excluded_lines": [], "start_line": 66}, "": {"executed_lines": [12, 14, 15, 17, 18, 19, 22, 23, 24, 25, 26, 29, 30, 31, 32, 33, 36, 37, 45, 46, 47, 48, 49, 50, 51, 52, 53, 56, 57, 58, 59, 60, 61, 62, 65, 66, 68, 69, 70, 71, 72, 73, 74, 75, 76, 79, 80, 81, 82, 83, 84, 87, 90, 91, 92, 93, 94, 97, 98, 99, 100, 101, 102, 103, 106, 107, 108, 113, 122, 125, 127, 132], "summary": {"covered_lines": 72, "num_statements": 72, "percent_covered": 100.0, "percent_covered_display": "100", "missing_lines": 0, "excluded_lines": 0, "percent_statements_covered": 100.0, "percent_statements_covered_display": "100"}, "missing_lines": [], "excluded_lines": [], "start_line": 1}}}, "src\\bugsift\\agent\\steps\\__init__.py": {"executed_lines": [], "summary": {"covered_lines": 0, "num_statements": 0, "percent_covered": 100.0, "percent_covered_display": "100", "missing_lines": 0, "excluded_lines": 0, "percent_statements_covered": 100.0, "percent_statements_covered_display": "100"}, "missing_lines": [], "excluded_lines": [], "functions": {"": {"executed_lines": [], "summary": {"covered_lines": 0, "num_statements": 0, "percent_covered": 100.0, "percent_covered_display": "100", "missing_lines": 0, "excluded_lines": 0, "percent_statements_covered": 100.0, "percent_statements_covered_display": "100"}, "missing_lines": [], "excluded_lines": [], "start_line": 1}}, "classes": {"": {"executed_lines": [], "summary": {"covered_lines": 0, "num_statements": 0, "percent_covered": 100.0, "percent_covered_display": "100", "missing_lines": 0, "excluded_lines": 0, "percent_statements_covered": 100.0, "percent_statements_covered_display": "100"}, "missing_lines": [], "excluded_lines": [], "start_line": 1}}}, "src\\bugsift\\agent\\steps\\_json_parse.py": {"executed_lines": [8, 10, 11, 12, 14, 17, 18, 19, 20, 21, 23, 24, 25, 26, 27, 28, 29, 30, 31, 32, 34], "summary": {"covered_lines": 21, "num_statements": 22, "percent_covered": 95.45454545454545, "percent_covered_display": "95", "missing_lines": 1, "excluded_lines": 0, "percent_statements_covered": 95.45454545454545, "percent_statements_covered_display": "95"}, "missing_lines": [33], "excluded_lines": [], "functions": {"parse_json_object": {"executed_lines": [18, 19, 20, 21, 23, 24, 25, 26, 27, 28, 29, 30, 31, 32, 34], "summary": {"covered_lines": 15, "num_statements": 16, "percent_covered": 93.75, "percent_covered_display": "94", "missing_lines": 1, "excluded_lines": 0, "percent_statements_covered": 93.75, "percent_statements_covered_display": "94"}, "missing_lines": [33], "excluded_lines": [], "start_line": 17}, "": {"executed_lines": [8, 10, 11, 12, 14, 17], "summary": {"covered_lines": 6, "num_statements": 6, "percent_covered": 100.0, "percent_covered_display": "100", "missing_lines": 0, "excluded_lines": 0, "percent_statements_covered": 100.0, "percent_statements_covered_display": "100"}, "missing_lines": [], "excluded_lines": [], "start_line": 1}}, "classes": {"": {"executed_lines": [8, 10, 11, 12, 14, 17, 18, 19, 20, 21, 23, 24, 25, 26, 27, 28, 29, 30, 31, 32, 34], "summary": {"covered_lines": 21, "num_statements": 22, "percent_covered": 95.45454545454545, "percent_covered_display": "95", "missing_lines": 1, "excluded_lines": 0, "percent_statements_covered": 95.45454545454545, "percent_statements_covered_display": "95"}, "missing_lines": [33], "excluded_lines": [], "start_line": 1}}}, "src\\bugsift\\agent\\steps\\assignment.py": {"executed_lines": [13, 15, 17, 19, 20, 21, 23, 26, 29, 30, 31, 32, 33, 34, 35, 42, 43, 44, 45, 46, 52], "summary": {"covered_lines": 21, "num_statements": 24, "percent_covered": 87.5, "percent_covered_display": "88", "missing_lines": 3, "excluded_lines": 0, "percent_statements_covered": 87.5, "percent_statements_covered_display": "88"}, "missing_lines": [36, 37, 41], "excluded_lines": [], "functions": {"run": {"executed_lines": [29, 30, 31, 32, 33, 34, 35, 42, 43, 44, 45, 46, 52], "summary": {"covered_lines": 13, "num_statements": 16, "percent_covered": 81.25, "percent_covered_display": "81", "missing_lines": 3, "excluded_lines": 0, "percent_statements_covered": 81.25, "percent_statements_covered_display": "81"}, "missing_lines": [36, 37, 41], "excluded_lines": [], "start_line": 26}, "": {"executed_lines": [13, 15, 17, 19, 20, 21, 23, 26], "summary": {"covered_lines": 8, "num_statements": 8, "percent_covered": 100.0, "percent_covered_display": "100", "missing_lines": 0, "excluded_lines": 0, "percent_statements_covered": 100.0, "percent_statements_covered_display": "100"}, "missing_lines": [], "excluded_lines": [], "start_line": 1}}, "classes": {"": {"executed_lines": [13, 15, 17, 19, 20, 21, 23, 26, 29, 30, 31, 32, 33, 34, 35, 42, 43, 44, 45, 46, 52], "summary": {"covered_lines": 21, "num_statements": 24, "percent_covered": 87.5, "percent_covered_display": "88", "missing_lines": 3, "excluded_lines": 0, "percent_statements_covered": 87.5, "percent_statements_covered_display": "88"}, "missing_lines": [36, 37, 41], "excluded_lines": [], "start_line": 1}}}, "src\\bugsift\\agent\\steps\\classify.py": {"executed_lines": [8, 10, 12, 13, 14, 15, 17, 19, 20, 21, 24, 25, 34, 39, 49, 50, 51, 52, 53, 54, 55, 56, 57, 63, 65, 66, 67, 69, 70, 71, 72, 73], "summary": {"covered_lines": 32, "num_statements": 32, "percent_covered": 100.0, "percent_covered_display": "100", "missing_lines": 0, "excluded_lines": 0, "percent_statements_covered": 100.0, "percent_statements_covered_display": "100"}, "missing_lines": [], "excluded_lines": [], "functions": {"run": {"executed_lines": [25, 34, 39, 49, 50, 51, 52, 53, 54, 55, 56, 57, 63, 65, 66, 67, 69, 70, 71, 72, 73], "summary": {"covered_lines": 21, "num_statements": 21, "percent_covered": 100.0, "percent_covered_display": "100", "missing_lines": 0, "excluded_lines": 0, "percent_statements_covered": 100.0, "percent_statements_covered_display": "100"}, "missing_lines": [], "excluded_lines": [], "start_line": 24}, "": {"executed_lines": [8, 10, 12, 13, 14, 15, 17, 19, 20, 21, 24], "summary": {"covered_lines": 11, "num_statements": 11, "percent_covered": 100.0, "percent_covered_display": "100", "missing_lines": 0, "excluded_lines": 0, "percent_statements_covered": 100.0, "percent_statements_covered_display": "100"}, "missing_lines": [], "excluded_lines": [], "start_line": 1}}, "classes": {"": {"executed_lines": [8, 10, 12, 13, 14, 15, 17, 19, 20, 21, 24, 25, 34, 39, 49, 50, 51, 52, 53, 54, 55, 56, 57, 63, 65, 66, 67, 69, 70, 71, 72, 73], "summary": {"covered_lines": 32, "num_statements": 32, "percent_covered": 100.0, "percent_covered_display": "100", "missing_lines": 0, "excluded_lines": 0, "percent_statements_covered": 100.0, "percent_statements_covered_display": "100"}, "missing_lines": [], "excluded_lines": [], "start_line": 1}}}, "src\\bugsift\\agent\\steps\\comment.py": {"executed_lines": [8, 10, 12, 13, 14, 15, 17, 19, 20, 28, 29, 31, 32, 33, 35, 52, 57, 67, 68, 69, 70, 71, 73, 74, 75, 76, 78, 79, 85, 88, 89, 90, 92, 93, 94, 95], "summary": {"covered_lines": 36, "num_statements": 38, "percent_covered": 94.73684210526316, "percent_covered_display": "95", "missing_lines": 2, "excluded_lines": 0, "percent_statements_covered": 94.73684210526316, "percent_statements_covered_display": "95"}, "missing_lines": [72, 77], "excluded_lines": [], "functions": {"run": {"executed_lines": [29, 31, 32, 33, 35, 52, 57, 67, 68, 69, 70, 71, 73, 74, 75, 76, 78, 79, 85, 88, 89, 90, 92, 93, 94, 95], "summary": {"covered_lines": 26, "num_statements": 28, "percent_covered": 92.85714285714286, "percent_covered_display": "93", "missing_lines": 2, "excluded_lines": 0, "percent_statements_covered": 92.85714285714286, "percent_statements_covered_display": "93"}, "missing_lines": [72, 77], "excluded_lines": [], "start_line": 28}, "": {"executed_lines": [8, 10, 12, 13, 14, 15, 17, 19, 20, 28], "summary": {"covered_lines": 10, "num_statements": 10, "percent_covered": 100.0, "percent_covered_display": "100", "missing_lines": 0, "excluded_lines": 0, "percent_statements_covered": 100.0, "percent_statements_covered_display": "100"}, "missing_lines": [], "excluded_lines": [], "start_line": 1}}, "classes": {"": {"executed_lines": [8, 10, 12, 13, 14, 15, 17, 19, 20, 28, 29, 31, 32, 33, 35, 52, 57, 67, 68, 69, 70, 71, 73, 74, 75, 76, 78, 79, 85, 88, 89, 90, 92, 93, 94, 95], "summary": {"covered_lines": 36, "num_statements": 38, "percent_covered": 94.73684210526316, "percent_covered_display": "95", "missing_lines": 2, "excluded_lines": 0, "percent_statements_covered": 94.73684210526316, "percent_statements_covered_display": "95"}, "missing_lines": [72, 77], "excluded_lines": [], "start_line": 1}}}, "src\\bugsift\\agent\\steps\\dedup.py": {"executed_lines": [13, 15, 16, 18, 20, 21, 22, 23, 24, 26, 28, 29, 30, 31, 34, 38, 46, 47, 50, 52, 53, 54, 62, 71, 72, 74, 81, 86, 96, 97, 98, 99, 101, 102, 103, 104, 105, 106, 107, 108, 114, 116, 117, 118, 119, 120, 121, 122, 127], "summary": {"covered_lines": 49, "num_statements": 52, "percent_covered": 94.23076923076923, "percent_covered_display": "94", "missing_lines": 3, "excluded_lines": 3, "percent_statements_covered": 94.23076923076923, "percent_statements_covered_display": "94"}, "missing_lines": [55, 60, 100], "excluded_lines": [35, 36, 37], "functions": {"EmbedProvider.embed": {"executed_lines": [], "summary": {"covered_lines": 0, "num_statements": 0, "percent_covered": 100.0, "percent_covered_display": "100", "missing_lines": 0, "excluded_lines": 1, "percent_statements_covered": 100.0, "percent_statements_covered_display": "100"}, "missing_lines": [], "excluded_lines": [35], "start_line": 35}, "run": {"executed_lines": [46, 47, 50, 52, 53, 54, 62, 71, 72, 74, 81, 86, 96, 97, 98, 99, 101, 102, 103, 104, 105, 106, 107, 108, 114, 116, 117, 118, 119, 120, 121, 122, 127], "summary": {"covered_lines": 33, "num_statements": 36, "percent_covered": 91.66666666666667, "percent_covered_display": "92", "missing_lines": 3, "excluded_lines": 0, "percent_statements_covered": 91.66666666666667, "percent_statements_covered_display": "92"}, "missing_lines": [55, 60, 100], "excluded_lines": [], "start_line": 38}, "": {"executed_lines": [13, 15, 16, 18, 20, 21, 22, 23, 24, 26, 28, 29, 30, 31, 34, 38], "summary": {"covered_lines": 16, "num_statements": 16, "percent_covered": 100.0, "percent_covered_display": "100", "missing_lines": 0, "excluded_lines": 2, "percent_statements_covered": 100.0, "percent_statements_covered_display": "100"}, "missing_lines": [], "excluded_lines": [36, 37], "start_line": 1}}, "classes": {"EmbedProvider": {"executed_lines": [], "summary": {"covered_lines": 0, "num_statements": 0, "percent_covered": 100.0, "percent_covered_display": "100", "missing_lines": 0, "excluded_lines": 1, "percent_statements_covered": 100.0, "percent_statements_covered_display": "100"}, "missing_lines": [], "excluded_lines": [35], "start_line": 34}, "": {"executed_lines": [13, 15, 16, 18, 20, 21, 22, 23, 24, 26, 28, 29, 30, 31, 34, 38, 46, 47, 50, 52, 53, 54, 62, 71, 72, 74, 81, 86, 96, 97, 98, 99, 101, 102, 103, 104, 105, 106, 107, 108, 114, 116, 117, 118, 119, 120, 121, 122, 127], "summary": {"covered_lines": 49, "num_statements": 52, "percent_covered": 94.23076923076923, "percent_covered_display": "94", "missing_lines": 3, "excluded_lines": 2, "percent_statements_covered": 94.23076923076923, "percent_statements_covered_display": "94"}, "missing_lines": [55, 60, 100], "excluded_lines": [36, 37], "start_line": 1}}}, "src\\bugsift\\agent\\steps\\ingest.py": {"executed_lines": [7, 9, 11, 12, 15, 23, 28, 29, 30, 31, 33, 35], "summary": {"covered_lines": 12, "num_statements": 14, "percent_covered": 85.71428571428571, "percent_covered_display": "86", "missing_lines": 2, "excluded_lines": 0, "percent_statements_covered": 85.71428571428571, "percent_statements_covered_display": "86"}, "missing_lines": [32, 34], "excluded_lines": [], "functions": {"from_webhook_payload": {"executed_lines": [23, 28, 29, 30, 31, 33, 35], "summary": {"covered_lines": 7, "num_statements": 9, "percent_covered": 77.77777777777777, "percent_covered_display": "78", "missing_lines": 2, "excluded_lines": 0, "percent_statements_covered": 77.77777777777777, "percent_statements_covered_display": "78"}, "missing_lines": [32, 34], "excluded_lines": [], "start_line": 15}, "": {"executed_lines": [7, 9, 11, 12, 15], "summary": {"covered_lines": 5, "num_statements": 5, "percent_covered": 100.0, "percent_covered_display": "100", "missing_lines": 0, "excluded_lines": 0, "percent_statements_covered": 100.0, "percent_statements_covered_display": "100"}, "missing_lines": [], "excluded_lines": [], "start_line": 1}}, "classes": {"": {"executed_lines": [7, 9, 11, 12, 15, 23, 28, 29, 30, 31, 33, 35], "summary": {"covered_lines": 12, "num_statements": 14, "percent_covered": 85.71428571428571, "percent_covered_display": "86", "missing_lines": 2, "excluded_lines": 0, "percent_statements_covered": 85.71428571428571, "percent_statements_covered_display": "86"}, "missing_lines": [32, 34], "excluded_lines": [], "start_line": 1}}}, "src\\bugsift\\agent\\steps\\ingest_feedback.py": {"executed_lines": [16, 18, 19, 21, 22, 23, 25, 26, 29, 37, 38, 45, 46, 47, 48, 50, 52, 73, 77, 78, 79, 80, 81, 82, 85, 86, 87, 88, 89, 90, 93, 100, 102, 103, 104, 105, 106, 107, 108, 109, 113, 114, 116, 117, 118, 123, 124, 126], "summary": {"covered_lines": 48, "num_statements": 54, "percent_covered": 88.88888888888889, "percent_covered_display": "89", "missing_lines": 6, "excluded_lines": 0, "percent_statements_covered": 88.88888888888889, "percent_statements_covered_display": "89"}, "missing_lines": [49, 51, 115, 119, 120, 121], "excluded_lines": [], "functions": {"from_feedback_report": {"executed_lines": [37, 38, 45, 46, 47, 48, 50, 52], "summary": {"covered_lines": 8, "num_statements": 10, "percent_covered": 80.0, "percent_covered_display": "80", "missing_lines": 2, "excluded_lines": 0, "percent_statements_covered": 80.0, "percent_statements_covered_display": "80"}, "missing_lines": [49, 51], "excluded_lines": [], "start_line": 29}, "_synthesize_title": {"executed_lines": [77, 78, 79, 80, 81, 82, 85, 86, 87, 88, 89, 90], "summary": {"covered_lines": 12, "num_statements": 12, "percent_covered": 100.0, "percent_covered_display": "100", "missing_lines": 0, "excluded_lines": 0, "percent_statements_covered": 100.0, "percent_statements_covered_display": "100"}, "missing_lines": [], "excluded_lines": [], "start_line": 73}, "_assemble_body": {"executed_lines": [100, 102, 103, 104, 105, 106, 107, 108, 109, 113, 114, 116, 117, 118, 123, 124, 126], "summary": {"covered_lines": 17, "num_statements": 21, "percent_covered": 80.95238095238095, "percent_covered_display": "81", "missing_lines": 4, "excluded_lines": 0, "percent_statements_covered": 80.95238095238095, "percent_statements_covered_display": "81"}, "missing_lines": [115, 119, 120, 121], "excluded_lines": [], "start_line": 93}, "": {"executed_lines": [16, 18, 19, 21, 22, 23, 25, 26, 29, 73, 93], "summary": {"covered_lines": 11, "num_statements": 11, "percent_covered": 100.0, "percent_covered_display": "100", "missing_lines": 0, "excluded_lines": 0, "percent_statements_covered": 100.0, "percent_statements_covered_display": "100"}, "missing_lines": [], "excluded_lines": [], "start_line": 1}}, "classes": {"": {"executed_lines": [16, 18, 19, 21, 22, 23, 25, 26, 29, 37, 38, 45, 46, 47, 48, 50, 52, 73, 77, 78, 79, 80, 81, 82, 85, 86, 87, 88, 89, 90, 93, 100, 102, 103, 104, 105, 106, 107, 108, 109, 113, 114, 116, 117, 118, 123, 124, 126], "summary": {"covered_lines": 48, "num_statements": 54, "percent_covered": 88.88888888888889, "percent_covered_display": "89", "missing_lines": 6, "excluded_lines": 0, "percent_statements_covered": 88.88888888888889, "percent_statements_covered_display": "89"}, "missing_lines": [49, 51, 115, 119, 120, 121], "excluded_lines": [], "start_line": 1}}}, "src\\bugsift\\agent\\steps\\regression.py": {"executed_lines": [13, 15, 16, 18, 20, 21, 23, 25, 28, 34, 35, 36, 42, 56], "summary": {"covered_lines": 14, "num_statements": 14, "percent_covered": 100.0, "percent_covered_display": "100", "missing_lines": 0, "excluded_lines": 0, "percent_statements_covered": 100.0, "percent_statements_covered_display": "100"}, "missing_lines": [], "excluded_lines": [], "functions": {"run": {"executed_lines": [34, 35, 36, 42, 56], "summary": {"covered_lines": 5, "num_statements": 5, "percent_covered": 100.0, "percent_covered_display": "100", "missing_lines": 0, "excluded_lines": 0, "percent_statements_covered": 100.0, "percent_statements_covered_display": "100"}, "missing_lines": [], "excluded_lines": [], "start_line": 28}, "": {"executed_lines": [13, 15, 16, 18, 20, 21, 23, 25, 28], "summary": {"covered_lines": 9, "num_statements": 9, "percent_covered": 100.0, "percent_covered_display": "100", "missing_lines": 0, "excluded_lines": 0, "percent_statements_covered": 100.0, "percent_statements_covered_display": "100"}, "missing_lines": [], "excluded_lines": [], "start_line": 1}}, "classes": {"": {"executed_lines": [13, 15, 16, 18, 20, 21, 23, 25, 28, 34, 35, 36, 42, 56], "summary": {"covered_lines": 14, "num_statements": 14, "percent_covered": 100.0, "percent_covered_display": "100", "missing_lines": 0, "excluded_lines": 0, "percent_statements_covered": 100.0, "percent_statements_covered_display": "100"}, "missing_lines": [], "excluded_lines": [], "start_line": 1}}}, "src\\bugsift\\agent\\steps\\reproduction.py": {"executed_lines": [24, 26, 27, 29, 30, 31, 32, 33, 35, 37, 41, 53, 58, 59, 62, 68, 69, 71, 72, 73, 76, 78, 79, 80, 81, 85, 87, 96, 101, 111, 112, 113, 114, 115, 116, 122, 123, 124, 126, 127, 128, 129, 131, 132, 133, 134, 135, 136, 143, 147, 148, 149, 150, 152, 153, 154, 157, 158, 160, 161, 162, 164, 166, 169, 172, 174, 175, 176, 177, 178, 179, 182, 183, 184, 185, 186, 187, 188], "summary": {"covered_lines": 78, "num_statements": 86, "percent_covered": 90.69767441860465, "percent_covered_display": "91", "missing_lines": 8, "excluded_lines": 5, "percent_statements_covered": 90.69767441860465, "percent_statements_covered_display": "91"}, "missing_lines": [144, 145, 146, 159, 163, 165, 173, 191], "excluded_lines": [137, 138, 139, 140, 141], "functions": {"run": {"executed_lines": [68, 69, 71, 72, 73, 76, 78, 79, 80, 81, 85, 87, 96, 101, 111, 112, 113, 114, 115, 116, 122, 123, 124, 126, 127, 128, 129, 131, 132, 133, 134, 135, 136, 143, 147, 148, 149, 150, 152, 153, 154], "summary": {"covered_lines": 41, "num_statements": 44, "percent_covered": 93.18181818181819, "percent_covered_display": "93", "missing_lines": 3, "excluded_lines": 5, "percent_statements_covered": 93.18181818181819, "percent_statements_covered_display": "93"}, "missing_lines": [144, 145, 146], "excluded_lines": [137, 138, 139, 140, 141], "start_line": 62}, "_has_signal": {"executed_lines": [158, 160, 161, 162, 164, 166], "summary": {"covered_lines": 6, "num_statements": 9, "percent_covered": 66.66666666666667, "percent_covered_display": "67", "missing_lines": 3, "excluded_lines": 0, "percent_statements_covered": 66.66666666666667, "percent_statements_covered_display": "67"}, "missing_lines": [159, 163, 165], "excluded_lines": [], "start_line": 157}, "_resolve_language": {"executed_lines": [172, 174, 175, 176, 177, 178, 179], "summary": {"covered_lines": 7, "num_statements": 8, "percent_covered": 87.5, "percent_covered_display": "88", "missing_lines": 1, "excluded_lines": 0, "percent_statements_covered": 87.5, "percent_statements_covered_display": "88"}, "missing_lines": [173], "excluded_lines": [], "start_line": 169}, "_verdict": {"executed_lines": [183, 184, 185, 186, 187, 188], "summary": {"covered_lines": 6, "num_statements": 7, "percent_covered": 85.71428571428571, "percent_covered_display": "86", "missing_lines": 1, "excluded_lines": 0, "percent_statements_covered": 85.71428571428571, "percent_statements_covered_display": "86"}, "missing_lines": [191], "excluded_lines": [], "start_line": 182}, "": {"executed_lines": [24, 26, 27, 29, 30, 31, 32, 33, 35, 37, 41, 53, 58, 59, 62, 157, 169, 182], "summary": {"covered_lines": 18, "num_statements": 18, "percent_covered": 100.0, "percent_covered_display": "100", "missing_lines": 0, "excluded_lines": 0, "percent_statements_covered": 100.0, "percent_statements_covered_display": "100"}, "missing_lines": [], "excluded_lines": [], "start_line": 1}}, "classes": {"": {"executed_lines": [24, 26, 27, 29, 30, 31, 32, 33, 35, 37, 41, 53, 58, 59, 62, 68, 69, 71, 72, 73, 76, 78, 79, 80, 81, 85, 87, 96, 101, 111, 112, 113, 114, 115, 116, 122, 123, 124, 126, 127, 128, 129, 131, 132, 133, 134, 135, 136, 143, 147, 148, 149, 150, 152, 153, 154, 157, 158, 160, 161, 162, 164, 166, 169, 172, 174, 175, 176, 177, 178, 179, 182, 183, 184, 185, 186, 187, 188], "summary": {"covered_lines": 78, "num_statements": 86, "percent_covered": 90.69767441860465, "percent_covered_display": "91", "missing_lines": 8, "excluded_lines": 5, "percent_statements_covered": 90.69767441860465, "percent_statements_covered_display": "91"}, "missing_lines": [144, 145, 146, 159, 163, 165, 173, 191], "excluded_lines": [137, 138, 139, 140, 141], "start_line": 1}}}, "src\\bugsift\\agent\\steps\\retrieval.py": {"executed_lines": [11, 13, 14, 16, 18, 19, 20, 21, 22, 23, 30, 32, 33, 34, 37, 41, 49, 50, 51, 52, 54, 61, 62, 63, 64, 65, 68, 69, 75, 76, 79, 80, 86, 88, 89, 97, 107, 108, 109, 110, 111, 113, 114, 116, 117, 119, 127, 132, 142, 143, 144, 145, 147, 148, 149, 150, 151, 152, 153, 155, 156, 157, 158, 164, 166, 167, 170, 184, 185, 187, 188, 191, 192, 195, 198, 199, 200, 201, 203, 205, 212, 213, 215, 216, 222], "summary": {"covered_lines": 85, "num_statements": 93, "percent_covered": 91.39784946236558, "percent_covered_display": "91", "missing_lines": 8, "excluded_lines": 3, "percent_statements_covered": 91.39784946236558, "percent_statements_covered_display": "91"}, "missing_lines": [90, 95, 112, 146, 189, 196, 202, 204], "excluded_lines": [38, 39, 40], "functions": {"EmbedProvider.embed": {"executed_lines": [], "summary": {"covered_lines": 0, "num_statements": 0, "percent_covered": 100.0, "percent_covered_display": "100", "missing_lines": 0, "excluded_lines": 1, "percent_statements_covered": 100.0, "percent_statements_covered_display": "100"}, "missing_lines": [], "excluded_lines": [38], "start_line": 38}, "run": {"executed_lines": [49, 50, 51, 52, 54, 61, 62, 63, 64, 65, 68, 69, 75, 76, 79, 80, 86, 88, 89, 97, 107, 108, 109, 110, 111, 113, 114, 116, 117, 119, 127, 132, 142, 143, 144, 145, 147, 148, 149, 150, 151, 152, 153, 155, 156, 157, 158, 164, 166, 167], "summary": {"covered_lines": 50, "num_statements": 54, "percent_covered": 92.5925925925926, "percent_covered_display": "93", "missing_lines": 4, "excluded_lines": 0, "percent_statements_covered": 92.5925925925926, "percent_statements_covered_display": "93"}, "missing_lines": [90, 95, 112, 146], "excluded_lines": [], "start_line": 41}, "refine_with_repro": {"executed_lines": [184, 185, 187, 188, 191, 192, 195, 198, 199, 200, 201, 203, 205, 212, 213, 215, 216, 222], "summary": {"covered_lines": 18, "num_statements": 22, "percent_covered": 81.81818181818181, "percent_covered_display": "82", "missing_lines": 4, "excluded_lines": 0, "percent_statements_covered": 81.81818181818181, "percent_statements_covered_display": "82"}, "missing_lines": [189, 196, 202, 204], "excluded_lines": [], "start_line": 170}, "": {"executed_lines": [11, 13, 14, 16, 18, 19, 20, 21, 22, 23, 30, 32, 33, 34, 37, 41, 170], "summary": {"covered_lines": 17, "num_statements": 17, "percent_covered": 100.0, "percent_covered_display": "100", "missing_lines": 0, "excluded_lines": 2, "percent_statements_covered": 100.0, "percent_statements_covered_display": "100"}, "missing_lines": [], "excluded_lines": [39, 40], "start_line": 1}}, "classes": {"EmbedProvider": {"executed_lines": [], "summary": {"covered_lines": 0, "num_statements": 0, "percent_covered": 100.0, "percent_covered_display": "100", "missing_lines": 0, "excluded_lines": 1, "percent_statements_covered": 100.0, "percent_statements_covered_display": "100"}, "missing_lines": [], "excluded_lines": [38], "start_line": 37}, "": {"executed_lines": [11, 13, 14, 16, 18, 19, 20, 21, 22, 23, 30, 32, 33, 34, 37, 41, 49, 50, 51, 52, 54, 61, 62, 63, 64, 65, 68, 69, 75, 76, 79, 80, 86, 88, 89, 97, 107, 108, 109, 110, 111, 113, 114, 116, 117, 119, 127, 132, 142, 143, 144, 145, 147, 148, 149, 150, 151, 152, 153, 155, 156, 157, 158, 164, 166, 167, 170, 184, 185, 187, 188, 191, 192, 195, 198, 199, 200, 201, 203, 205, 212, 213, 215, 216, 222], "summary": {"covered_lines": 85, "num_statements": 93, "percent_covered": 91.39784946236558, "percent_covered_display": "91", "missing_lines": 8, "excluded_lines": 2, "percent_statements_covered": 91.39784946236558, "percent_statements_covered_display": "91"}, "missing_lines": [90, 95, 112, 146, 189, 196, 202, 204], "excluded_lines": [39, 40], "start_line": 1}}}, "src\\bugsift\\analysis\\__init__.py": {"executed_lines": [], "summary": {"covered_lines": 0, "num_statements": 0, "percent_covered": 100.0, "percent_covered_display": "100", "missing_lines": 0, "excluded_lines": 0, "percent_statements_covered": 100.0, "percent_statements_covered_display": "100"}, "missing_lines": [], "excluded_lines": [], "functions": {"": {"executed_lines": [], "summary": {"covered_lines": 0, "num_statements": 0, "percent_covered": 100.0, "percent_covered_display": "100", "missing_lines": 0, "excluded_lines": 0, "percent_statements_covered": 100.0, "percent_statements_covered_display": "100"}, "missing_lines": [], "excluded_lines": [], "start_line": 1}}, "classes": {"": {"executed_lines": [], "summary": {"covered_lines": 0, "num_statements": 0, "percent_covered": 100.0, "percent_covered_display": "100", "missing_lines": 0, "excluded_lines": 0, "percent_statements_covered": 100.0, "percent_statements_covered_display": "100"}, "missing_lines": [], "excluded_lines": [], "start_line": 1}}}, "src\\bugsift\\analysis\\analyzer.py": {"executed_lines": [23, 25, 26, 27, 28, 30, 31, 33, 34, 35, 36, 38, 40, 41, 44, 45, 46, 47, 50, 51, 52, 53, 54, 57, 58, 59, 60, 63, 64, 67, 77, 78, 79, 83, 87, 88, 89, 90, 94, 95, 97, 98, 99, 100, 106, 110, 111, 112, 120, 146, 149, 155, 160, 163, 166, 171, 176, 179, 184, 196, 201, 202, 203, 204, 208, 211, 215, 224, 225, 226, 227, 237, 243, 244, 245, 246, 247, 249, 250, 253], "summary": {"covered_lines": 80, "num_statements": 101, "percent_covered": 79.20792079207921, "percent_covered_display": "79", "missing_lines": 21, "excluded_lines": 0, "percent_statements_covered": 79.20792079207921, "percent_statements_covered_display": "79"}, "missing_lines": [91, 92, 93, 101, 102, 105, 127, 134, 135, 136, 137, 138, 139, 140, 141, 142, 143, 238, 248, 254, 255], "excluded_lines": [], "functions": {"analyze_repo": {"executed_lines": [77, 78, 79, 83, 87, 88, 89, 90, 94, 95, 97, 98, 99, 100, 106, 110, 111, 112], "summary": {"covered_lines": 18, "num_statements": 24, "percent_covered": 75.0, "percent_covered_display": "75", "missing_lines": 6, "excluded_lines": 0, "percent_statements_covered": 75.0, "percent_statements_covered_display": "75"}, "missing_lines": [91, 92, 93, 101, 102, 105], "excluded_lines": [], "start_line": 67}, "_load_file_chunks": {"executed_lines": [], "summary": {"covered_lines": 0, "num_statements": 11, "percent_covered": 0.0, "percent_covered_display": "0", "missing_lines": 11, "excluded_lines": 0, "percent_statements_covered": 0.0, "percent_statements_covered_display": "0"}, "missing_lines": [127, 134, 135, 136, 137, 138, 139, 140, 141, 142, 143], "excluded_lines": [], "start_line": 120}, "_summarise_file": {"executed_lines": [149, 155, 160], "summary": {"covered_lines": 3, "num_statements": 3, "percent_covered": 100.0, "percent_covered_display": "100", "missing_lines": 0, "excluded_lines": 0, "percent_statements_covered": 100.0, "percent_statements_covered_display": "100"}, "missing_lines": [], "excluded_lines": [], "start_line": 146}, "_summarise_directory": {"executed_lines": [166, 171, 176], "summary": {"covered_lines": 3, "num_statements": 3, "percent_covered": 100.0, "percent_covered_display": "100", "missing_lines": 0, "excluded_lines": 0, "percent_statements_covered": 100.0, "percent_statements_covered_display": "100"}, "missing_lines": [], "excluded_lines": [], "start_line": 163}, "_synthesise": {"executed_lines": [184, 196, 201, 202, 203, 204, 208], "summary": {"covered_lines": 7, "num_statements": 7, "percent_covered": 100.0, "percent_covered_display": "100", "missing_lines": 0, "excluded_lines": 0, "percent_statements_covered": 100.0, "percent_statements_covered_display": "100"}, "missing_lines": [], "excluded_lines": [], "start_line": 179}, "_fallback_synthesis": {"executed_lines": [215, 224, 225, 226, 227], "summary": {"covered_lines": 5, "num_statements": 5, "percent_covered": 100.0, "percent_covered_display": "100", "missing_lines": 0, "excluded_lines": 0, "percent_statements_covered": 100.0, "percent_statements_covered_display": "100"}, "missing_lines": [], "excluded_lines": [], "start_line": 211}, "_fallback_dir_summary": {"executed_lines": [], "summary": {"covered_lines": 0, "num_statements": 1, "percent_covered": 0.0, "percent_covered_display": "0", "missing_lines": 1, "excluded_lines": 0, "percent_statements_covered": 0.0, "percent_statements_covered_display": "0"}, "missing_lines": [238], "excluded_lines": [], "start_line": 237}, "_group_by_directory": {"executed_lines": [244, 245, 246, 247, 249, 250], "summary": {"covered_lines": 6, "num_statements": 7, "percent_covered": 85.71428571428571, "percent_covered_display": "86", "missing_lines": 1, "excluded_lines": 0, "percent_statements_covered": 85.71428571428571, "percent_statements_covered_display": "86"}, "missing_lines": [248], "excluded_lines": [], "start_line": 243}, "_guess_language": {"executed_lines": [], "summary": {"covered_lines": 0, "num_statements": 2, "percent_covered": 0.0, "percent_covered_display": "0", "missing_lines": 2, "excluded_lines": 0, "percent_statements_covered": 0.0, "percent_statements_covered_display": "0"}, "missing_lines": [254, 255], "excluded_lines": [], "start_line": 253}, "": {"executed_lines": [23, 25, 26, 27, 28, 30, 31, 33, 34, 35, 36, 38, 40, 41, 44, 45, 46, 47, 50, 51, 52, 53, 54, 57, 58, 59, 60, 63, 64, 67, 120, 146, 163, 179, 211, 237, 243, 253], "summary": {"covered_lines": 38, "num_statements": 38, "percent_covered": 100.0, "percent_covered_display": "100", "missing_lines": 0, "excluded_lines": 0, "percent_statements_covered": 100.0, "percent_statements_covered_display": "100"}, "missing_lines": [], "excluded_lines": [], "start_line": 1}}, "classes": {"FileSummary": {"executed_lines": [], "summary": {"covered_lines": 0, "num_statements": 0, "percent_covered": 100.0, "percent_covered_display": "100", "missing_lines": 0, "excluded_lines": 0, "percent_statements_covered": 100.0, "percent_statements_covered_display": "100"}, "missing_lines": [], "excluded_lines": [], "start_line": 45}, "DirectorySummary": {"executed_lines": [], "summary": {"covered_lines": 0, "num_statements": 0, "percent_covered": 100.0, "percent_covered_display": "100", "missing_lines": 0, "excluded_lines": 0, "percent_statements_covered": 100.0, "percent_statements_covered_display": "100"}, "missing_lines": [], "excluded_lines": [], "start_line": 51}, "AnalysisResult": {"executed_lines": [], "summary": {"covered_lines": 0, "num_statements": 0, "percent_covered": 100.0, "percent_covered_display": "100", "missing_lines": 0, "excluded_lines": 0, "percent_statements_covered": 100.0, "percent_statements_covered_display": "100"}, "missing_lines": [], "excluded_lines": [], "start_line": 58}, "": {"executed_lines": [23, 25, 26, 27, 28, 30, 31, 33, 34, 35, 36, 38, 40, 41, 44, 45, 46, 47, 50, 51, 52, 53, 54, 57, 58, 59, 60, 63, 64, 67, 77, 78, 79, 83, 87, 88, 89, 90, 94, 95, 97, 98, 99, 100, 106, 110, 111, 112, 120, 146, 149, 155, 160, 163, 166, 171, 176, 179, 184, 196, 201, 202, 203, 204, 208, 211, 215, 224, 225, 226, 227, 237, 243, 244, 245, 246, 247, 249, 250, 253], "summary": {"covered_lines": 80, "num_statements": 101, "percent_covered": 79.20792079207921, "percent_covered_display": "79", "missing_lines": 21, "excluded_lines": 0, "percent_statements_covered": 79.20792079207921, "percent_statements_covered_display": "79"}, "missing_lines": [91, 92, 93, 101, 102, 105, 127, 134, 135, 136, 137, 138, 139, 140, 141, 142, 143, 238, 248, 254, 255], "excluded_lines": [], "start_line": 1}}}, "src\\bugsift\\analysis\\qa.py": {"executed_lines": [18, 20, 21, 22, 24, 26, 27, 28, 29, 30, 32, 34, 35, 36, 39, 40, 41, 42, 45, 46, 47, 48, 49, 50, 51, 52, 55, 58, 62, 74, 75, 76, 81, 82, 83, 84, 85, 101, 102, 111, 117, 118, 119, 120, 121, 123, 124, 126, 127, 128, 130, 131, 134, 135, 143, 153, 154, 155, 156, 160, 163], "summary": {"covered_lines": 61, "num_statements": 69, "percent_covered": 88.40579710144928, "percent_covered_display": "88", "missing_lines": 8, "excluded_lines": 0, "percent_statements_covered": 88.40579710144928, "percent_statements_covered_display": "88"}, "missing_lines": [59, 93, 98, 99, 122, 129, 132, 138], "excluded_lines": [], "functions": {"Embedder.embed": {"executed_lines": [], "summary": {"covered_lines": 0, "num_statements": 1, "percent_covered": 0.0, "percent_covered_display": "0", "missing_lines": 1, "excluded_lines": 0, "percent_statements_covered": 0.0, "percent_statements_covered_display": "0"}, "missing_lines": [59], "excluded_lines": [], "start_line": 58}, "answer_question": {"executed_lines": [74, 75, 76, 81, 82, 83, 84, 85, 101, 102, 111, 117, 118, 119, 120, 121, 123, 124, 126, 127, 128, 130, 131, 134, 135, 143], "summary": {"covered_lines": 26, "num_statements": 33, "percent_covered": 78.78787878787878, "percent_covered_display": "79", "missing_lines": 7, "excluded_lines": 0, "percent_statements_covered": 78.78787878787878, "percent_statements_covered_display": "79"}, "missing_lines": [93, 98, 99, 122, 129, 132, 138], "excluded_lines": [], "start_line": 62}, "_parse_answer": {"executed_lines": [154, 155, 156, 160, 163], "summary": {"covered_lines": 5, "num_statements": 5, "percent_covered": 100.0, "percent_covered_display": "100", "missing_lines": 0, "excluded_lines": 0, "percent_statements_covered": 100.0, "percent_statements_covered_display": "100"}, "missing_lines": [], "excluded_lines": [], "start_line": 153}, "": {"executed_lines": [18, 20, 21, 22, 24, 26, 27, 28, 29, 30, 32, 34, 35, 36, 39, 40, 41, 42, 45, 46, 47, 48, 49, 50, 51, 52, 55, 58, 62, 153], "summary": {"covered_lines": 30, "num_statements": 30, "percent_covered": 100.0, "percent_covered_display": "100", "missing_lines": 0, "excluded_lines": 0, "percent_statements_covered": 100.0, "percent_statements_covered_display": "100"}, "missing_lines": [], "excluded_lines": [], "start_line": 1}}, "classes": {"Citation": {"executed_lines": [], "summary": {"covered_lines": 0, "num_statements": 0, "percent_covered": 100.0, "percent_covered_display": "100", "missing_lines": 0, "excluded_lines": 0, "percent_statements_covered": 100.0, "percent_statements_covered_display": "100"}, "missing_lines": [], "excluded_lines": [], "start_line": 40}, "AnswerResult": {"executed_lines": [], "summary": {"covered_lines": 0, "num_statements": 0, "percent_covered": 100.0, "percent_covered_display": "100", "missing_lines": 0, "excluded_lines": 0, "percent_statements_covered": 100.0, "percent_statements_covered_display": "100"}, "missing_lines": [], "excluded_lines": [], "start_line": 46}, "Embedder": {"executed_lines": [], "summary": {"covered_lines": 0, "num_statements": 1, "percent_covered": 0.0, "percent_covered_display": "0", "missing_lines": 1, "excluded_lines": 0, "percent_statements_covered": 0.0, "percent_statements_covered_display": "0"}, "missing_lines": [59], "excluded_lines": [], "start_line": 55}, "": {"executed_lines": [18, 20, 21, 22, 24, 26, 27, 28, 29, 30, 32, 34, 35, 36, 39, 40, 41, 42, 45, 46, 47, 48, 49, 50, 51, 52, 55, 58, 62, 74, 75, 76, 81, 82, 83, 84, 85, 101, 102, 111, 117, 118, 119, 120, 121, 123, 124, 126, 127, 128, 130, 131, 134, 135, 143, 153, 154, 155, 156, 160, 163], "summary": {"covered_lines": 61, "num_statements": 68, "percent_covered": 89.70588235294117, "percent_covered_display": "90", "missing_lines": 7, "excluded_lines": 0, "percent_statements_covered": 89.70588235294117, "percent_statements_covered_display": "90"}, "missing_lines": [93, 98, 99, 122, 129, 132, 138], "excluded_lines": [], "start_line": 1}}}, "src\\bugsift\\api\\__init__.py": {"executed_lines": [], "summary": {"covered_lines": 0, "num_statements": 0, "percent_covered": 100.0, "percent_covered_display": "100", "missing_lines": 0, "excluded_lines": 0, "percent_statements_covered": 100.0, "percent_statements_covered_display": "100"}, "missing_lines": [], "excluded_lines": [], "functions": {"": {"executed_lines": [], "summary": {"covered_lines": 0, "num_statements": 0, "percent_covered": 100.0, "percent_covered_display": "100", "missing_lines": 0, "excluded_lines": 0, "percent_statements_covered": 100.0, "percent_statements_covered_display": "100"}, "missing_lines": [], "excluded_lines": [], "start_line": 1}}, "classes": {"": {"executed_lines": [], "summary": {"covered_lines": 0, "num_statements": 0, "percent_covered": 100.0, "percent_covered_display": "100", "missing_lines": 0, "excluded_lines": 0, "percent_statements_covered": 100.0, "percent_statements_covered_display": "100"}, "missing_lines": [], "excluded_lines": [], "start_line": 1}}}, "src\\bugsift\\api\\audit.py": {"executed_lines": [8, 10, 11, 12, 13, 15, 16, 17, 18, 19, 21, 22, 23, 25, 28, 29, 30, 31, 32, 33, 34, 35, 36, 37, 38, 39, 42, 58, 59, 79, 80, 136, 137], "summary": {"covered_lines": 33, "num_statements": 62, "percent_covered": 53.225806451612904, "percent_covered_display": "53", "missing_lines": 29, "excluded_lines": 0, "percent_statements_covered": 53.225806451612904, "percent_statements_covered_display": "53"}, "missing_lines": [43, 67, 68, 69, 70, 71, 72, 73, 74, 75, 76, 89, 90, 91, 92, 93, 94, 95, 96, 98, 99, 100, 113, 114, 127, 128, 129, 142, 147], "excluded_lines": [], "functions": {"_serialize": {"executed_lines": [], "summary": {"covered_lines": 0, "num_statements": 1, "percent_covered": 0.0, "percent_covered_display": "0", "missing_lines": 1, "excluded_lines": 0, "percent_statements_covered": 0.0, "percent_statements_covered_display": "0"}, "missing_lines": [43], "excluded_lines": [], "start_line": 42}, "list_events": {"executed_lines": [], "summary": {"covered_lines": 0, "num_statements": 10, "percent_covered": 0.0, "percent_covered_display": "0", "missing_lines": 10, "excluded_lines": 0, "percent_statements_covered": 0.0, "percent_statements_covered_display": "0"}, "missing_lines": [67, 68, 69, 70, 71, 72, 73, 74, 75, 76], "excluded_lines": [], "start_line": 59}, "export_csv": {"executed_lines": [], "summary": {"covered_lines": 0, "num_statements": 16, "percent_covered": 0.0, "percent_covered_display": "0", "missing_lines": 16, "excluded_lines": 0, "percent_statements_covered": 0.0, "percent_statements_covered_display": "0"}, "missing_lines": [89, 90, 91, 92, 93, 94, 95, 96, 98, 99, 100, 113, 114, 127, 128, 129], "excluded_lines": [], "start_line": 80}, "list_known_actions": {"executed_lines": [], "summary": {"covered_lines": 0, "num_statements": 2, "percent_covered": 0.0, "percent_covered_display": "0", "missing_lines": 2, "excluded_lines": 0, "percent_statements_covered": 0.0, "percent_statements_covered_display": "0"}, "missing_lines": [142, 147], "excluded_lines": [], "start_line": 137}, "": {"executed_lines": [8, 10, 11, 12, 13, 15, 16, 17, 18, 19, 21, 22, 23, 25, 28, 29, 30, 31, 32, 33, 34, 35, 36, 37, 38, 39, 42, 58, 59, 79, 80, 136, 137], "summary": {"covered_lines": 33, "num_statements": 33, "percent_covered": 100.0, "percent_covered_display": "100", "missing_lines": 0, "excluded_lines": 0, "percent_statements_covered": 100.0, "percent_statements_covered_display": "100"}, "missing_lines": [], "excluded_lines": [], "start_line": 1}}, "classes": {"AuditEventOut": {"executed_lines": [], "summary": {"covered_lines": 0, "num_statements": 0, "percent_covered": 100.0, "percent_covered_display": "100", "missing_lines": 0, "excluded_lines": 0, "percent_statements_covered": 100.0, "percent_statements_covered_display": "100"}, "missing_lines": [], "excluded_lines": [], "start_line": 28}, "": {"executed_lines": [8, 10, 11, 12, 13, 15, 16, 17, 18, 19, 21, 22, 23, 25, 28, 29, 30, 31, 32, 33, 34, 35, 36, 37, 38, 39, 42, 58, 59, 79, 80, 136, 137], "summary": {"covered_lines": 33, "num_statements": 62, "percent_covered": 53.225806451612904, "percent_covered_display": "53", "missing_lines": 29, "excluded_lines": 0, "percent_statements_covered": 53.225806451612904, "percent_statements_covered_display": "53"}, "missing_lines": [43, 67, 68, 69, 70, 71, 72, 73, 74, 75, 76, 89, 90, 91, 92, 93, 94, 95, 96, 98, 99, 100, 113, 114, 127, 128, 129, 142, 147], "excluded_lines": [], "start_line": 1}}}, "src\\bugsift\\api\\auth.py": {"executed_lines": [1, 3, 4, 6, 7, 8, 9, 10, 12, 13, 14, 15, 16, 17, 18, 20, 21, 23, 26, 27, 28, 29, 30, 31, 34, 35, 39, 65, 66, 72, 73, 74, 75, 77, 78, 79, 80, 86, 88, 133, 151, 152, 153, 154, 164, 165], "summary": {"covered_lines": 46, "num_statements": 82, "percent_covered": 56.09756097560975, "percent_covered_display": "56", "missing_lines": 36, "excluded_lines": 0, "percent_statements_covered": 56.09756097560975, "percent_statements_covered_display": "56"}, "missing_lines": [40, 41, 43, 44, 52, 54, 55, 56, 57, 62, 91, 95, 98, 99, 105, 107, 108, 109, 110, 111, 113, 114, 115, 124, 129, 130, 134, 139, 140, 141, 146, 147, 148, 155, 166, 167], "excluded_lines": [], "functions": {"github_start": {"executed_lines": [39], "summary": {"covered_lines": 1, "num_statements": 11, "percent_covered": 9.090909090909092, "percent_covered_display": "9", "missing_lines": 10, "excluded_lines": 0, "percent_statements_covered": 9.090909090909092, "percent_statements_covered_display": "9"}, "missing_lines": [40, 41, 43, 44, 52, 54, 55, 56, 57, 62], "excluded_lines": [], "start_line": 35}, "github_callback": {"executed_lines": [72, 73, 74, 75, 77, 78, 79, 80, 86, 88], "summary": {"covered_lines": 10, "num_statements": 26, "percent_covered": 38.46153846153846, "percent_covered_display": "38", "missing_lines": 16, "excluded_lines": 0, "percent_statements_covered": 38.46153846153846, "percent_statements_covered_display": "38"}, "missing_lines": [91, 95, 98, 99, 105, 107, 108, 109, 110, 111, 113, 114, 115, 124, 129, 130], "excluded_lines": [], "start_line": 66}, "_post_login_target": {"executed_lines": [], "summary": {"covered_lines": 0, "num_statements": 7, "percent_covered": 0.0, "percent_covered_display": "0", "missing_lines": 7, "excluded_lines": 0, "percent_statements_covered": 0.0, "percent_statements_covered_display": "0"}, "missing_lines": [134, 139, 140, 141, 146, 147, 148], "excluded_lines": [], "start_line": 133}, "me": {"executed_lines": [153, 154], "summary": {"covered_lines": 2, "num_statements": 3, "percent_covered": 66.66666666666667, "percent_covered_display": "67", "missing_lines": 1, "excluded_lines": 0, "percent_statements_covered": 66.66666666666667, "percent_statements_covered_display": "67"}, "missing_lines": [155], "excluded_lines": [], "start_line": 152}, "logout": {"executed_lines": [], "summary": {"covered_lines": 0, "num_statements": 2, "percent_covered": 0.0, "percent_covered_display": "0", "missing_lines": 2, "excluded_lines": 0, "percent_statements_covered": 0.0, "percent_statements_covered_display": "0"}, "missing_lines": [166, 167], "excluded_lines": [], "start_line": 165}, "": {"executed_lines": [1, 3, 4, 6, 7, 8, 9, 10, 12, 13, 14, 15, 16, 17, 18, 20, 21, 23, 26, 27, 28, 29, 30, 31, 34, 35, 65, 66, 133, 151, 152, 164, 165], "summary": {"covered_lines": 33, "num_statements": 33, "percent_covered": 100.0, "percent_covered_display": "100", "missing_lines": 0, "excluded_lines": 0, "percent_statements_covered": 100.0, "percent_statements_covered_display": "100"}, "missing_lines": [], "excluded_lines": [], "start_line": 1}}, "classes": {"MeResponse": {"executed_lines": [], "summary": {"covered_lines": 0, "num_statements": 0, "percent_covered": 100.0, "percent_covered_display": "100", "missing_lines": 0, "excluded_lines": 0, "percent_statements_covered": 100.0, "percent_statements_covered_display": "100"}, "missing_lines": [], "excluded_lines": [], "start_line": 26}, "": {"executed_lines": [1, 3, 4, 6, 7, 8, 9, 10, 12, 13, 14, 15, 16, 17, 18, 20, 21, 23, 26, 27, 28, 29, 30, 31, 34, 35, 39, 65, 66, 72, 73, 74, 75, 77, 78, 79, 80, 86, 88, 133, 151, 152, 153, 154, 164, 165], "summary": {"covered_lines": 46, "num_statements": 82, "percent_covered": 56.09756097560975, "percent_covered_display": "56", "missing_lines": 36, "excluded_lines": 0, "percent_statements_covered": 56.09756097560975, "percent_statements_covered_display": "56"}, "missing_lines": [40, 41, 43, 44, 52, 54, 55, 56, 57, 62, 91, 95, 98, 99, 105, 107, 108, 109, 110, 111, 113, 114, 115, 124, 129, 130, 134, 139, 140, 141, 146, 147, 148, 155, 166, 167], "excluded_lines": [], "start_line": 1}}}, "src\\bugsift\\api\\cards.py": {"executed_lines": [1, 3, 4, 6, 7, 8, 9, 10, 12, 13, 14, 15, 16, 25, 26, 27, 28, 29, 30, 32, 33, 36, 41, 44, 45, 46, 47, 50, 51, 52, 53, 56, 57, 58, 59, 60, 61, 62, 63, 64, 65, 68, 69, 70, 71, 74, 75, 76, 77, 78, 79, 80, 81, 82, 83, 84, 85, 86, 87, 88, 89, 90, 91, 92, 93, 94, 95, 96, 100, 103, 104, 108, 109, 110, 113, 114, 117, 128, 129, 132, 133, 148, 149, 150, 156, 158, 160, 162, 163, 164, 165, 166, 167, 171, 172, 173, 174, 175, 176, 177, 178, 179, 182, 183, 192, 220, 221, 227, 233, 234, 241, 270, 271, 280, 298, 299, 305, 344, 345, 353, 447, 459, 461, 462, 467, 468, 478, 479, 480, 481, 485, 492, 510, 511, 512, 586, 592, 594, 595, 596, 597, 600, 611, 612, 619, 620, 621, 622, 623, 624, 630, 633, 634, 650, 651, 652, 653, 654, 662, 665, 666, 667, 668, 678, 701, 702, 703, 704, 705, 708, 717, 718, 719, 720, 721, 722, 723, 725, 726, 728, 732, 733, 734, 735, 738, 741, 742, 751, 752, 761, 762, 781, 782, 784, 788, 791, 792, 793], "summary": {"covered_lines": 198, "num_statements": 343, "percent_covered": 57.72594752186589, "percent_covered_display": "58", "missing_lines": 145, "excluded_lines": 0, "percent_statements_covered": 57.72594752186589, "percent_statements_covered_display": "58"}, "missing_lines": [157, 159, 161, 168, 193, 194, 195, 196, 197, 198, 205, 228, 229, 230, 242, 243, 244, 245, 246, 255, 265, 266, 267, 281, 282, 283, 284, 285, 291, 292, 293, 294, 295, 306, 307, 308, 309, 310, 311, 325, 339, 340, 341, 354, 355, 357, 358, 359, 363, 369, 370, 371, 381, 384, 387, 388, 389, 390, 394, 395, 396, 397, 417, 418, 419, 425, 435, 436, 437, 438, 439, 440, 444, 460, 463, 464, 465, 469, 470, 473, 474, 482, 483, 486, 487, 488, 489, 517, 526, 539, 540, 541, 543, 544, 545, 553, 556, 557, 558, 565, 566, 567, 571, 572, 573, 574, 575, 576, 577, 578, 593, 613, 614, 625, 641, 642, 643, 644, 645, 675, 685, 686, 687, 688, 689, 690, 691, 692, 693, 694, 695, 696, 697, 698, 724, 727, 743, 753, 763, 764, 765, 766, 767, 768, 783], "excluded_lines": [], "functions": {"get_github_client_factory": {"executed_lines": [41], "summary": {"covered_lines": 1, "num_statements": 1, "percent_covered": 100.0, "percent_covered_display": "100", "missing_lines": 0, "excluded_lines": 0, "percent_statements_covered": 100.0, "percent_statements_covered_display": "100"}, "missing_lines": [], "excluded_lines": [], "start_line": 36}, "list_cards": {"executed_lines": [148, 149, 150, 156, 158, 160, 162, 163, 164, 165, 166, 167], "summary": {"covered_lines": 12, "num_statements": 16, "percent_covered": 75.0, "percent_covered_display": "75", "missing_lines": 4, "excluded_lines": 0, "percent_statements_covered": 75.0, "percent_statements_covered_display": "75"}, "missing_lines": [157, 159, 161, 168], "excluded_lines": [], "start_line": 133}, "list_card_reports": {"executed_lines": [192], "summary": {"covered_lines": 1, "num_statements": 8, "percent_covered": 12.5, "percent_covered_display": "12", "missing_lines": 7, "excluded_lines": 0, "percent_statements_covered": 12.5, "percent_statements_covered_display": "12"}, "missing_lines": [193, 194, 195, 196, 197, 198, 205], "excluded_lines": [], "start_line": 183}, "_get_owned_card": {"executed_lines": [221, 227], "summary": {"covered_lines": 2, "num_statements": 5, "percent_covered": 40.0, "percent_covered_display": "40", "missing_lines": 3, "excluded_lines": 0, "percent_statements_covered": 40.0, "percent_statements_covered_display": "40"}, "missing_lines": [228, 229, 230], "excluded_lines": [], "start_line": 220}, "edit_draft": {"executed_lines": [241], "summary": {"covered_lines": 1, "num_statements": 10, "percent_covered": 10.0, "percent_covered_display": "10", "missing_lines": 9, "excluded_lines": 0, "percent_statements_covered": 10.0, "percent_statements_covered_display": "10"}, "missing_lines": [242, 243, 244, 245, 246, 255, 265, 266, 267], "excluded_lines": [], "start_line": 234}, "rerun_card": {"executed_lines": [280], "summary": {"covered_lines": 1, "num_statements": 11, "percent_covered": 9.090909090909092, "percent_covered_display": "9", "missing_lines": 10, "excluded_lines": 0, "percent_statements_covered": 9.090909090909092, "percent_statements_covered_display": "9"}, "missing_lines": [281, 282, 283, 284, 285, 291, 292, 293, 294, 295], "excluded_lines": [], "start_line": 271}, "skip_card": {"executed_lines": [305], "summary": {"covered_lines": 1, "num_statements": 11, "percent_covered": 9.090909090909092, "percent_covered_display": "9", "missing_lines": 10, "excluded_lines": 0, "percent_statements_covered": 9.090909090909092, "percent_statements_covered_display": "9"}, "missing_lines": [306, 307, 308, 309, 310, 311, 325, 339, 340, 341], "excluded_lines": [], "start_line": 299}, "approve_card": {"executed_lines": [353], "summary": {"covered_lines": 1, "num_statements": 31, "percent_covered": 3.225806451612903, "percent_covered_display": "3", "missing_lines": 30, "excluded_lines": 0, "percent_statements_covered": 3.225806451612903, "percent_statements_covered_display": "3"}, "missing_lines": [354, 355, 357, 358, 359, 363, 369, 370, 371, 381, 384, 387, 388, 389, 390, 394, 395, 396, 397, 417, 418, 419, 425, 435, 436, 437, 438, 439, 440, 444], "excluded_lines": [], "start_line": 345}, "_approve_github_card": {"executed_lines": [459, 461, 462, 467, 468, 478, 479, 480, 481, 485], "summary": {"covered_lines": 10, "num_statements": 24, "percent_covered": 41.666666666666664, "percent_covered_display": "42", "missing_lines": 14, "excluded_lines": 0, "percent_statements_covered": 41.666666666666664, "percent_statements_covered_display": "42"}, "missing_lines": [460, 463, 464, 465, 469, 470, 473, 474, 482, 483, 486, 487, 488, 489], "excluded_lines": [], "start_line": 447}, "_approve_feedback_card": {"executed_lines": [510, 511, 512], "summary": {"covered_lines": 3, "num_statements": 26, "percent_covered": 11.538461538461538, "percent_covered_display": "12", "missing_lines": 23, "excluded_lines": 0, "percent_statements_covered": 11.538461538461538, "percent_statements_covered_display": "12"}, "missing_lines": [517, 526, 539, 540, 541, 543, 544, 545, 553, 556, 557, 558, 565, 566, 567, 571, 572, 573, 574, 575, 576, 577, 578], "excluded_lines": [], "start_line": 492}, "_resolve_ticket_destination": {"executed_lines": [592, 594, 595, 596, 597], "summary": {"covered_lines": 5, "num_statements": 6, "percent_covered": 83.33333333333333, "percent_covered_display": "83", "missing_lines": 1, "excluded_lines": 0, "percent_statements_covered": 83.33333333333333, "percent_statements_covered_display": "83"}, "missing_lines": [593], "excluded_lines": [], "start_line": 586}, "_create_jira_issue_for_card": {"executed_lines": [611, 612, 619, 620, 621, 622, 623, 624, 630, 633, 634, 650, 651, 652, 653, 654], "summary": {"covered_lines": 16, "num_statements": 24, "percent_covered": 66.66666666666667, "percent_covered_display": "67", "missing_lines": 8, "excluded_lines": 0, "percent_statements_covered": 66.66666666666667, "percent_statements_covered_display": "67"}, "missing_lines": [613, 614, 625, 641, 642, 643, 644, 645], "excluded_lines": [], "start_line": 600}, "_load_feedback_reports_for_card": {"executed_lines": [665, 666, 667, 668], "summary": {"covered_lines": 4, "num_statements": 5, "percent_covered": 80.0, "percent_covered_display": "80", "missing_lines": 1, "excluded_lines": 0, "percent_statements_covered": 80.0, "percent_statements_covered_display": "80"}, "missing_lines": [675], "excluded_lines": [], "start_line": 662}, "_issue_body_snippet": {"executed_lines": [], "summary": {"covered_lines": 0, "num_statements": 14, "percent_covered": 0.0, "percent_covered_display": "0", "missing_lines": 14, "excluded_lines": 0, "percent_statements_covered": 0.0, "percent_statements_covered_display": "0"}, "missing_lines": [685, 686, 687, 688, 689, 690, 691, 692, 693, 694, 695, 696, 697, 698], "excluded_lines": [], "start_line": 678}, "_assignees_from_card": {"executed_lines": [702, 703, 704, 705], "summary": {"covered_lines": 4, "num_statements": 4, "percent_covered": 100.0, "percent_covered_display": "100", "missing_lines": 0, "excluded_lines": 0, "percent_statements_covered": 100.0, "percent_statements_covered_display": "100"}, "missing_lines": [], "excluded_lines": [], "start_line": 701}, "_resolve_assignees": {"executed_lines": [717, 718, 719, 720, 721, 722, 723, 725, 726, 728, 732, 733, 734, 735], "summary": {"covered_lines": 14, "num_statements": 16, "percent_covered": 87.5, "percent_covered_display": "88", "missing_lines": 2, "excluded_lines": 0, "percent_statements_covered": 87.5, "percent_statements_covered_display": "88"}, "missing_lines": [724, 727], "excluded_lines": [], "start_line": 708}, "_card_response": {"executed_lines": [741, 742, 751, 752, 761, 762, 781, 782, 784, 788, 791, 792, 793], "summary": {"covered_lines": 13, "num_statements": 22, "percent_covered": 59.09090909090909, "percent_covered_display": "59", "missing_lines": 9, "excluded_lines": 0, "percent_statements_covered": 59.09090909090909, "percent_statements_covered_display": "59"}, "missing_lines": [743, 753, 763, 764, 765, 766, 767, 768, 783], "excluded_lines": [], "start_line": 738}, "": {"executed_lines": [1, 3, 4, 6, 7, 8, 9, 10, 12, 13, 14, 15, 16, 25, 26, 27, 28, 29, 30, 32, 33, 36, 44, 45, 46, 47, 50, 51, 52, 53, 56, 57, 58, 59, 60, 61, 62, 63, 64, 65, 68, 69, 70, 71, 74, 75, 76, 77, 78, 79, 80, 81, 82, 83, 84, 85, 86, 87, 88, 89, 90, 91, 92, 93, 94, 95, 96, 100, 103, 104, 108, 109, 110, 113, 114, 117, 128, 129, 132, 133, 171, 172, 173, 174, 175, 176, 177, 178, 179, 182, 183, 220, 233, 234, 270, 271, 298, 299, 344, 345, 447, 492, 586, 600, 662, 678, 701, 708, 738], "summary": {"covered_lines": 109, "num_statements": 109, "percent_covered": 100.0, "percent_covered_display": "100", "missing_lines": 0, "excluded_lines": 0, "percent_statements_covered": 100.0, "percent_statements_covered_display": "100"}, "missing_lines": [], "excluded_lines": [], "start_line": 1}}, "classes": {"SuspectedFileOut": {"executed_lines": [], "summary": {"covered_lines": 0, "num_statements": 0, "percent_covered": 100.0, "percent_covered_display": "100", "missing_lines": 0, "excluded_lines": 0, "percent_statements_covered": 100.0, "percent_statements_covered_display": "100"}, "missing_lines": [], "excluded_lines": [], "start_line": 44}, "DuplicateOut": {"executed_lines": [], "summary": {"covered_lines": 0, "num_statements": 0, "percent_covered": 100.0, "percent_covered_display": "100", "missing_lines": 0, "excluded_lines": 0, "percent_statements_covered": 100.0, "percent_statements_covered_display": "100"}, "missing_lines": [], "excluded_lines": [], "start_line": 50}, "RegressionSuspectOut": {"executed_lines": [], "summary": {"covered_lines": 0, "num_statements": 0, "percent_covered": 100.0, "percent_covered_display": "100", "missing_lines": 0, "excluded_lines": 0, "percent_statements_covered": 100.0, "percent_statements_covered_display": "100"}, "missing_lines": [], "excluded_lines": [], "start_line": 56}, "CardResponse": {"executed_lines": [], "summary": {"covered_lines": 0, "num_statements": 0, "percent_covered": 100.0, "percent_covered_display": "100", "missing_lines": 0, "excluded_lines": 0, "percent_statements_covered": 100.0, "percent_statements_covered_display": "100"}, "missing_lines": [], "excluded_lines": [], "start_line": 68}, "EditBody": {"executed_lines": [], "summary": {"covered_lines": 0, "num_statements": 0, "percent_covered": 100.0, "percent_covered_display": "100", "missing_lines": 0, "excluded_lines": 0, "percent_statements_covered": 100.0, "percent_statements_covered_display": "100"}, "missing_lines": [], "excluded_lines": [], "start_line": 113}, "ApproveBody": {"executed_lines": [], "summary": {"covered_lines": 0, "num_statements": 0, "percent_covered": 100.0, "percent_covered_display": "100", "missing_lines": 0, "excluded_lines": 0, "percent_statements_covered": 100.0, "percent_statements_covered_display": "100"}, "missing_lines": [], "excluded_lines": [], "start_line": 117}, "FeedbackReportOut": {"executed_lines": [], "summary": {"covered_lines": 0, "num_statements": 0, "percent_covered": 100.0, "percent_covered_display": "100", "missing_lines": 0, "excluded_lines": 0, "percent_statements_covered": 100.0, "percent_statements_covered_display": "100"}, "missing_lines": [], "excluded_lines": [], "start_line": 171}, "": {"executed_lines": [1, 3, 4, 6, 7, 8, 9, 10, 12, 13, 14, 15, 16, 25, 26, 27, 28, 29, 30, 32, 33, 36, 41, 44, 45, 46, 47, 50, 51, 52, 53, 56, 57, 58, 59, 60, 61, 62, 63, 64, 65, 68, 69, 70, 71, 74, 75, 76, 77, 78, 79, 80, 81, 82, 83, 84, 85, 86, 87, 88, 89, 90, 91, 92, 93, 94, 95, 96, 100, 103, 104, 108, 109, 110, 113, 114, 117, 128, 129, 132, 133, 148, 149, 150, 156, 158, 160, 162, 163, 164, 165, 166, 167, 171, 172, 173, 174, 175, 176, 177, 178, 179, 182, 183, 192, 220, 221, 227, 233, 234, 241, 270, 271, 280, 298, 299, 305, 344, 345, 353, 447, 459, 461, 462, 467, 468, 478, 479, 480, 481, 485, 492, 510, 511, 512, 586, 592, 594, 595, 596, 597, 600, 611, 612, 619, 620, 621, 622, 623, 624, 630, 633, 634, 650, 651, 652, 653, 654, 662, 665, 666, 667, 668, 678, 701, 702, 703, 704, 705, 708, 717, 718, 719, 720, 721, 722, 723, 725, 726, 728, 732, 733, 734, 735, 738, 741, 742, 751, 752, 761, 762, 781, 782, 784, 788, 791, 792, 793], "summary": {"covered_lines": 198, "num_statements": 343, "percent_covered": 57.72594752186589, "percent_covered_display": "58", "missing_lines": 145, "excluded_lines": 0, "percent_statements_covered": 57.72594752186589, "percent_statements_covered_display": "58"}, "missing_lines": [157, 159, 161, 168, 193, 194, 195, 196, 197, 198, 205, 228, 229, 230, 242, 243, 244, 245, 246, 255, 265, 266, 267, 281, 282, 283, 284, 285, 291, 292, 293, 294, 295, 306, 307, 308, 309, 310, 311, 325, 339, 340, 341, 354, 355, 357, 358, 359, 363, 369, 370, 371, 381, 384, 387, 388, 389, 390, 394, 395, 396, 397, 417, 418, 419, 425, 435, 436, 437, 438, 439, 440, 444, 460, 463, 464, 465, 469, 470, 473, 474, 482, 483, 486, 487, 488, 489, 517, 526, 539, 540, 541, 543, 544, 545, 553, 556, 557, 558, 565, 566, 567, 571, 572, 573, 574, 575, 576, 577, 578, 593, 613, 614, 625, 641, 642, 643, 644, 645, 675, 685, 686, 687, 688, 689, 690, 691, 692, 693, 694, 695, 696, 697, 698, 724, 727, 743, 753, 763, 764, 765, 766, 767, 768, 783], "excluded_lines": [], "start_line": 1}}}, "src\\bugsift\\api\\deps.py": {"executed_lines": [1, 3, 5, 6, 8, 9, 12, 17, 21, 22, 23, 32, 36, 37, 38], "summary": {"covered_lines": 15, "num_statements": 23, "percent_covered": 65.21739130434783, "percent_covered_display": "65", "missing_lines": 8, "excluded_lines": 0, "percent_statements_covered": 65.21739130434783, "percent_statements_covered_display": "65"}, "missing_lines": [13, 14, 24, 25, 27, 28, 29, 39], "excluded_lines": [], "functions": {"get_session": {"executed_lines": [], "summary": {"covered_lines": 0, "num_statements": 2, "percent_covered": 0.0, "percent_covered_display": "0", "missing_lines": 2, "excluded_lines": 0, "percent_statements_covered": 0.0, "percent_statements_covered_display": "0"}, "missing_lines": [13, 14], "excluded_lines": [], "start_line": 12}, "get_current_user": {"executed_lines": [21, 22, 23], "summary": {"covered_lines": 3, "num_statements": 8, "percent_covered": 37.5, "percent_covered_display": "38", "missing_lines": 5, "excluded_lines": 0, "percent_statements_covered": 37.5, "percent_statements_covered_display": "38"}, "missing_lines": [24, 25, 27, 28, 29], "excluded_lines": [], "start_line": 17}, "get_optional_user": {"executed_lines": [36, 37, 38], "summary": {"covered_lines": 3, "num_statements": 4, "percent_covered": 75.0, "percent_covered_display": "75", "missing_lines": 1, "excluded_lines": 0, "percent_statements_covered": 75.0, "percent_statements_covered_display": "75"}, "missing_lines": [39], "excluded_lines": [], "start_line": 32}, "": {"executed_lines": [1, 3, 5, 6, 8, 9, 12, 17, 32], "summary": {"covered_lines": 9, "num_statements": 9, "percent_covered": 100.0, "percent_covered_display": "100", "missing_lines": 0, "excluded_lines": 0, "percent_statements_covered": 100.0, "percent_statements_covered_display": "100"}, "missing_lines": [], "excluded_lines": [], "start_line": 1}}, "classes": {"": {"executed_lines": [1, 3, 5, 6, 8, 9, 12, 17, 21, 22, 23, 32, 36, 37, 38], "summary": {"covered_lines": 15, "num_statements": 23, "percent_covered": 65.21739130434783, "percent_covered_display": "65", "missing_lines": 8, "excluded_lines": 0, "percent_statements_covered": 65.21739130434783, "percent_statements_covered_display": "65"}, "missing_lines": [13, 14, 24, 25, 27, 28, 29, 39], "excluded_lines": [], "start_line": 1}}}, "src\\bugsift\\api\\feedback.py": {"executed_lines": [19, 21, 22, 23, 24, 25, 27, 28, 29, 30, 32, 33, 34, 45, 46, 50, 52, 54, 56, 57, 58, 59, 65, 70, 71, 72, 73, 74, 75, 76, 77, 80, 81, 84, 85, 92, 93, 98, 165, 166, 167, 168, 169, 170, 173, 174, 175, 176, 177, 181, 184, 185, 186, 187, 188, 189, 190, 191, 192, 193, 194, 195, 196, 197, 200, 201, 206, 207, 214, 220, 221, 251, 252, 258, 259, 262, 264, 271, 282, 283, 284, 285, 298, 303, 304, 308, 318, 319, 320, 321, 322, 323, 324, 325, 326, 327, 328, 331, 332, 335, 340, 351, 352, 354, 359, 360, 363, 364, 387, 388, 393, 394, 396, 398, 399, 401, 402, 414, 418, 432, 433, 435, 437, 438, 440, 441, 464, 465, 466, 467, 468, 469, 472, 473, 476, 481, 482, 484, 488, 489, 491, 492, 507, 510, 515, 535, 538, 667, 668, 669, 670, 671, 674, 675, 676, 679, 680, 681, 682, 683, 684, 685, 686, 687, 688, 689, 692, 695, 706, 708, 709, 712, 713, 755, 756, 763, 764, 766, 777, 778, 779, 780, 785, 815, 816, 821, 831, 832, 846, 847, 864, 867, 870, 873, 874, 875, 878, 879, 880, 884, 885, 886, 887, 888, 891, 893, 894, 897, 911, 912, 922, 923, 924, 925, 926, 927, 928, 929, 930, 931, 932, 939, 941, 963, 971, 972, 973, 974, 975, 976, 977, 979, 980, 981, 982], "summary": {"covered_lines": 235, "num_statements": 399, "percent_covered": 58.89724310776943, "percent_covered_display": "59", "missing_lines": 164, "excluded_lines": 0, "percent_statements_covered": 58.89724310776943, "percent_statements_covered_display": "59"}, "missing_lines": [103, 105, 109, 112, 113, 118, 119, 120, 121, 126, 139, 140, 141, 142, 151, 152, 153, 154, 159, 208, 209, 229, 230, 231, 235, 244, 245, 246, 247, 248, 260, 263, 265, 266, 270, 272, 273, 274, 281, 286, 288, 290, 293, 297, 299, 300, 315, 353, 355, 361, 371, 372, 373, 375, 376, 377, 378, 380, 381, 384, 395, 397, 400, 409, 410, 411, 434, 436, 439, 448, 449, 453, 454, 455, 456, 457, 458, 483, 485, 490, 499, 500, 504, 516, 523, 548, 550, 551, 552, 553, 557, 558, 560, 564, 565, 566, 570, 571, 572, 575, 576, 582, 583, 586, 587, 593, 600, 604, 609, 610, 611, 613, 614, 623, 624, 625, 626, 627, 629, 640, 641, 642, 644, 710, 717, 725, 726, 731, 732, 733, 734, 735, 736, 737, 740, 742, 743, 744, 745, 752, 765, 774, 822, 827, 828, 852, 853, 854, 855, 856, 857, 858, 881, 889, 892, 900, 908, 919, 933, 934, 935, 936, 946, 978], "excluded_lines": [], "functions": {"ingest_feedback": {"executed_lines": [92, 93, 98], "summary": {"covered_lines": 3, "num_statements": 22, "percent_covered": 13.636363636363637, "percent_covered_display": "14", "missing_lines": 19, "excluded_lines": 0, "percent_statements_covered": 13.636363636363637, "percent_statements_covered_display": "14"}, "missing_lines": [103, 105, 109, 112, 113, 118, 119, 120, 121, 126, 139, 140, 141, 142, 151, 152, 153, 154, 159], "excluded_lines": [], "start_line": 85}, "create_feedback_app": {"executed_lines": [206, 207, 214, 220, 221], "summary": {"covered_lines": 5, "num_statements": 16, "percent_covered": 31.25, "percent_covered_display": "31", "missing_lines": 11, "excluded_lines": 0, "percent_statements_covered": 31.25, "percent_statements_covered_display": "31"}, "missing_lines": [208, 209, 229, 230, 231, 235, 244, 245, 246, 247, 248], "excluded_lines": [], "start_line": 201}, "update_feedback_app": {"executed_lines": [258, 259, 262, 264, 271, 282, 283, 284, 285, 298], "summary": {"covered_lines": 10, "num_statements": 26, "percent_covered": 38.46153846153846, "percent_covered_display": "38", "missing_lines": 16, "excluded_lines": 0, "percent_statements_covered": 38.46153846153846, "percent_statements_covered_display": "38"}, "missing_lines": [260, 263, 265, 266, 270, 272, 273, 274, 281, 286, 288, 290, 293, 297, 299, 300], "excluded_lines": [], "start_line": 252}, "list_feedback_apps": {"executed_lines": [308], "summary": {"covered_lines": 1, "num_statements": 2, "percent_covered": 50.0, "percent_covered_display": "50", "missing_lines": 1, "excluded_lines": 0, "percent_statements_covered": 50.0, "percent_statements_covered_display": "50"}, "missing_lines": [315], "excluded_lines": [], "start_line": 304}, "kick_feedback_app_analysis": {"executed_lines": [351, 352, 354, 359, 360, 363, 364], "summary": {"covered_lines": 7, "num_statements": 20, "percent_covered": 35.0, "percent_covered_display": "35", "missing_lines": 13, "excluded_lines": 0, "percent_statements_covered": 35.0, "percent_statements_covered_display": "35"}, "missing_lines": [353, 355, 361, 371, 372, 373, 375, 376, 377, 378, 380, 381, 384], "excluded_lines": [], "start_line": 340}, "get_feedback_app_analysis": {"executed_lines": [393, 394, 396, 398, 399, 401, 402], "summary": {"covered_lines": 7, "num_statements": 13, "percent_covered": 53.84615384615385, "percent_covered_display": "54", "missing_lines": 6, "excluded_lines": 0, "percent_statements_covered": 53.84615384615385, "percent_statements_covered_display": "54"}, "missing_lines": [395, 397, 400, 409, 410, 411], "excluded_lines": [], "start_line": 388}, "add
[...]
21, 22, 32, 33, 34, 35, 36, 37, 38, 39, 41, 44, 49, 222, 242, 278, 288, 295, 340], "summary": {"covered_lines": 26, "num_statements": 152, "percent_covered": 17.105263157894736, "percent_covered_display": "17", "missing_lines": 126, "excluded_lines": 0, "percent_statements_covered": 17.105263157894736, "percent_statements_covered_display": "17"}, "missing_lines": [46, 50, 51, 52, 53, 54, 58, 63, 64, 69, 74, 75, 76, 77, 78, 83, 84, 85, 86, 89, 90, 93, 94, 100, 102, 103, 104, 108, 110, 111, 112, 117, 119, 120, 121, 127, 128, 134, 135, 136, 137, 139, 140, 148, 149, 150, 151, 152, 153, 160, 161, 167, 168, 169, 170, 172, 173, 174, 175, 178, 179, 180, 181, 182, 183, 184, 186, 187, 188, 192, 193, 206, 207, 210, 212, 213, 214, 215, 216, 217, 219, 227, 229, 230, 231, 232, 233, 234, 235, 238, 239, 246, 248, 249, 250, 251, 252, 253, 254, 255, 256, 257, 258, 259, 260, 261, 262, 263, 264, 265, 266, 267, 268, 269, 275, 279, 289, 290, 291, 292, 302, 329, 330, 337, 341, 342], "excluded_lines": [], "start_line": 1}}}, "src\\bugsift\\workers\\indexing.py": {"executed_lines": [14, 16, 17, 18, 20, 21, 23, 24, 25, 26, 31, 33, 39, 43, 49, 58, 65, 103, 146], "summary": {"covered_lines": 19, "num_statements": 97, "percent_covered": 19.587628865979383, "percent_covered_display": "20", "missing_lines": 78, "excluded_lines": 0, "percent_statements_covered": 19.587628865979383, "percent_statements_covered_display": "20"}, "missing_lines": [40, 46, 52, 59, 60, 61, 62, 66, 67, 68, 69, 70, 71, 72, 73, 74, 78, 79, 80, 81, 82, 83, 84, 85, 87, 94, 95, 106, 107, 108, 109, 110, 111, 112, 113, 117, 118, 119, 120, 121, 122, 123, 130, 137, 147, 148, 149, 150, 151, 152, 153, 154, 157, 160, 161, 162, 163, 164, 169, 171, 172, 173, 174, 179, 181, 182, 183, 184, 192, 193, 194, 195, 201, 202, 203, 207, 208, 209], "excluded_lines": [], "functions": {"index_repo": {"executed_lines": [], "summary": {"covered_lines": 0, "num_statements": 1, "percent_covered": 0.0, "percent_covered_display": "0", "missing_lines": 1, "excluded_lines": 0, "percent_statements_covered": 0.0, "percent_statements_covered_display": "0"}, "missing_lines": [40], "excluded_lines": [], "start_line": 39}, "index_repo_delta": {"executed_lines": [], "summary": {"covered_lines": 0, "num_statements": 1, "percent_covered": 0.0, "percent_covered_display": "0", "missing_lines": 1, "excluded_lines": 0, "percent_statements_covered": 0.0, "percent_statements_covered_display": "0"}, "missing_lines": [46], "excluded_lines": [], "start_line": 43}, "embed_issue": {"executed_lines": [], "summary": {"covered_lines": 0, "num_statements": 1, "percent_covered": 0.0, "percent_covered_display": "0", "missing_lines": 1, "excluded_lines": 0, "percent_statements_covered": 0.0, "percent_statements_covered_display": "0"}, "missing_lines": [52], "excluded_lines": [], "start_line": 49}, "_with_embedder": {"executed_lines": [], "summary": {"covered_lines": 0, "num_statements": 4, "percent_covered": 0.0, "percent_covered_display": "0", "missing_lines": 4, "excluded_lines": 0, "percent_statements_covered": 0.0, "percent_statements_covered_display": "0"}, "missing_lines": [59, 60, 61, 62], "excluded_lines": [], "start_line": 58}, "_index_repo": {"executed_lines": [], "summary": {"covered_lines": 0, "num_statements": 20, "percent_covered": 0.0, "percent_covered_display": "0", "missing_lines": 20, "excluded_lines": 0, "percent_statements_covered": 0.0, "percent_statements_covered_display": "0"}, "missing_lines": [66, 67, 68, 69, 70, 71, 72, 73, 74, 78, 79, 80, 81, 82, 83, 84, 85, 87, 94, 95], "excluded_lines": [], "start_line": 65}, "_index_repo_delta": {"executed_lines": [], "summary": {"covered_lines": 0, "num_statements": 17, "percent_covered": 0.0, "percent_covered_display": "0", "missing_lines": 17, "excluded_lines": 0, "percent_statements_covered": 0.0, "percent_statements_covered_display": "0"}, "missing_lines": [106, 107, 108, 109, 110, 111, 112, 113, 117, 118, 119, 120, 121, 122, 123, 130, 137], "excluded_lines": [], "start_line": 103}, "_embed_issue": {"executed_lines": [], "summary": {"covered_lines": 0, "num_statements": 34, "percent_covered": 0.0, "percent_covered_display": "0", "missing_lines": 34, "excluded_lines": 0, "percent_statements_covered": 0.0, "percent_statements_covered_display": "0"}, "missing_lines": [147, 148, 149, 150, 151, 152, 153, 154, 157, 160, 161, 162, 163, 164, 169, 171, 172, 173, 174, 179, 181, 182, 183, 184, 192, 193, 194, 195, 201, 202, 203, 207, 208, 209], "excluded_lines": [], "start_line": 146}, "": {"executed_lines": [14, 16, 17, 18, 20, 21, 23, 24, 25, 26, 31, 33, 39, 43, 49, 58, 65, 103, 146], "summary": {"covered_lines": 19, "num_statements": 19, "percent_covered": 100.0, "percent_covered_display": "100", "missing_lines": 0, "excluded_lines": 0, "percent_statements_covered": 100.0, "percent_statements_covered_display": "100"}, "missing_lines": [], "excluded_lines": [], "start_line": 1}}, "classes": {"": {"executed_lines": [14, 16, 17, 18, 20, 21, 23, 24, 25, 26, 31, 33, 39, 43, 49, 58, 65, 103, 146], "summary": {"covered_lines": 19, "num_statements": 97, "percent_covered": 19.587628865979383, "percent_covered_display": "20", "missing_lines": 78, "excluded_lines": 0, "percent_statements_covered": 19.587628865979383, "percent_statements_covered_display": "20"}, "missing_lines": [40, 46, 52, 59, 60, 61, 62, 66, 67, 68, 69, 70, 71, 72, 73, 74, 78, 79, 80, 81, 82, 83, 84, 85, 87, 94, 95, 106, 107, 108, 109, 110, 111, 112, 113, 117, 118, 119, 120, 121, 122, 123, 130, 137, 147, 148, 149, 150, 151, 152, 153, 154, 157, 160, 161, 162, 163, 164, 169, 171, 172, 173, 174, 179, 181, 182, 183, 184, 192, 193, 194, 195, 201, 202, 203, 207, 208, 209], "excluded_lines": [], "start_line": 1}}}, "src\\bugsift\\workers\\runner.py": {"executed_lines": [], "summary": {"covered_lines": 0, "num_statements": 16, "percent_covered": 0.0, "percent_covered_display": "0", "missing_lines": 16, "excluded_lines": 0, "percent_statements_covered": 0.0, "percent_statements_covered_display": "0"}, "missing_lines": [8, 10, 12, 13, 15, 17, 19, 22, 23, 24, 25, 26, 27, 28, 31, 32], "excluded_lines": [], "functions": {"main": {"executed_lines": [], "summary": {"covered_lines": 0, "num_statements": 6, "percent_covered": 0.0, "percent_covered_display": "0", "missing_lines": 6, "excluded_lines": 0, "percent_statements_covered": 0.0, "percent_statements_covered_display": "0"}, "missing_lines": [23, 24, 25, 26, 27, 28], "excluded_lines": [], "start_line": 22}, "": {"executed_lines": [], "summary": {"covered_lines": 0, "num_statements": 10, "percent_covered": 0.0, "percent_covered_display": "0", "missing_lines": 10, "excluded_lines": 0, "percent_statements_covered": 0.0, "percent_statements_covered_display": "0"}, "missing_lines": [8, 10, 12, 13, 15, 17, 19, 22, 31, 32], "excluded_lines": [], "start_line": 1}}, "classes": {"": {"executed_lines": [], "summary": {"covered_lines": 0, "num_statements": 16, "percent_covered": 0.0, "percent_covered_display": "0", "missing_lines": 16, "excluded_lines": 0, "percent_statements_covered": 0.0, "percent_statements_covered_display": "0"}, "missing_lines": [8, 10, 12, 13, 15, 17, 19, 22, 23, 24, 25, 26, 27, 28, 31, 32], "excluded_lines": [], "start_line": 1}}}, "src\\bugsift\\workers\\sla_watch.py": {"executed_lines": [14, 16, 17, 18, 20, 21, 22, 24, 25, 26, 27, 29, 31, 32, 33, 35, 38, 41, 43, 46, 48, 50, 51, 52, 55, 58, 59, 60, 61, 62, 63, 64, 65, 68, 69, 70, 71, 72, 73, 74, 75, 77, 78, 81, 120], "summary": {"covered_lines": 45, "num_statements": 70, "percent_covered": 64.28571428571429, "percent_covered_display": "64", "missing_lines": 25, "excluded_lines": 2, "percent_statements_covered": 64.28571428571429, "percent_statements_covered_display": "64"}, "missing_lines": [42, 49, 66, 67, 83, 85, 86, 87, 88, 89, 90, 91, 92, 93, 94, 95, 110, 111, 112, 113, 116, 117, 125, 139, 140], "excluded_lines": [53, 54], "functions": {"start": {"executed_lines": [41, 43], "summary": {"covered_lines": 2, "num_statements": 3, "percent_covered": 66.66666666666667, "percent_covered_display": "67", "missing_lines": 1, "excluded_lines": 0, "percent_statements_covered": 66.66666666666667, "percent_statements_covered_display": "67"}, "missing_lines": [42], "excluded_lines": [], "start_line": 38}, "stop": {"executed_lines": [48, 50, 51, 52, 55], "summary": {"covered_lines": 5, "num_statements": 6, "percent_covered": 83.33333333333333, "percent_covered_display": "83", "missing_lines": 1, "excluded_lines": 2, "percent_statements_covered": 83.33333333333333, "percent_statements_covered_display": "83"}, "missing_lines": [49], "excluded_lines": [53, 54], "start_line": 46}, "_loop": {"executed_lines": [59, 60, 61, 62, 63, 64, 65, 68, 69, 70, 71, 72, 73, 74, 75, 77, 78], "summary": {"covered_lines": 17, "num_statements": 19, "percent_covered": 89.47368421052632, "percent_covered_display": "89", "missing_lines": 2, "excluded_lines": 0, "percent_statements_covered": 89.47368421052632, "percent_statements_covered_display": "89"}, "missing_lines": [66, 67], "excluded_lines": [], "start_line": 58}, "_scan_once": {"executed_lines": [], "summary": {"covered_lines": 0, "num_statements": 18, "percent_covered": 0.0, "percent_covered_display": "0", "missing_lines": 18, "excluded_lines": 0, "percent_statements_covered": 0.0, "percent_statements_covered_display": "0"}, "missing_lines": [83, 85, 86, 87, 88, 89, 90, 91, 92, 93, 94, 95, 110, 111, 112, 113, 116, 117], "excluded_lines": [], "start_line": 81}, "_find_breaches": {"executed_lines": [], "summary": {"covered_lines": 0, "num_statements": 3, "percent_covered": 0.0, "percent_covered_display": "0", "missing_lines": 3, "excluded_lines": 0, "percent_statements_covered": 0.0, "percent_statements_covered_display": "0"}, "missing_lines": [125, 139, 140], "excluded_lines": [], "start_line": 120}, "": {"executed_lines": [14, 16, 17, 18, 20, 21, 22, 24, 25, 26, 27, 29, 31, 32, 33, 35, 38, 46, 58, 81, 120], "summary": {"covered_lines": 21, "num_statements": 21, "percent_covered": 100.0, "percent_covered_display": "100", "missing_lines": 0, "excluded_lines": 0, "percent_statements_covered": 100.0, "percent_statements_covered_display": "100"}, "missing_lines": [], "excluded_lines": [], "start_line": 1}}, "classes": {"": {"executed_lines": [14, 16, 17, 18, 20, 21, 22, 24, 25, 26, 27, 29, 31, 32, 33, 35, 38, 41, 43, 46, 48, 50, 51, 52, 55, 58, 59, 60, 61, 62, 63, 64, 65, 68, 69, 70, 71, 72, 73, 74, 75, 77, 78, 81, 120], "summary": {"covered_lines": 45, "num_statements": 70, "percent_covered": 64.28571428571429, "percent_covered_display": "64", "missing_lines": 25, "excluded_lines": 2, "percent_statements_covered": 64.28571428571429, "percent_statements_covered_display": "64"}, "missing_lines": [42, 49, 66, 67, 83, 85, 86, 87, 88, 89, 90, 91, 92, 93, 94, 95, 110, 111, 112, 113, 116, 117, 125, 139, 140], "excluded_lines": [53, 54], "start_line": 1}}}, "src\\bugsift\\workers\\slack.py": {"executed_lines": [12, 14, 15, 17, 19, 20, 27, 28, 30, 33, 39, 119], "summary": {"covered_lines": 12, "num_statements": 58, "percent_covered": 20.689655172413794, "percent_covered_display": "21", "missing_lines": 46, "excluded_lines": 0, "percent_statements_covered": 20.689655172413794, "percent_statements_covered_display": "21"}, "missing_lines": [36, 42, 43, 44, 45, 46, 48, 49, 50, 51, 52, 53, 54, 57, 63, 64, 65, 69, 76, 77, 79, 81, 82, 84, 85, 89, 90, 91, 92, 100, 101, 107, 108, 109, 110, 123, 124, 125, 126, 127, 128, 129, 130, 131, 132, 133], "excluded_lines": [], "functions": {"notify_card_event": {"executed_lines": [], "summary": {"covered_lines": 0, "num_statements": 1, "percent_covered": 0.0, "percent_covered_display": "0", "missing_lines": 1, "excluded_lines": 0, "percent_statements_covered": 0.0, "percent_statements_covered_display": "0"}, "missing_lines": [36], "excluded_lines": [], "start_line": 33}, "_notify_card_event": {"executed_lines": [], "summary": {"covered_lines": 0, "num_statements": 34, "percent_covered": 0.0, "percent_covered_display": "0", "missing_lines": 34, "excluded_lines": 0, "percent_statements_covered": 0.0, "percent_statements_covered_display": "0"}, "missing_lines": [42, 43, 44, 45, 46, 48, 49, 50, 51, 52, 53, 54, 57, 63, 64, 65, 69, 76, 77, 79, 81, 82, 84, 85, 89, 90, 91, 92, 100, 101, 107, 108, 109, 110], "excluded_lines": [], "start_line": 39}, "_lead_report_text": {"executed_lines": [], "summary": {"covered_lines": 0, "num_statements": 11, "percent_covered": 0.0, "percent_covered_display": "0", "missing_lines": 11, "excluded_lines": 0, "percent_statements_covered": 0.0, "percent_statements_covered_display": "0"}, "missing_lines": [123, 124, 125, 126, 127, 128, 129, 130, 131, 132, 133], "excluded_lines": [], "start_line": 119}, "": {"executed_lines": [12, 14, 15, 17, 19, 20, 27, 28, 30, 33, 39, 119], "summary": {"covered_lines": 12, "num_statements": 12, "percent_covered": 100.0, "percent_covered_display": "100", "missing_lines": 0, "excluded_lines": 0, "percent_statements_covered": 100.0, "percent_statements_covered_display": "100"}, "missing_lines": [], "excluded_lines": [], "start_line": 1}}, "classes": {"": {"executed_lines": [12, 14, 15, 17, 19, 20, 27, 28, 30, 33, 39, 119], "summary": {"covered_lines": 12, "num_statements": 58, "percent_covered": 20.689655172413794, "percent_covered_display": "21", "missing_lines": 46, "excluded_lines": 0, "percent_statements_covered": 20.689655172413794, "percent_statements_covered_display": "21"}, "missing_lines": [36, 42, 43, 44, 45, 46, 48, 49, 50, 51, 52, 53, 54, 57, 63, 64, 65, 69, 76, 77, 79, 81, 82, 84, 85, 89, 90, 91, 92, 100, 101, 107, 108, 109, 110, 123, 124, 125, 126, 127, 128, 129, 130, 131, 132, 133], "excluded_lines": [], "start_line": 1}}}, "src\\bugsift\\workers\\triage.py": {"executed_lines": [8, 10, 11, 12, 13, 15, 17, 18, 19, 20, 21, 22, 23, 24, 25, 27, 29, 32, 37, 155, 181, 223, 236, 243, 256, 292], "summary": {"covered_lines": 26, "num_statements": 140, "percent_covered": 18.571428571428573, "percent_covered_display": "19", "missing_lines": 114, "excluded_lines": 0, "percent_statements_covered": 18.571428571428573, "percent_statements_covered_display": "19"}, "missing_lines": [34, 38, 39, 40, 41, 42, 43, 44, 46, 47, 50, 51, 54, 56, 57, 58, 59, 61, 68, 69, 74, 76, 77, 88, 89, 90, 91, 92, 93, 94, 101, 102, 107, 108, 112, 113, 114, 115, 116, 117, 118, 119, 120, 121, 122, 124, 125, 126, 130, 131, 140, 141, 144, 146, 147, 148, 149, 150, 152, 162, 164, 165, 166, 167, 168, 173, 174, 177, 178, 188, 190, 191, 192, 193, 194, 195, 196, 198, 199, 200, 201, 202, 203, 204, 205, 206, 207, 208, 209, 210, 211, 212, 220, 226, 227, 228, 229, 230, 231, 232, 233, 237, 238, 239, 240, 244, 245, 246, 259, 281, 282, 289, 294, 295], "excluded_lines": [], "functions": {"process_issue_opened": {"executed_lines": [], "summary": {"covered_lines": 0, "num_statements": 1, "percent_covered": 0.0, "percent_covered_display": "0", "missing_lines": 1, "excluded_lines": 0, "percent_statements_covered": 0.0, "percent_statements_covered_display": "0"}, "missing_lines": [34], "excluded_lines": [], "start_line": 32}, "_process_issue_opened": {"executed_lines": [], "summary": {"covered_lines": 0, "num_statements": 58, "percent_covered": 0.0, "percent_covered_display": "0", "missing_lines": 58, "excluded_lines": 0, "percent_statements_covered": 0.0, "percent_statements_covered_display": "0"}, "missing_lines": [38, 39, 40, 41, 42, 43, 44, 46, 47, 50, 51, 54, 56, 57, 58, 59, 61, 68, 69, 74, 76, 77, 88, 89, 90, 91, 92, 93, 94, 101, 102, 107, 108, 112, 113, 114, 115, 116, 117, 118, 119, 120, 121, 122, 124, 125, 126, 130, 131, 140, 141, 144, 146, 147, 148, 149, 150, 152], "excluded_lines": [], "start_line": 37}, "_fire_slack_events": {"executed_lines": [], "summary": {"covered_lines": 0, "num_statements": 10, "percent_covered": 0.0, "percent_covered_display": "0", "missing_lines": 10, "excluded_lines": 0, "percent_statements_covered": 0.0, "percent_statements_covered_display": "0"}, "missing_lines": [162, 164, 165, 166, 167, 168, 173, 174, 177, 178], "excluded_lines": [], "start_line": 155}, "_apply_routing_rules": {"executed_lines": [], "summary": {"covered_lines": 0, "num_statements": 24, "percent_covered": 0.0, "percent_covered_display": "0", "missing_lines": 24, "excluded_lines": 0, "percent_statements_covered": 0.0, "percent_statements_covered_display": "0"}, "missing_lines": [188, 190, 191, 192, 193, 194, 195, 196, 198, 199, 200, 201, 202, 203, 204, 205, 206, 207, 208, 209, 210, 211, 212, 220], "excluded_lines": [], "start_line": 181}, "_reproduce_languages_from_config": {"executed_lines": [], "summary": {"covered_lines": 0, "num_statements": 8, "percent_covered": 0.0, "percent_covered_display": "0", "missing_lines": 8, "excluded_lines": 0, "percent_statements_covered": 0.0, "percent_statements_covered_display": "0"}, "missing_lines": [226, 227, 228, 229, 230, 231, 232, 233], "excluded_lines": [], "start_line": 223}, "_load_user": {"executed_lines": [], "summary": {"covered_lines": 0, "num_statements": 4, "percent_covered": 0.0, "percent_covered_display": "0", "missing_lines": 4, "excluded_lines": 0, "percent_statements_covered": 0.0, "percent_statements_covered_display": "0"}, "missing_lines": [237, 238, 239, 240], "excluded_lines": [], "start_line": 236}, "_config_dict": {"executed_lines": [], "summary": {"covered_lines": 0, "num_statements": 3, "percent_covered": 0.0, "percent_covered_display": "0", "missing_lines": 3, "excluded_lines": 0, "percent_statements_covered": 0.0, "percent_statements_covered_display": "0"}, "missing_lines": [244, 245, 246], "excluded_lines": [], "start_line": 243}, "_write_card": {"executed_lines": [], "summary": {"covered_lines": 0, "num_statements": 4, "percent_covered": 0.0, "percent_covered_display": "0", "missing_lines": 4, "excluded_lines": 0, "percent_statements_covered": 0.0, "percent_statements_covered_display": "0"}, "missing_lines": [259, 281, 282, 289], "excluded_lines": [], "start_line": 256}, "_record_llm_usage": {"executed_lines": [], "summary": {"covered_lines": 0, "num_statements": 2, "percent_covered": 0.0, "percent_covered_display": "0", "missing_lines": 2, "excluded_lines": 0, "percent_statements_covered": 0.0, "percent_statements_covered_display": "0"}, "missing_lines": [294, 295], "excluded_lines": [], "start_line": 292}, "": {"executed_lines": [8, 10, 11, 12, 13, 15, 17, 18, 19, 20, 21, 22, 23, 24, 25, 27, 29, 32, 37, 155, 181, 223, 236, 243, 256, 292], "summary": {"covered_lines": 26, "num_statements": 26, "percent_covered": 100.0, "percent_covered_display": "100", "missing_lines": 0, "excluded_lines": 0, "percent_statements_covered": 100.0, "percent_statements_covered_display": "100"}, "missing_lines": [], "excluded_lines": [], "start_line": 1}}, "classes": {"": {"executed_lines": [8, 10, 11, 12, 13, 15, 17, 18, 19, 20, 21, 22, 23, 24, 25, 27, 29, 32, 37, 155, 181, 223, 236, 243, 256, 292], "summary": {"covered_lines": 26, "num_statements": 140, "percent_covered": 18.571428571428573, "percent_covered_display": "19", "missing_lines": 114, "excluded_lines": 0, "percent_statements_covered": 18.571428571428573, "percent_statements_covered_display": "19"}, "missing_lines": [34, 38, 39, 40, 41, 42, 43, 44, 46, 47, 50, 51, 54, 56, 57, 58, 59, 61, 68, 69, 74, 76, 77, 88, 89, 90, 91, 92, 93, 94, 101, 102, 107, 108, 112, 113, 114, 115, 116, 117, 118, 119, 120, 121, 122, 124, 125, 126, 130, 131, 140, 141, 144, 146, 147, 148, 149, 150, 152, 162, 164, 165, 166, 167, 168, 173, 174, 177, 178, 188, 190, 191, 192, 193, 194, 195, 196, 198, 199, 200, 201, 202, 203, 204, 205, 206, 207, 208, 209, 210, 211, 212, 220, 226, 227, 228, 229, 230, 231, 232, 233, 237, 238, 239, 240, 244, 245, 246, 259, 281, 282, 289, 294, 295], "excluded_lines": [], "start_line": 1}}}}, "totals": {"covered_lines": 4108, "num_statements": 6399, "percent_covered": 64.19753086419753, "percent_covered_display": "64", "missing_lines": 2291, "excluded_lines": 33, "percent_statements_covered": 64.19753086419753, "percent_statements_covered_display": "64"}}